mode: set
lvmsync_go/cmd/configdoc/main.go:20.26,25.34 1 1
lvmsync_go/cmd/configdoc/main.go:25.34,25.61 1 0
lvmsync_go/cmd/configdoc/main.go:29.133,31.20 2 1
lvmsync_go/cmd/configdoc/main.go:31.20,33.3 1 1
lvmsync_go/cmd/configdoc/main.go:34.2,34.21 1 1
lvmsync_go/cmd/configdoc/main.go:34.21,36.3 1 1
lvmsync_go/cmd/configdoc/main.go:37.2,37.21 1 1
lvmsync_go/cmd/configdoc/main.go:37.21,39.3 1 1
lvmsync_go/cmd/configdoc/main.go:40.2,40.23 1 1
lvmsync_go/cmd/configdoc/main.go:40.23,42.3 1 1
lvmsync_go/cmd/configdoc/main.go:43.2,43.10 1 1
lvmsync_go/cmd/configdoc/main.go:46.24,49.32 3 1
lvmsync_go/cmd/configdoc/main.go:49.32,53.3 3 1
lvmsync_go/cmd/configdoc/main.go:54.2,54.11 1 0
lvmsync_go/cmd/configdoc/main.go:57.13,57.34 1 0
lvmsync_go/cmd/configdoc/main.go:59.18,61.16 2 1
lvmsync_go/cmd/configdoc/main.go:61.16,63.3 1 0
lvmsync_go/cmd/configdoc/main.go:64.2,66.16 3 1
lvmsync_go/cmd/configdoc/main.go:66.16,68.3 1 1
lvmsync_go/cmd/configdoc/main.go:69.2,69.63 1 1
lvmsync_go/cmd/configdoc/main.go:69.63,71.3 1 0
lvmsync_go/cmd/configdoc/main.go:72.2,72.12 1 1
lvmsync_go/cmd/configdoc/main.go:75.35,77.16 2 1
lvmsync_go/cmd/configdoc/main.go:77.16,79.3 1 1
lvmsync_go/cmd/configdoc/main.go:80.2,80.58 1 1
lvmsync_go/cmd/configdoc/main.go:83.37,85.16 2 1
lvmsync_go/cmd/configdoc/main.go:85.16,87.3 1 0
lvmsync_go/cmd/configdoc/main.go:88.2,88.6 1 1
lvmsync_go/cmd/configdoc/main.go:88.6,89.66 1 1
lvmsync_go/cmd/configdoc/main.go:89.66,91.4 1 1
lvmsync_go/cmd/configdoc/main.go:92.3,93.20 2 1
lvmsync_go/cmd/configdoc/main.go:93.20,95.4 1 1
lvmsync_go/cmd/configdoc/main.go:96.3,96.15 1 1
lvmsync_go/app/app.go:21.26,26.2 1 1
lvmsync_go/app/app.go:28.46,30.17 2 1
lvmsync_go/app/app.go:30.17,32.3 1 0
lvmsync_go/app/app.go:33.2,33.32 1 1
lvmsync_go/app/app.go:33.32,35.3 1 1
lvmsync_go/app/app.go:36.2,36.33 1 1
lvmsync_go/app/app.go:36.33,38.3 1 1
lvmsync_go/app/app.go:39.2,39.10 1 1
lvmsync_go/app/app.go:42.150,48.2 5 1
lvmsync_go/app/app.go:50.154,52.2 1 1
lvmsync_go/app/app.go:54.138,56.2 1 0
lvmsync_go/app/app.go:58.142,60.2 1 0
lvmsync_go/cmd/lvmsync/cobra.go:45.82,47.2 1 1
lvmsync_go/cmd/lvmsync/cobra.go:50.95,52.2 1 1
lvmsync_go/cmd/lvmsync/cobra.go:55.66,57.2 1 1
lvmsync_go/cmd/lvmsync/cobra.go:60.26,62.73 1 1
lvmsync_go/cmd/lvmsync/cobra.go:62.73,62.87 1 1
lvmsync_go/cmd/lvmsync/cobra.go:63.86,64.18 1 0
lvmsync_go/cmd/lvmsync/cobra.go:64.18,67.5 2 0
lvmsync_go/cmd/lvmsync/cobra.go:68.4,69.18 2 0
lvmsync_go/cmd/lvmsync/cobra.go:69.18,71.5 1 0
lvmsync_go/cmd/lvmsync/cobra.go:72.4,73.31 2 0
lvmsync_go/cmd/lvmsync/cobra.go:73.31,77.5 3 0
lvmsync_go/cmd/lvmsync/cobra.go:78.4,79.33 2 0
lvmsync_go/cmd/lvmsync/cobra.go:79.33,81.5 1 0
lvmsync_go/cmd/lvmsync/cobra.go:82.4,93.5 1 0
lvmsync_go/cmd/lvmsync/cobra.go:95.57,95.95 1 0
lvmsync_go/cmd/lvmsync/cobra.go:104.11,106.16 2 1
lvmsync_go/cmd/lvmsync/cobra.go:106.16,108.3 1 1
lvmsync_go/cmd/lvmsync/cobra.go:109.2,109.20 1 1
lvmsync_go/cmd/lvmsync/cobra.go:109.20,111.3 1 1
lvmsync_go/cmd/lvmsync/cobra.go:112.2,112.19 1 1
lvmsync_go/cmd/lvmsync/cobra.go:112.19,114.3 1 1
lvmsync_go/cmd/lvmsync/cobra.go:115.2,115.10 1 1
lvmsync_go/cmd/lvmsync/cobra.go:119.63,120.14 1 1
lvmsync_go/cmd/lvmsync/cobra.go:120.14,122.3 1 1
lvmsync_go/cmd/lvmsync/cobra.go:123.2,132.55 2 1
lvmsync_go/cmd/lvmsync/cobra.go:132.55,134.18 2 1
lvmsync_go/cmd/lvmsync/cobra.go:134.18,136.5 1 0
lvmsync_go/cmd/lvmsync/cobra.go:137.4,140.18 4 1
lvmsync_go/cmd/lvmsync/cobra.go:140.18,142.5 1 1
lvmsync_go/cmd/lvmsync/cobra.go:143.4,143.28 1 1
lvmsync_go/cmd/lvmsync/cobra.go:143.28,145.12 2 1
lvmsync_go/cmd/lvmsync/cobra.go:146.61,151.7 2 0
lvmsync_go/cmd/lvmsync/cobra.go:152.56,153.77 1 1
lvmsync_go/cmd/lvmsync/cobra.go:155.5,155.52 1 1
lvmsync_go/cmd/lvmsync/cobra.go:157.4,157.27 1 1
lvmsync_go/cmd/lvmsync/cobra.go:157.27,160.5 2 0
lvmsync_go/cmd/lvmsync/cobra.go:161.4,161.22 1 1
lvmsync_go/cmd/lvmsync/cobra.go:161.22,163.25 2 1
lvmsync_go/cmd/lvmsync/cobra.go:163.25,165.6 1 1
lvmsync_go/cmd/lvmsync/cobra.go:166.5,166.19 1 1
lvmsync_go/cmd/lvmsync/cobra.go:166.19,168.6 1 0
lvmsync_go/cmd/lvmsync/cobra.go:169.5,170.35 2 1
lvmsync_go/cmd/lvmsync/cobra.go:172.4,172.18 1 1
lvmsync_go/cmd/lvmsync/cobra.go:172.18,173.71 1 1
lvmsync_go/cmd/lvmsync/cobra.go:173.71,175.6 1 0
lvmsync_go/cmd/lvmsync/cobra.go:176.5,176.15 1 1
lvmsync_go/cmd/lvmsync/cobra.go:178.4,190.58 2 1
lvmsync_go/cmd/lvmsync/cobra.go:194.2,203.55 2 1
lvmsync_go/cmd/lvmsync/cobra.go:203.55,205.18 2 1
lvmsync_go/cmd/lvmsync/cobra.go:205.18,207.5 1 0
lvmsync_go/cmd/lvmsync/cobra.go:208.4,216.18 9 1
lvmsync_go/cmd/lvmsync/cobra.go:216.18,218.5 1 1
lvmsync_go/cmd/lvmsync/cobra.go:219.4,219.28 1 1
lvmsync_go/cmd/lvmsync/cobra.go:219.28,221.12 2 0
lvmsync_go/cmd/lvmsync/cobra.go:222.61,227.7 2 0
lvmsync_go/cmd/lvmsync/cobra.go:228.56,229.77 1 0
lvmsync_go/cmd/lvmsync/cobra.go:231.5,231.52 1 0
lvmsync_go/cmd/lvmsync/cobra.go:233.4,233.27 1 1
lvmsync_go/cmd/lvmsync/cobra.go:233.27,236.5 2 0
lvmsync_go/cmd/lvmsync/cobra.go:237.4,237.55 1 1
lvmsync_go/cmd/lvmsync/cobra.go:240.2,246.55 2 1
lvmsync_go/cmd/lvmsync/cobra.go:246.55,248.4 1 1
lvmsync_go/cmd/lvmsync/cobra.go:251.2,252.16 2 1
lvmsync_go/cmd/lvmsync/cobra.go:257.55,259.2 1 0
lvmsync_go/cmd/lvmsync/cobra.go:263.76,266.17 3 1
lvmsync_go/cmd/lvmsync/cobra.go:266.17,268.3 1 1
lvmsync_go/cmd/lvmsync/cobra.go:269.2,269.22 1 1
lvmsync_go/cmd/lvmsync/cobra.go:272.81,274.16 2 1
lvmsync_go/cmd/lvmsync/cobra.go:274.16,276.3 1 1
lvmsync_go/cmd/lvmsync/cobra.go:277.2,279.28 2 1
lvmsync_go/cmd/lvmsync/cobra.go:279.28,288.3 3 1
lvmsync_go/cmd/lvmsync/cobra.go:290.2,291.16 2 1
lvmsync_go/cmd/lvmsync/cobra.go:291.16,293.3 1 1
lvmsync_go/cmd/lvmsync/cobra.go:294.2,297.16 3 1
lvmsync_go/cmd/lvmsync/cobra.go:297.16,299.3 1 0
lvmsync_go/cmd/lvmsync/cobra.go:300.2,304.19 4 1
lvmsync_go/cmd/lvmsync/cobra.go:304.19,306.3 1 0
lvmsync_go/cmd/lvmsync/cobra.go:307.2,308.37 2 1
lvmsync_go/cmd/lvmsync/cobra.go:308.37,310.3 1 0
lvmsync_go/cmd/lvmsync/cobra.go:312.2,313.39 2 1
lvmsync_go/cmd/lvmsync/cobra.go:313.39,315.23 2 1
lvmsync_go/cmd/lvmsync/cobra.go:315.23,317.4 1 0
lvmsync_go/cmd/lvmsync/cobra.go:318.3,319.17 2 1
lvmsync_go/cmd/lvmsync/cobra.go:319.17,321.4 1 0
lvmsync_go/cmd/lvmsync/cobra.go:322.3,324.34 3 1
lvmsync_go/cmd/lvmsync/cobra.go:324.34,326.4 1 0
lvmsync_go/cmd/lvmsync/cobra.go:327.3,330.60 4 1
lvmsync_go/cmd/lvmsync/cobra.go:330.60,330.77 1 1
lvmsync_go/cmd/lvmsync/cobra.go:330.79,332.4 1 1
lvmsync_go/cmd/lvmsync/cobra.go:333.3,333.20 1 1
lvmsync_go/cmd/lvmsync/cobra.go:333.20,334.9 1 0
lvmsync_go/cmd/lvmsync/cobra.go:338.2,339.17 2 1
lvmsync_go/cmd/lvmsync/cobra.go:339.17,341.3 1 1
lvmsync_go/cmd/lvmsync/cobra.go:342.2,351.12 4 1
lvmsync_go/cmd/lvmsync/signals/signals.go:25.158,27.2 1 0
lvmsync_go/cmd/lvmsync/signals/signals.go:35.26,35.80 1 0
lvmsync_go/cmd/lvmsync/signals/signals.go:38.89,40.2 1 1
lvmsync_go/cmd/lvmsync/signals/signals.go:44.154,47.87 3 1
lvmsync_go/cmd/lvmsync/signals/signals.go:47.87,50.72 3 1
lvmsync_go/cmd/lvmsync/signals/signals.go:50.72,52.4 1 1
lvmsync_go/cmd/lvmsync/signals/signals.go:52.9,54.4 1 1
lvmsync_go/cmd/lvmsync/signals/signals.go:56.2,56.49 1 1
lvmsync_go/cmd/lvmsyncd/lvmsyncd.go:45.54,47.25 2 1
lvmsync_go/cmd/lvmsyncd/lvmsyncd.go:47.25,48.14 1 1
lvmsync_go/cmd/lvmsyncd/lvmsyncd.go:48.14,50.4 1 1
lvmsync_go/cmd/lvmsyncd/lvmsyncd.go:52.2,52.10 1 1
lvmsync_go/cmd/lvmsyncd/lvmsyncd.go:55.43,68.2 1 1
lvmsync_go/cmd/lvmsyncd/lvmsyncd.go:70.58,83.41 13 1
lvmsync_go/cmd/lvmsyncd/lvmsyncd.go:83.41,85.3 1 0
lvmsync_go/cmd/lvmsyncd/lvmsyncd.go:86.2,89.12 4 1
lvmsync_go/cmd/lvmsyncd/lvmsyncd.go:92.51,99.52 3 1
lvmsync_go/cmd/lvmsyncd/lvmsyncd.go:99.52,104.4 4 1
lvmsync_go/cmd/lvmsyncd/lvmsyncd.go:106.2,106.42 1 1
lvmsync_go/cmd/lvmsyncd/lvmsyncd.go:106.42,108.3 1 0
lvmsync_go/cmd/lvmsyncd/lvmsyncd.go:109.2,110.22 2 1
lvmsync_go/cmd/lvmsyncd/lvmsyncd.go:115.57,115.84 1 0
lvmsync_go/cmd/lvmsyncd/lvmsyncd.go:116.57,116.86 1 0
lvmsync_go/cmd/lvmsyncd/lvmsyncd.go:117.57,117.71 1 0
lvmsync_go/cmd/lvmsyncd/lvmsyncd.go:118.57,118.86 1 0
lvmsync_go/cmd/lvmsyncd/lvmsyncd.go:119.57,119.86 1 0
lvmsync_go/cmd/lvmsyncd/lvmsyncd.go:120.57,120.71 1 0
lvmsync_go/cmd/lvmsyncd/lvmsyncd.go:121.57,121.71 1 0
lvmsync_go/cmd/lvmsyncd/lvmsyncd.go:122.57,122.71 1 0
lvmsync_go/cmd/lvmsyncd/lvmsyncd.go:126.37,126.57 1 0
lvmsync_go/cmd/lvmsyncd/lvmsyncd.go:127.37,127.57 1 0
lvmsync_go/cmd/lvmsyncd/lvmsyncd.go:134.58,136.28 2 1
lvmsync_go/cmd/lvmsyncd/lvmsyncd.go:136.28,137.14 1 1
lvmsync_go/cmd/lvmsyncd/lvmsyncd.go:137.14,138.12 1 0
lvmsync_go/cmd/lvmsyncd/lvmsyncd.go:140.3,141.17 2 1
lvmsync_go/cmd/lvmsyncd/lvmsyncd.go:141.17,143.4 1 0
lvmsync_go/cmd/lvmsyncd/lvmsyncd.go:144.3,144.21 1 1
lvmsync_go/cmd/lvmsyncd/lvmsyncd.go:144.21,146.4 1 0
lvmsync_go/cmd/lvmsyncd/lvmsyncd.go:147.3,148.17 2 1
lvmsync_go/cmd/lvmsyncd/lvmsyncd.go:148.17,150.4 1 0
lvmsync_go/cmd/lvmsyncd/lvmsyncd.go:151.3,151.66 1 1
lvmsync_go/cmd/lvmsyncd/lvmsyncd.go:153.2,153.19 1 1
lvmsync_go/cmd/lvmsyncd/lvmsyncd.go:156.73,158.25 2 1
lvmsync_go/cmd/lvmsyncd/lvmsyncd.go:158.25,159.122 1 1
lvmsync_go/cmd/lvmsyncd/lvmsyncd.go:159.122,161.4 1 1
lvmsync_go/cmd/lvmsyncd/lvmsyncd.go:162.8,164.3 1 1
lvmsync_go/cmd/lvmsyncd/lvmsyncd.go:165.2,165.51 1 1
lvmsync_go/cmd/lvmsyncd/lvmsyncd.go:165.51,167.17 2 0
lvmsync_go/cmd/lvmsyncd/lvmsyncd.go:167.17,169.4 1 0
lvmsync_go/cmd/lvmsyncd/lvmsyncd.go:170.3,170.24 1 0
lvmsync_go/cmd/lvmsyncd/lvmsyncd.go:172.2,172.51 1 1
lvmsync_go/cmd/lvmsyncd/lvmsyncd.go:172.51,174.17 2 0
lvmsync_go/cmd/lvmsyncd/lvmsyncd.go:174.17,176.4 1 0
lvmsync_go/cmd/lvmsyncd/lvmsyncd.go:177.3,177.24 1 0
lvmsync_go/cmd/lvmsyncd/lvmsyncd.go:179.2,179.23 1 1
lvmsync_go/cmd/lvmsyncd/lvmsyncd.go:179.23,181.17 2 0
lvmsync_go/cmd/lvmsyncd/lvmsyncd.go:181.17,183.4 1 0
lvmsync_go/cmd/lvmsyncd/lvmsyncd.go:184.3,185.37 2 0
lvmsync_go/cmd/lvmsyncd/lvmsyncd.go:185.37,187.4 1 0
lvmsync_go/cmd/lvmsyncd/lvmsyncd.go:188.3,188.20 1 0
lvmsync_go/cmd/lvmsyncd/lvmsyncd.go:190.2,191.16 2 1
lvmsync_go/cmd/lvmsyncd/lvmsyncd.go:191.16,193.3 1 0
lvmsync_go/cmd/lvmsyncd/lvmsyncd.go:194.2,194.30 1 1
lvmsync_go/cmd/lvmsyncd/lvmsyncd.go:194.30,196.21 2 0
lvmsync_go/cmd/lvmsyncd/lvmsyncd.go:196.21,198.4 1 0
lvmsync_go/cmd/lvmsyncd/lvmsyncd.go:199.3,200.17 2 0
lvmsync_go/cmd/lvmsyncd/lvmsyncd.go:200.17,202.4 1 0
lvmsync_go/cmd/lvmsyncd/lvmsyncd.go:203.3,204.57 2 0
lvmsync_go/cmd/lvmsyncd/lvmsyncd.go:206.2,206.21 1 1
lvmsync_go/cmd/lvmsyncd/lvmsyncd.go:206.21,208.17 2 0
lvmsync_go/cmd/lvmsyncd/lvmsyncd.go:208.17,210.4 1 0
lvmsync_go/cmd/lvmsyncd/lvmsyncd.go:211.3,211.25 1 0
lvmsync_go/cmd/lvmsyncd/lvmsyncd.go:211.25,213.18 2 0
lvmsync_go/cmd/lvmsyncd/lvmsyncd.go:213.18,215.5 1 0
lvmsync_go/cmd/lvmsyncd/lvmsyncd.go:216.4,218.33 3 0
lvmsync_go/cmd/lvmsyncd/lvmsyncd.go:218.33,220.30 2 0
lvmsync_go/cmd/lvmsyncd/lvmsyncd.go:220.30,222.10 2 0
lvmsync_go/cmd/lvmsyncd/lvmsyncd.go:222.10,224.21 2 0
lvmsync_go/cmd/lvmsyncd/lvmsyncd.go:224.21,225.28 1 0
lvmsync_go/cmd/lvmsyncd/lvmsyncd.go:225.28,227.9 1 0
lvmsync_go/cmd/lvmsyncd/lvmsyncd.go:228.8,229.14 2 0
lvmsync_go/cmd/lvmsyncd/lvmsyncd.go:231.7,231.54 1 0
lvmsync_go/cmd/lvmsyncd/lvmsyncd.go:235.4,236.11 2 0
lvmsync_go/cmd/lvmsyncd/lvmsyncd.go:237.22,240.21 3 0
lvmsync_go/cmd/lvmsyncd/lvmsyncd.go:241.24,242.15 1 0
lvmsync_go/cmd/lvmsyncd/lvmsyncd.go:245.3,245.45 1 0
lvmsync_go/cmd/lvmsyncd/lvmsyncd.go:247.2,249.27 3 1
lvmsync_go/cmd/lvmsyncd/lvmsyncd.go:249.27,251.17 2 1
lvmsync_go/cmd/lvmsyncd/lvmsyncd.go:251.17,253.4 1 0
lvmsync_go/cmd/lvmsyncd/lvmsyncd.go:254.3,254.20 1 1
lvmsync_go/cmd/lvmsyncd/lvmsyncd.go:254.20,256.4 1 0
lvmsync_go/cmd/lvmsyncd/lvmsyncd.go:257.3,258.17 2 1
lvmsync_go/cmd/lvmsyncd/lvmsyncd.go:258.17,260.4 1 0
lvmsync_go/cmd/lvmsyncd/lvmsyncd.go:261.3,262.52 2 1
lvmsync_go/cmd/lvmsyncd/lvmsyncd.go:262.52,264.8 2 1
lvmsync_go/cmd/lvmsyncd/lvmsyncd.go:264.8,266.19 2 1
lvmsync_go/cmd/lvmsyncd/lvmsyncd.go:266.19,267.26 1 1
lvmsync_go/cmd/lvmsyncd/lvmsyncd.go:267.26,269.7 1 1
lvmsync_go/cmd/lvmsyncd/lvmsyncd.go:270.6,271.12 2 0
lvmsync_go/cmd/lvmsyncd/lvmsyncd.go:273.5,273.52 1 0
lvmsync_go/cmd/lvmsyncd/lvmsyncd.go:277.2,277.9 1 1
lvmsync_go/cmd/lvmsyncd/lvmsyncd.go:278.20,280.19 2 1
lvmsync_go/cmd/lvmsyncd/lvmsyncd.go:281.22,282.13 1 0
lvmsync_go/cmd/lvmsyncd/lvmsyncd.go:286.132,289.15 3 1
lvmsync_go/cmd/lvmsyncd/lvmsyncd.go:289.15,292.3 2 1
lvmsync_go/cmd/lvmsyncd/lvmsyncd.go:293.2,293.89 1 1
lvmsync_go/cmd/lvmsyncd/lvmsyncd.go:293.89,296.3 2 0
lvmsync_go/cmd/lvmsyncd/lvmsyncd.go:297.2,299.16 3 1
lvmsync_go/cmd/lvmsyncd/lvmsyncd.go:299.16,301.3 1 0
lvmsync_go/cmd/lvmsyncd/lvmsyncd.go:302.2,303.32 2 1
lvmsync_go/cmd/lvmsyncd/lvmsyncd.go:303.32,306.3 2 1
lvmsync_go/cmd/lvmsyncd/lvmsyncd.go:307.2,308.12 2 1
lvmsync_go/cmd/lvmsyncd/lvmsyncd.go:311.13,313.49 2 0
lvmsync_go/cmd/lvmsyncd/lvmsyncd.go:313.49,315.3 1 0
lvmsync_go/cmd/privdrop/main.go:16.26,21.2 1 0
lvmsync_go/cmd/privdrop/main.go:23.138,25.2 1 1
lvmsync_go/cmd/privdrop/main.go:27.46,29.16 2 1
lvmsync_go/cmd/privdrop/main.go:29.16,32.3 2 1
lvmsync_go/cmd/privdrop/main.go:33.2,33.14 1 1
lvmsync_go/cmd/privdrop/main.go:33.14,35.3 1 1
lvmsync_go/cmd/privdrop/main.go:37.2,37.74 1 1
lvmsync_go/cmd/privdrop/main.go:37.74,40.3 2 1
lvmsync_go/cmd/privdrop/main.go:42.2,43.10 2 1
lvmsync_go/cmd/privdrop/main.go:46.13,52.2 4 0
lvmsync_go/cmd/manifest/rebuild.go:24.26,26.2 1 1
lvmsync_go/cmd/manifest/rebuild.go:33.11,35.2 1 1
lvmsync_go/cmd/manifest/rebuild.go:37.13,40.2 2 1
lvmsync_go/cmd/manifest/rebuild.go:43.83,45.20 2 1
lvmsync_go/cmd/manifest/rebuild.go:45.20,49.3 3 1
lvmsync_go/cmd/manifest/rebuild.go:50.2,50.17 1 1
lvmsync_go/cmd/manifest/rebuild.go:51.17,60.17 9 1
lvmsync_go/cmd/manifest/rebuild.go:60.17,62.4 1 1
lvmsync_go/cmd/manifest/rebuild.go:63.3,63.27 1 1
lvmsync_go/cmd/manifest/rebuild.go:63.27,65.4 1 0
lvmsync_go/cmd/manifest/rebuild.go:66.3,66.26 1 1
lvmsync_go/cmd/manifest/rebuild.go:66.26,69.4 2 1
lvmsync_go/cmd/manifest/rebuild.go:70.3,72.17 3 1
lvmsync_go/cmd/manifest/rebuild.go:72.17,74.4 1 1
lvmsync_go/cmd/manifest/rebuild.go:75.3,76.18 2 1
lvmsync_go/cmd/manifest/rebuild.go:76.18,79.4 2 1
lvmsync_go/cmd/manifest/rebuild.go:80.3,82.31 3 1
lvmsync_go/cmd/manifest/rebuild.go:82.31,85.4 2 1
lvmsync_go/cmd/manifest/rebuild.go:86.3,87.33 2 1
lvmsync_go/cmd/manifest/rebuild.go:87.33,89.4 1 0
lvmsync_go/cmd/manifest/rebuild.go:90.3,90.196 1 1
lvmsync_go/cmd/manifest/rebuild.go:90.196,93.4 2 0
lvmsync_go/cmd/manifest/rebuild.go:94.3,95.13 2 1
lvmsync_go/cmd/manifest/rebuild.go:96.12,97.21 1 1
lvmsync_go/cmd/manifest/rebuild.go:97.21,101.4 3 1
lvmsync_go/cmd/manifest/rebuild.go:102.3,104.17 3 1
lvmsync_go/cmd/manifest/rebuild.go:104.17,107.4 2 0
lvmsync_go/cmd/manifest/rebuild.go:108.3,108.36 1 1
lvmsync_go/cmd/manifest/rebuild.go:108.36,111.4 2 0
lvmsync_go/cmd/manifest/rebuild.go:112.3,113.13 2 1
lvmsync_go/cmd/manifest/rebuild.go:114.17,115.21 1 1
lvmsync_go/cmd/manifest/rebuild.go:115.21,119.4 3 1
lvmsync_go/cmd/manifest/rebuild.go:120.3,122.17 3 1
lvmsync_go/cmd/manifest/rebuild.go:122.17,125.4 2 0
lvmsync_go/cmd/manifest/rebuild.go:126.3,126.41 1 1
lvmsync_go/cmd/manifest/rebuild.go:126.41,129.4 2 0
lvmsync_go/cmd/manifest/rebuild.go:130.3,131.13 2 1
lvmsync_go/cmd/manifest/rebuild.go:132.10,135.68 3 0
lvmsync_go/cmd/manifest/rebuild.go:140.71,142.2 1 1
lvmsync_go/main.go:27.26,33.37 1 0
lvmsync_go/main.go:33.37,35.18 2 0
lvmsync_go/main.go:35.18,37.5 1 0
lvmsync_go/main.go:38.4,38.17 1 0
lvmsync_go/main.go:52.11,61.2 1 1
lvmsync_go/main.go:64.24,65.23 1 1
lvmsync_go/main.go:65.23,71.3 5 1
lvmsync_go/main.go:73.2,74.16 2 1
lvmsync_go/main.go:74.16,80.3 5 1
lvmsync_go/main.go:81.2,81.53 1 1
lvmsync_go/main.go:81.53,86.3 4 1
lvmsync_go/main.go:87.2,88.21 2 1
lvmsync_go/main.go:91.13,93.2 1 0
lvmsync_go/version.go:6.13,6.28 1 1
lvmsync_go/cmd/serve/serve.go:25.26,30.33 1 1
lvmsync_go/cmd/serve/serve.go:30.33,33.18 2 0
lvmsync_go/cmd/serve/serve.go:33.18,35.5 1 0
lvmsync_go/cmd/serve/serve.go:36.4,36.17 1 0
lvmsync_go/cmd/serve/serve.go:41.152,43.20 2 1
lvmsync_go/cmd/serve/serve.go:43.20,45.3 1 0
lvmsync_go/cmd/serve/serve.go:46.2,46.21 1 1
lvmsync_go/cmd/serve/serve.go:46.21,48.3 1 1
lvmsync_go/cmd/serve/serve.go:49.2,49.21 1 1
lvmsync_go/cmd/serve/serve.go:49.21,51.3 1 1
lvmsync_go/cmd/serve/serve.go:52.2,52.23 1 1
lvmsync_go/cmd/serve/serve.go:52.23,54.3 1 1
lvmsync_go/cmd/serve/serve.go:55.2,55.10 1 1
lvmsync_go/cmd/serve/serve.go:58.37,63.2 4 1
lvmsync_go/cmd/serve/serve.go:65.52,69.50 1 1
lvmsync_go/cmd/serve/serve.go:69.50,72.4 2 1
lvmsync_go/cmd/serve/serve.go:76.2,76.53 1 1
lvmsync_go/cmd/serve/serve.go:76.53,78.3 1 0
lvmsync_go/cmd/serve/serve.go:79.2,79.12 1 1
lvmsync_go/cmd/serve/serve.go:82.49,85.38 3 1
lvmsync_go/cmd/serve/serve.go:85.38,87.3 1 1
lvmsync_go/cmd/serve/serve.go:88.2,88.10 1 0
lvmsync_go/cmd/serve/serve.go:91.13,91.45 1 0
lvmsync_go/cmd/root/plan.go:40.54,41.16 1 1
lvmsync_go/cmd/root/plan.go:41.16,43.3 1 0
lvmsync_go/cmd/root/plan.go:44.2,53.12 10 1
lvmsync_go/cmd/root/plan.go:56.76,57.19 1 0
lvmsync_go/cmd/root/plan.go:57.19,59.3 1 0
lvmsync_go/cmd/root/plan.go:60.2,61.16 2 0
lvmsync_go/cmd/root/plan.go:61.16,63.3 1 0
lvmsync_go/cmd/root/plan.go:64.2,72.23 4 0
lvmsync_go/cmd/root/plan.go:75.74,77.16 2 0
lvmsync_go/cmd/root/plan.go:77.16,79.3 1 0
lvmsync_go/cmd/root/plan.go:80.2,81.28 2 0
lvmsync_go/cmd/root/plan.go:81.28,83.3 1 0
lvmsync_go/cmd/root/plan.go:84.2,85.16 2 0
lvmsync_go/cmd/root/plan.go:85.16,87.3 1 0
lvmsync_go/cmd/root/plan.go:88.2,90.16 3 0
lvmsync_go/cmd/root/plan.go:90.16,92.3 1 0
lvmsync_go/cmd/root/plan.go:93.2,96.19 4 0
lvmsync_go/cmd/root/plan.go:96.19,98.3 1 0
lvmsync_go/cmd/root/plan.go:99.2,100.37 2 0
lvmsync_go/cmd/root/plan.go:100.37,102.3 1 0
lvmsync_go/cmd/root/plan.go:103.2,104.39 2 0
lvmsync_go/cmd/root/plan.go:104.39,106.23 2 0
lvmsync_go/cmd/root/plan.go:106.23,108.4 1 0
lvmsync_go/cmd/root/plan.go:109.3,110.17 2 0
lvmsync_go/cmd/root/plan.go:110.17,112.4 1 0
lvmsync_go/cmd/root/plan.go:113.3,115.34 3 0
lvmsync_go/cmd/root/plan.go:115.34,117.4 1 0
lvmsync_go/cmd/root/plan.go:118.3,121.60 4 0
lvmsync_go/cmd/root/plan.go:121.60,121.77 1 0
lvmsync_go/cmd/root/plan.go:121.79,123.4 1 0
lvmsync_go/cmd/root/plan.go:124.3,124.20 1 0
lvmsync_go/cmd/root/plan.go:124.20,125.9 1 0
lvmsync_go/cmd/root/plan.go:128.2,129.17 2 0
lvmsync_go/cmd/root/plan.go:129.17,131.3 1 0
lvmsync_go/cmd/root/plan.go:132.2,133.23 2 0
lvmsync_go/cmd/root/plan.go:136.74,138.43 2 0
lvmsync_go/cmd/root/plan.go:138.43,140.3 1 0
lvmsync_go/cmd/root/plan.go:141.2,143.57 3 0
lvmsync_go/cmd/root/plan.go:143.57,145.27 2 0
lvmsync_go/cmd/root/plan.go:145.27,146.13 1 0
lvmsync_go/cmd/root/plan.go:146.13,149.5 2 0
lvmsync_go/cmd/root/plan.go:151.8,151.30 1 0
lvmsync_go/cmd/root/plan.go:151.30,154.3 2 0
lvmsync_go/cmd/root/plan.go:155.2,155.12 1 0
lvmsync_go/cmd/root/plan.go:158.96,159.42 1 0
lvmsync_go/cmd/root/plan.go:159.42,160.19 1 0
lvmsync_go/cmd/root/plan.go:161.14,162.21 1 0
lvmsync_go/cmd/root/plan.go:162.21,164.5 1 0
lvmsync_go/cmd/root/plan.go:165.4,165.26 1 0
lvmsync_go/cmd/root/plan.go:166.15,167.22 1 0
lvmsync_go/cmd/root/plan.go:167.22,169.5 1 0
lvmsync_go/cmd/root/plan.go:170.4,170.28 1 0
lvmsync_go/cmd/root/plan.go:171.11,172.29 1 0
lvmsync_go/cmd/root/plan.go:175.2,175.28 1 0
lvmsync_go/cmd/root/plan.go:175.28,176.20 1 0
lvmsync_go/cmd/root/plan.go:176.20,178.4 1 0
lvmsync_go/cmd/root/plan.go:179.3,179.25 1 0
lvmsync_go/cmd/root/plan.go:181.2,181.52 1 0
lvmsync_go/cmd/root/plan.go:181.52,182.21 1 0
lvmsync_go/cmd/root/plan.go:182.21,184.4 1 0
lvmsync_go/cmd/root/plan.go:184.9,184.39 1 0
lvmsync_go/cmd/root/plan.go:184.39,186.4 1 0
lvmsync_go/cmd/root/plan.go:187.3,187.27 1 0
lvmsync_go/cmd/root/plan.go:189.2,189.19 1 0
lvmsync_go/cmd/root/plan.go:189.19,191.3 1 0
lvmsync_go/cmd/root/plan.go:192.2,192.24 1 0
lvmsync_go/cmd/root/plan.go:195.35,197.42 2 0
lvmsync_go/cmd/root/plan.go:197.42,199.14 2 0
lvmsync_go/cmd/root/plan.go:199.14,201.4 1 0
lvmsync_go/cmd/root/plan.go:203.2,203.12 1 0
lvmsync_go/cmd/root/root.go:39.26,44.96 1 1
lvmsync_go/cmd/root/root.go:44.96,46.4 1 1
lvmsync_go/cmd/root/root.go:47.119,49.4 1 0
lvmsync_go/cmd/root/root.go:50.84,52.4 1 0
lvmsync_go/cmd/root/root.go:53.62,55.4 1 0
lvmsync_go/cmd/root/root.go:60.46,62.17 2 1
lvmsync_go/cmd/root/root.go:62.17,64.3 1 0
lvmsync_go/cmd/root/root.go:65.2,65.37 1 1
lvmsync_go/cmd/root/root.go:65.37,67.3 1 1
lvmsync_go/cmd/root/root.go:68.2,68.35 1 1
lvmsync_go/cmd/root/root.go:68.35,70.3 1 1
lvmsync_go/cmd/root/root.go:71.2,71.33 1 1
lvmsync_go/cmd/root/root.go:71.33,73.3 1 1
lvmsync_go/cmd/root/root.go:74.2,74.35 1 1
lvmsync_go/cmd/root/root.go:74.35,76.3 1 1
lvmsync_go/cmd/root/root.go:77.2,77.27 1 1
lvmsync_go/cmd/root/root.go:77.27,79.3 1 0
lvmsync_go/cmd/root/root.go:80.2,80.31 1 1
lvmsync_go/cmd/root/root.go:80.31,82.3 1 1
lvmsync_go/cmd/root/root.go:83.2,83.29 1 1
lvmsync_go/cmd/root/root.go:83.29,85.3 1 1
lvmsync_go/cmd/root/root.go:86.2,86.10 1 1
lvmsync_go/cmd/root/root.go:92.106,94.2 1 0
lvmsync_go/cmd/root/root.go:97.97,99.2 1 0
lvmsync_go/cmd/root/root.go:102.77,104.2 1 0
lvmsync_go/cmd/root/root.go:107.59,109.2 1 0
lvmsync_go/cmd/root/root.go:112.37,113.38 1 1
lvmsync_go/cmd/root/root.go:113.38,115.3 1 1
lvmsync_go/cmd/root/root.go:121.101,123.16 2 1
lvmsync_go/cmd/root/root.go:123.16,125.3 1 0
lvmsync_go/cmd/root/root.go:126.2,129.16 4 1
lvmsync_go/cmd/root/root.go:129.16,131.3 1 1
lvmsync_go/cmd/root/root.go:132.2,132.37 1 1
lvmsync_go/cmd/root/root.go:132.37,133.42 1 1
lvmsync_go/cmd/root/root.go:133.42,137.36 4 0
lvmsync_go/cmd/root/root.go:137.36,139.5 1 0
lvmsync_go/cmd/root/root.go:140.9,142.4 1 1
lvmsync_go/cmd/root/root.go:144.2,146.16 3 1
lvmsync_go/cmd/root/root.go:146.16,148.3 1 1
lvmsync_go/cmd/root/root.go:149.2,149.39 1 1
lvmsync_go/cmd/root/root.go:149.39,151.3 1 1
lvmsync_go/cmd/root/root.go:152.2,152.38 1 1
lvmsync_go/cmd/root/root.go:152.38,154.3 1 0
lvmsync_go/cmd/root/root.go:155.2,156.16 2 1
lvmsync_go/cmd/root/root.go:156.16,158.3 1 0
lvmsync_go/cmd/root/root.go:159.2,159.26 1 1
lvmsync_go/cmd/root/root.go:159.26,161.10 2 0
lvmsync_go/cmd/root/root.go:162.59,167.5 2 0
lvmsync_go/cmd/root/root.go:168.54,169.75 1 0
lvmsync_go/cmd/root/root.go:171.3,171.50 1 0
lvmsync_go/cmd/root/root.go:173.2,190.31 2 1
lvmsync_go/cmd/root/root.go:195.65,197.2 1 1
lvmsync_go/cmd/root/root.go:200.154,202.2 1 0
lvmsync_go/cmd/root/root.go:205.165,206.87 1 1
lvmsync_go/cmd/root/root.go:206.87,209.3 2 0
lvmsync_go/cmd/root/root.go:213.142,215.2 1 0
lvmsync_go/cmd/root/root.go:218.153,220.2 1 0
lvmsync_go/cmd/root/root.go:223.106,224.19 1 1
lvmsync_go/cmd/root/root.go:224.19,225.18 1 1
lvmsync_go/cmd/root/root.go:226.19,227.55 1 1
lvmsync_go/cmd/root/root.go:228.17,229.48 1 1
lvmsync_go/cmd/root/root.go:232.2,232.19 1 1
lvmsync_go/cmd/root/root.go:235.160,236.60 1 1
lvmsync_go/cmd/root/root.go:236.60,238.3 1 1
lvmsync_go/cmd/root/root.go:240.2,245.77 4 1
lvmsync_go/cmd/root/root.go:245.77,250.3 4 0
lvmsync_go/cmd/root/root.go:252.2,254.21 3 1
lvmsync_go/cmd/root/root.go:254.21,256.3 1 1
lvmsync_go/cmd/root/root.go:257.2,257.75 1 1
lvmsync_go/cmd/root/root.go:257.75,259.17 2 1
lvmsync_go/cmd/root/root.go:259.17,260.122 1 0
lvmsync_go/cmd/root/root.go:260.122,261.26 1 0
lvmsync_go/cmd/root/root.go:261.26,265.6 3 0
lvmsync_go/cmd/root/root.go:266.5,266.44 1 0
lvmsync_go/cmd/root/root.go:266.44,269.53 3 0
lvmsync_go/cmd/root/root.go:269.53,273.7 3 0
lvmsync_go/cmd/root/root.go:274.11,274.29 1 0
lvmsync_go/cmd/root/root.go:274.29,278.6 3 0
lvmsync_go/cmd/root/root.go:283.2,284.16 2 1
lvmsync_go/cmd/root/root.go:284.16,287.25 3 1
lvmsync_go/cmd/root/root.go:287.25,289.4 1 0
lvmsync_go/cmd/root/root.go:290.3,290.77 1 1
lvmsync_go/cmd/root/root.go:292.2,294.20 2 1
lvmsync_go/cmd/root/root.go:294.20,295.25 1 1
lvmsync_go/cmd/root/root.go:295.25,297.4 1 1
lvmsync_go/cmd/root/root.go:298.3,299.11 2 1
lvmsync_go/cmd/root/root.go:301.2,301.74 1 1
lvmsync_go/cmd/root/root.go:304.163,306.2 1 1
lvmsync_go/cmd/root/root.go:308.83,311.27 3 1
lvmsync_go/cmd/root/root.go:311.27,313.3 1 1
lvmsync_go/cmd/root/root.go:314.2,314.14 1 1
lvmsync_go/cmd/root/root.go:314.14,316.3 1 0
lvmsync_go/cmd/root/root.go:318.2,319.16 2 1
lvmsync_go/cmd/root/root.go:319.16,321.3 1 1
lvmsync_go/cmd/root/root.go:322.2,324.88 2 1
lvmsync_go/cmd/root/root.go:328.71,330.2 1 1
lvmsync_go/cmd/root/root.go:333.22,335.16 2 1
lvmsync_go/cmd/root/root.go:335.16,337.3 1 1
lvmsync_go/cmd/root/root.go:338.2,338.47 1 1
lvmsync_go/cmd/root/root.go:338.47,342.3 3 1
lvmsync_go/cmd/root/root.go:343.2,344.12 2 0
lvmsync_go/cmd/root/root.go:348.30,349.16 1 0
lvmsync_go/cmd/root/root.go:349.16,351.3 1 0
lvmsync_go/cmd/root/root.go:352.2,353.9 2 0
lvmsync_go/cmd/root/root.go:354.48,355.32 1 0
lvmsync_go/cmd/root/root.go:356.182,357.28 1 0
lvmsync_go/cmd/root/root.go:358.45,359.34 1 0
lvmsync_go/cmd/root/root.go:360.77,361.31 1 0
lvmsync_go/cmd/root/root.go:362.51,363.39 1 0
lvmsync_go/cmd/root/root.go:364.39,365.28 1 0
lvmsync_go/cmd/root/root.go:366.83,367.28 1 0
lvmsync_go/cmd/root/root.go:368.75,369.29 1 0
lvmsync_go/cmd/root/root.go:370.10,371.29 1 0
lvmsync_go/common/closer.go:11.62,12.19 1 1
lvmsync_go/common/closer.go:12.19,14.3 1 0
lvmsync_go/common/closer.go:15.2,15.49 1 1
lvmsync_go/common/closer.go:15.49,16.18 1 1
lvmsync_go/common/closer.go:16.18,18.4 1 0
lvmsync_go/common/closer.go:19.3,19.19 1 1
lvmsync_go/common/closer.go:19.19,21.4 1 1
lvmsync_go/common/closer.go:21.9,23.4 1 1
lvmsync_go/common/handshake.go:45.32,48.15 3 1
lvmsync_go/common/handshake.go:48.15,50.3 1 1
lvmsync_go/common/handshake.go:51.2,51.14 1 0
lvmsync_go/common/handshake.go:56.36,58.47 2 1
lvmsync_go/common/handshake.go:58.47,60.3 1 0
lvmsync_go/common/handshake.go:61.2,61.39 1 1
lvmsync_go/common/handshake.go:66.53,69.24 2 1
lvmsync_go/common/handshake.go:69.24,71.3 1 1
lvmsync_go/common/handshake.go:72.2,72.21 1 1
lvmsync_go/common/handshake.go:72.21,74.3 1 1
lvmsync_go/common/handshake.go:75.2,75.23 1 1
lvmsync_go/common/handshake.go:75.23,77.3 1 1
lvmsync_go/common/handshake.go:78.2,78.25 1 1
lvmsync_go/common/handshake.go:78.25,80.3 1 1
lvmsync_go/common/handshake.go:81.2,81.15 1 1
lvmsync_go/common/handshake.go:81.15,83.3 1 1
lvmsync_go/common/handshake.go:84.2,84.23 1 1
lvmsync_go/common/handshake.go:84.23,86.3 1 1
lvmsync_go/common/handshake.go:87.2,87.18 1 1
lvmsync_go/common/handshake.go:87.18,89.3 1 1
lvmsync_go/common/handshake.go:90.2,90.18 1 1
lvmsync_go/common/handshake.go:90.18,92.3 1 1
lvmsync_go/common/handshake.go:93.2,93.18 1 1
lvmsync_go/common/handshake.go:93.18,95.3 1 1
lvmsync_go/common/handshake.go:96.2,96.18 1 1
lvmsync_go/common/handshake.go:96.18,98.3 1 1
lvmsync_go/common/handshake.go:99.2,99.24 1 1
lvmsync_go/common/handshake.go:99.24,101.3 1 1
lvmsync_go/common/handshake.go:103.2,103.27 1 1
lvmsync_go/common/handshake.go:103.27,105.3 1 1
lvmsync_go/common/handshake.go:106.2,106.28 1 1
lvmsync_go/common/handshake.go:106.28,108.3 1 1
lvmsync_go/common/handshake.go:109.2,109.24 1 1
lvmsync_go/common/handshake.go:109.24,111.3 1 1
lvmsync_go/common/handshake.go:113.2,113.14 1 1
lvmsync_go/common/handshake.go:113.14,115.3 1 0
lvmsync_go/common/handshake.go:116.2,116.21 1 1
lvmsync_go/common/handshake.go:116.21,118.3 1 1
lvmsync_go/common/handshake.go:118.8,118.23 1 1
lvmsync_go/common/handshake.go:118.23,120.3 1 1
lvmsync_go/common/handshake.go:122.2,122.23 1 1
lvmsync_go/common/handshake.go:122.23,124.3 1 1
lvmsync_go/common/handshake.go:125.2,125.22 1 1
lvmsync_go/common/handshake.go:125.22,127.3 1 0
lvmsync_go/common/handshake.go:128.2,129.20 2 1
lvmsync_go/common/handshake.go:129.20,131.3 1 1
lvmsync_go/common/handshake.go:132.2,132.26 1 1
lvmsync_go/common/handshake.go:132.26,134.3 1 1
lvmsync_go/common/handshake.go:136.2,136.70 1 1
lvmsync_go/common/handshake.go:136.70,138.3 1 0
lvmsync_go/common/handshake.go:139.2,139.12 1 1
lvmsync_go/common/handshake.go:145.56,147.16 2 1
lvmsync_go/common/handshake.go:147.16,149.3 1 0
lvmsync_go/common/handshake.go:150.2,151.47 2 1
lvmsync_go/common/handshake.go:151.47,153.3 1 0
lvmsync_go/common/handshake.go:154.2,156.41 3 1
lvmsync_go/common/handshake.go:156.41,157.10 1 1
lvmsync_go/common/handshake.go:158.43,159.53 1 1
lvmsync_go/common/handshake.go:160.44,161.70 1 1
lvmsync_go/common/handshake.go:162.42,163.51 1 1
lvmsync_go/common/handshake.go:164.45,165.72 1 1
lvmsync_go/common/handshake.go:166.40,167.47 1 1
lvmsync_go/common/handshake.go:168.41,169.64 1 1
lvmsync_go/common/handshake.go:170.39,172.18 2 1
lvmsync_go/common/handshake.go:172.18,174.5 1 1
lvmsync_go/common/handshake.go:175.4,175.25 1 1
lvmsync_go/common/handshake.go:176.40,177.51 1 1
lvmsync_go/common/handshake.go:178.39,180.18 2 1
lvmsync_go/common/handshake.go:180.18,182.5 1 1
lvmsync_go/common/handshake.go:183.4,183.20 1 1
lvmsync_go/common/handshake.go:184.39,185.49 1 1
lvmsync_go/common/handshake.go:186.40,187.52 1 1
lvmsync_go/common/handshake.go:188.23,189.20 1 1
lvmsync_go/common/handshake.go:190.42,192.18 2 1
lvmsync_go/common/handshake.go:192.18,194.5 1 1
lvmsync_go/common/handshake.go:195.4,195.21 1 1
lvmsync_go/common/handshake.go:196.40,198.18 2 1
lvmsync_go/common/handshake.go:198.18,200.5 1 1
lvmsync_go/common/handshake.go:201.4,201.16 1 1
lvmsync_go/common/handshake.go:202.40,204.18 2 1
lvmsync_go/common/handshake.go:204.18,206.5 1 1
lvmsync_go/common/handshake.go:207.4,207.16 1 1
lvmsync_go/common/handshake.go:208.40,210.18 2 1
lvmsync_go/common/handshake.go:210.18,212.5 1 1
lvmsync_go/common/handshake.go:213.4,213.16 1 1
lvmsync_go/common/handshake.go:214.38,215.43 1 1
lvmsync_go/common/handshake.go:216.37,217.48 1 1
lvmsync_go/common/handshake.go:218.22,219.19 1 0
lvmsync_go/common/handshake.go:220.24,221.21 1 1
lvmsync_go/common/handshake.go:222.30,224.26 2 0
lvmsync_go/common/handshake.go:227.2,227.22 1 1
lvmsync_go/common/handshake.go:227.22,229.3 1 0
lvmsync_go/common/handshake.go:230.2,230.15 1 1
lvmsync_go/common/handshake.go:236.48,237.21 1 1
lvmsync_go/common/handshake.go:237.21,239.3 1 1
lvmsync_go/common/handshake.go:240.2,240.22 1 1
lvmsync_go/common/handshake.go:240.22,242.3 1 0
lvmsync_go/common/handshake.go:244.2,245.27 2 1
lvmsync_go/common/handshake.go:245.27,247.3 1 1
lvmsync_go/common/handshake.go:248.2,248.26 1 1
lvmsync_go/common/handshake.go:248.26,249.32 1 1
lvmsync_go/common/handshake.go:249.32,251.4 1 1
lvmsync_go/common/handshake.go:253.2,253.17 1 1
lvmsync_go/common/handshake.go:256.39,257.13 1 1
lvmsync_go/common/handshake.go:257.13,259.3 1 0
lvmsync_go/common/handshake.go:260.2,262.26 3 1
lvmsync_go/common/handshake.go:262.26,264.14 2 1
lvmsync_go/common/handshake.go:264.14,266.4 1 1
lvmsync_go/common/handshake.go:268.2,268.12 1 1
lvmsync_go/common/handshake_merge.go:8.54,9.27 1 1
lvmsync_go/common/handshake_merge.go:9.27,11.3 1 1
lvmsync_go/common/handshake_merge.go:12.2,12.26 1 1
lvmsync_go/common/handshake_merge.go:12.26,14.3 1 1
lvmsync_go/common/handshake_merge.go:15.2,15.24 1 1
lvmsync_go/common/handshake_merge.go:15.24,17.3 1 1
lvmsync_go/common/handshake_merge.go:18.2,18.14 1 1
lvmsync_go/common/handshake_validate.go:6.53,7.62 1 1
lvmsync_go/common/handshake_validate.go:7.62,8.70 1 1
lvmsync_go/common/handshake_validate.go:8.70,10.4 1 1
lvmsync_go/common/handshake_validate.go:12.2,12.59 1 1
lvmsync_go/common/handshake_validate.go:12.59,13.66 1 1
lvmsync_go/common/handshake_validate.go:13.66,15.4 1 1
lvmsync_go/common/handshake_validate.go:17.2,17.92 1 1
lvmsync_go/common/handshake_validate.go:17.92,19.3 1 1
lvmsync_go/common/handshake_validate.go:20.2,20.84 1 1
lvmsync_go/common/handshake_validate.go:20.84,22.3 1 1
lvmsync_go/common/handshake_validate.go:23.2,23.88 1 1
lvmsync_go/common/handshake_validate.go:23.88,25.3 1 1
lvmsync_go/common/handshake_validate.go:26.2,26.72 1 1
lvmsync_go/common/handshake_validate.go:26.72,28.3 1 0
lvmsync_go/common/handshake_validate.go:29.2,29.72 1 1
lvmsync_go/common/handshake_validate.go:29.72,31.3 1 0
lvmsync_go/common/handshake_validate.go:32.2,32.72 1 1
lvmsync_go/common/handshake_validate.go:32.72,34.3 1 0
lvmsync_go/common/handshake_validate.go:35.2,35.84 1 1
lvmsync_go/common/handshake_validate.go:35.84,37.3 1 0
lvmsync_go/common/handshake_validate.go:38.2,38.102 1 1
lvmsync_go/common/handshake_validate.go:38.102,40.3 1 0
lvmsync_go/common/handshake_validate.go:41.2,41.76 1 1
lvmsync_go/common/handshake_validate.go:41.76,43.3 1 1
lvmsync_go/common/handshake_validate.go:44.2,44.33 1 1
lvmsync_go/common/handshake_validate.go:44.33,46.3 1 0
lvmsync_go/common/handshake_validate.go:47.2,47.35 1 1
lvmsync_go/common/handshake_validate.go:47.35,49.3 1 1
lvmsync_go/common/handshake_validate.go:50.2,50.96 1 1
lvmsync_go/common/handshake_validate.go:50.96,52.3 1 0
lvmsync_go/common/handshake_validate.go:53.2,53.92 1 1
lvmsync_go/common/handshake_validate.go:53.92,55.3 1 0
lvmsync_go/common/handshake_validate.go:56.2,56.88 1 1
lvmsync_go/common/handshake_validate.go:56.88,58.3 1 1
lvmsync_go/common/handshake_validate.go:59.2,59.68 1 1
lvmsync_go/common/handshake_validate.go:59.68,61.3 1 1
lvmsync_go/common/handshake_validate.go:62.2,62.92 1 1
lvmsync_go/common/handshake_validate.go:62.92,64.3 1 1
lvmsync_go/common/handshake_validate.go:65.2,65.12 1 1
lvmsync_go/common/open.go:10.74,11.16 1 1
lvmsync_go/common/open.go:11.16,13.3 1 0
lvmsync_go/common/open.go:14.2,19.12 3 1
lvmsync_go/common/open.go:19.12,22.3 2 1
lvmsync_go/common/open.go:23.2,23.9 1 1
lvmsync_go/common/open.go:24.20,25.13 1 1
lvmsync_go/common/open.go:25.13,27.20 2 1
lvmsync_go/common/open.go:27.20,29.5 1 0
lvmsync_go/common/open.go:31.3,31.24 1 1
lvmsync_go/common/open.go:32.17,33.20 1 1
lvmsync_go/cmd/verify/verify.go:34.26,34.74 1 1
lvmsync_go/cmd/verify/verify.go:39.11,41.2 1 1
lvmsync_go/cmd/verify/verify.go:43.13,46.2 2 1
lvmsync_go/cmd/verify/verify.go:50.63,56.55 2 1
lvmsync_go/cmd/verify/verify.go:56.55,58.18 2 1
lvmsync_go/cmd/verify/verify.go:58.18,60.5 1 0
lvmsync_go/cmd/verify/verify.go:61.4,69.18 9 1
lvmsync_go/cmd/verify/verify.go:69.18,71.5 1 0
lvmsync_go/cmd/verify/verify.go:72.4,72.28 1 1
lvmsync_go/cmd/verify/verify.go:72.28,74.12 2 1
lvmsync_go/cmd/verify/verify.go:75.61,80.7 2 1
lvmsync_go/cmd/verify/verify.go:81.56,82.77 1 0
lvmsync_go/cmd/verify/verify.go:84.5,84.52 1 1
lvmsync_go/cmd/verify/verify.go:86.4,86.27 1 1
lvmsync_go/cmd/verify/verify.go:86.27,89.5 2 0
lvmsync_go/cmd/verify/verify.go:90.4,90.18 1 1
lvmsync_go/cmd/verify/verify.go:90.18,92.19 2 1
lvmsync_go/cmd/verify/verify.go:92.19,94.6 1 1
lvmsync_go/cmd/verify/verify.go:95.5,97.27 3 1
lvmsync_go/cmd/verify/verify.go:97.27,99.6 1 1
lvmsync_go/cmd/verify/verify.go:100.5,101.15 2 1
lvmsync_go/cmd/verify/verify.go:103.4,104.52 2 1
lvmsync_go/cmd/verify/verify.go:104.52,109.19 2 1
lvmsync_go/cmd/verify/verify.go:109.19,111.6 1 0
lvmsync_go/cmd/verify/verify.go:112.5,112.23 1 1
lvmsync_go/cmd/verify/verify.go:113.17,116.50 3 1
lvmsync_go/cmd/verify/verify.go:116.50,118.7 1 0
lvmsync_go/cmd/verify/verify.go:119.17,122.50 3 1
lvmsync_go/cmd/verify/verify.go:122.50,124.7 1 0
lvmsync_go/cmd/verify/verify.go:125.6,125.50 1 1
lvmsync_go/cmd/verify/verify.go:125.50,127.7 1 0
lvmsync_go/cmd/verify/verify.go:130.4,130.14 1 1
lvmsync_go/cmd/verify/verify.go:133.2,134.22 2 1
lvmsync_go/cmd/verify/verify.go:137.109,138.24 1 1
lvmsync_go/cmd/verify/verify.go:138.24,140.3 1 1
lvmsync_go/cmd/verify/verify.go:141.2,141.49 1 1
lvmsync_go/cmd/verify/verify.go:141.49,142.25 1 1
lvmsync_go/cmd/verify/verify.go:142.25,144.31 2 1
lvmsync_go/cmd/verify/verify.go:144.31,148.5 3 1
lvmsync_go/cmd/verify/verify.go:149.4,150.33 2 1
lvmsync_go/cmd/verify/verify.go:150.33,152.5 1 0
lvmsync_go/cmd/verify/verify.go:153.4,153.197 1 1
lvmsync_go/cmd/verify/verify.go:153.197,154.49 1 1
lvmsync_go/cmd/verify/verify.go:154.49,156.6 1 1
lvmsync_go/cmd/verify/verify.go:157.5,157.51 1 0
lvmsync_go/cmd/verify/verify.go:159.9,161.4 1 0
lvmsync_go/cmd/verify/verify.go:163.2,163.75 1 1
lvmsync_go/cmd/verify/verify.go:163.75,165.3 1 1
lvmsync_go/cmd/verify/verify.go:166.2,166.48 1 1
lvmsync_go/cmd/verify/verify.go:166.48,168.3 1 1
lvmsync_go/cmd/verify/verify.go:169.2,170.32 2 1
lvmsync_go/cmd/verify/verify.go:170.32,172.3 1 1
lvmsync_go/cmd/verify/verify.go:173.2,180.16 4 1
lvmsync_go/cmd/verify/verify.go:180.16,182.3 1 0
lvmsync_go/cmd/verify/verify.go:183.2,183.12 1 1
lvmsync_go/cmd/verify/verify.go:183.12,189.3 2 0
lvmsync_go/cmd/verify/verify.go:190.2,194.12 2 1
lvmsync_go/cmd/verify/verify.go:198.51,200.2 1 0
lvmsync_go/cmd/verify/verify.go:202.59,203.56 1 1
lvmsync_go/cmd/verify/verify.go:203.56,205.3 1 1
lvmsync_go/cmd/verify/verify.go:206.2,206.22 1 1
lvmsync_go/cmd/verify/verify.go:209.82,211.20 2 1
lvmsync_go/cmd/verify/verify.go:211.20,213.3 1 0
lvmsync_go/cmd/verify/verify.go:214.2,215.16 2 1
lvmsync_go/cmd/verify/verify.go:215.16,217.3 1 0
lvmsync_go/cmd/verify/verify.go:218.2,220.16 3 1
lvmsync_go/cmd/verify/verify.go:220.16,222.3 1 0
lvmsync_go/cmd/verify/verify.go:223.2,226.16 3 1
lvmsync_go/cmd/verify/verify.go:226.16,228.3 1 0
lvmsync_go/cmd/verify/verify.go:229.2,230.16 2 1
lvmsync_go/cmd/verify/verify.go:230.16,232.3 1 0
lvmsync_go/cmd/verify/verify.go:233.2,233.38 1 1
lvmsync_go/cmd/verify/verify.go:233.38,236.3 2 0
lvmsync_go/cmd/verify/verify.go:238.2,243.60 6 1
lvmsync_go/cmd/verify/verify.go:243.60,245.54 2 1
lvmsync_go/cmd/verify/verify.go:245.54,247.4 1 0
lvmsync_go/cmd/verify/verify.go:248.3,248.91 1 1
lvmsync_go/cmd/verify/verify.go:248.91,250.4 1 0
lvmsync_go/cmd/verify/verify.go:251.3,251.91 1 1
lvmsync_go/cmd/verify/verify.go:251.91,253.4 1 0
lvmsync_go/cmd/verify/verify.go:254.3,254.53 1 1
lvmsync_go/cmd/verify/verify.go:254.53,257.4 2 0
lvmsync_go/cmd/verify/verify.go:259.2,259.20 1 1
lvmsync_go/cmd/verify/verify.go:259.20,261.3 1 0
lvmsync_go/cmd/verify/verify.go:262.2,263.12 2 1
lvmsync_go/cmd/verify/verify.go:266.104,268.16 2 1
lvmsync_go/cmd/verify/verify.go:268.16,270.3 1 0
lvmsync_go/cmd/verify/verify.go:271.2,273.16 3 1
lvmsync_go/cmd/verify/verify.go:273.16,275.3 1 0
lvmsync_go/cmd/verify/verify.go:276.2,281.48 5 1
lvmsync_go/cmd/verify/verify.go:281.48,283.17 2 1
lvmsync_go/cmd/verify/verify.go:283.17,285.4 1 0
lvmsync_go/cmd/verify/verify.go:286.3,286.18 1 1
lvmsync_go/cmd/verify/verify.go:286.18,287.12 1 0
lvmsync_go/cmd/verify/verify.go:289.3,289.29 1 1
lvmsync_go/cmd/verify/verify.go:289.29,291.4 1 1
lvmsync_go/cmd/verify/verify.go:292.3,293.57 2 1
lvmsync_go/cmd/verify/verify.go:293.57,295.4 1 0
lvmsync_go/cmd/verify/verify.go:296.3,297.23 2 1
lvmsync_go/cmd/verify/verify.go:297.23,303.4 2 1
lvmsync_go/cmd/verify/verify.go:305.2,305.20 1 1
lvmsync_go/cmd/verify/verify.go:305.20,307.3 1 1
lvmsync_go/cmd/verify/verify.go:308.2,309.12 2 1
lvmsync_go/cmd/dump/client.go:40.62,41.57 1 1
lvmsync_go/cmd/dump/client.go:41.57,43.3 1 0
lvmsync_go/cmd/dump/client.go:44.2,44.41 1 1
lvmsync_go/cmd/dump/client.go:44.41,46.3 1 1
lvmsync_go/cmd/dump/client.go:47.2,47.52 1 0
lvmsync_go/cmd/dump/client.go:47.52,49.3 1 0
lvmsync_go/cmd/dump/client.go:50.2,50.14 1 0
lvmsync_go/cmd/dump/client.go:76.161,83.78 1 1
lvmsync_go/cmd/dump/client.go:83.78,83.92 1 0
lvmsync_go/cmd/dump/client.go:85.3,85.92 1 1
lvmsync_go/cmd/dump/client.go:87.136,89.3 1 0
lvmsync_go/cmd/dump/client.go:90.134,92.3 1 1
lvmsync_go/cmd/dump/client.go:93.177,95.3 1 0
lvmsync_go/cmd/dump/client.go:96.131,98.3 1 0
lvmsync_go/cmd/dump/client.go:103.26,120.2 1 1
lvmsync_go/cmd/dump/client.go:123.137,125.2 1 1
lvmsync_go/cmd/dump/client.go:128.46,130.17 2 1
lvmsync_go/cmd/dump/client.go:130.17,132.3 1 0
lvmsync_go/cmd/dump/client.go:133.2,133.25 1 1
lvmsync_go/cmd/dump/client.go:133.25,135.3 1 1
lvmsync_go/cmd/dump/client.go:136.2,136.25 1 1
lvmsync_go/cmd/dump/client.go:136.25,138.3 1 0
lvmsync_go/cmd/dump/client.go:139.2,139.27 1 1
lvmsync_go/cmd/dump/client.go:139.27,141.3 1 0
lvmsync_go/cmd/dump/client.go:142.2,142.30 1 1
lvmsync_go/cmd/dump/client.go:142.30,144.3 1 0
lvmsync_go/cmd/dump/client.go:145.2,145.26 1 1
lvmsync_go/cmd/dump/client.go:145.26,147.3 1 1
lvmsync_go/cmd/dump/client.go:148.2,148.30 1 1
lvmsync_go/cmd/dump/client.go:148.30,150.3 1 1
lvmsync_go/cmd/dump/client.go:151.2,151.25 1 1
lvmsync_go/cmd/dump/client.go:151.25,153.3 1 0
lvmsync_go/cmd/dump/client.go:154.2,154.32 1 1
lvmsync_go/cmd/dump/client.go:154.32,156.3 1 0
lvmsync_go/cmd/dump/client.go:157.2,157.27 1 1
lvmsync_go/cmd/dump/client.go:157.27,159.3 1 1
lvmsync_go/cmd/dump/client.go:160.2,160.26 1 1
lvmsync_go/cmd/dump/client.go:160.26,162.3 1 1
lvmsync_go/cmd/dump/client.go:163.2,163.29 1 1
lvmsync_go/cmd/dump/client.go:163.29,165.3 1 1
lvmsync_go/cmd/dump/client.go:166.2,166.31 1 1
lvmsync_go/cmd/dump/client.go:166.31,168.3 1 1
lvmsync_go/cmd/dump/client.go:169.2,169.24 1 1
lvmsync_go/cmd/dump/client.go:169.24,171.3 1 1
lvmsync_go/cmd/dump/client.go:172.2,172.32 1 1
lvmsync_go/cmd/dump/client.go:172.32,174.3 1 1
lvmsync_go/cmd/dump/client.go:175.2,175.10 1 1
lvmsync_go/cmd/dump/client.go:179.108,181.2 1 1
lvmsync_go/cmd/dump/client.go:184.139,186.2 1 0
lvmsync_go/cmd/dump/client.go:189.130,191.2 1 1
lvmsync_go/cmd/dump/client.go:194.146,196.2 1 1
lvmsync_go/cmd/dump/client.go:199.158,201.2 1 1
lvmsync_go/cmd/dump/client.go:203.13,207.2 3 1
lvmsync_go/cmd/dump/client.go:209.48,212.2 2 1
lvmsync_go/cmd/dump/client.go:216.56,216.76 1 0
lvmsync_go/cmd/dump/client.go:223.53,224.9 1 1
lvmsync_go/cmd/dump/client.go:225.22,226.24 1 0
lvmsync_go/cmd/dump/client.go:227.10,228.21 1 1
lvmsync_go/cmd/dump/client.go:233.84,235.12 2 1
lvmsync_go/cmd/dump/client.go:235.12,241.7 6 1
lvmsync_go/cmd/dump/client.go:241.7,242.36 1 1
lvmsync_go/cmd/dump/client.go:242.36,245.5 2 1
lvmsync_go/cmd/dump/client.go:246.4,247.13 2 1
lvmsync_go/cmd/dump/client.go:247.13,249.21 2 1
lvmsync_go/cmd/dump/client.go:249.21,250.38 1 1
lvmsync_go/cmd/dump/client.go:250.38,253.7 2 0
lvmsync_go/cmd/dump/client.go:254.6,255.15 2 1
lvmsync_go/cmd/dump/client.go:255.15,257.7 1 1
lvmsync_go/cmd/dump/client.go:258.6,258.21 1 1
lvmsync_go/cmd/dump/client.go:258.21,261.7 2 0
lvmsync_go/cmd/dump/client.go:264.4,264.18 1 1
lvmsync_go/cmd/dump/client.go:264.18,265.31 1 1
lvmsync_go/cmd/dump/client.go:265.31,267.6 1 1
lvmsync_go/cmd/dump/client.go:267.11,269.6 1 1
lvmsync_go/cmd/dump/client.go:270.5,270.11 1 1
lvmsync_go/cmd/dump/client.go:274.2,274.14 1 1
lvmsync_go/cmd/dump/client.go:278.149,281.18 3 1
lvmsync_go/cmd/dump/client.go:281.18,282.16 1 1
lvmsync_go/cmd/dump/client.go:282.16,283.44 1 1
lvmsync_go/cmd/dump/client.go:283.44,285.5 1 1
lvmsync_go/cmd/dump/client.go:287.3,287.76 1 1
lvmsync_go/cmd/dump/client.go:289.2,289.23 1 1
lvmsync_go/cmd/dump/client.go:289.23,291.3 1 1
lvmsync_go/cmd/dump/client.go:292.2,292.66 1 1
lvmsync_go/cmd/dump/client.go:296.120,298.19 2 1
lvmsync_go/cmd/dump/client.go:298.19,300.17 2 1
lvmsync_go/cmd/dump/client.go:300.17,302.4 1 0
lvmsync_go/cmd/dump/client.go:303.3,304.27 2 1
lvmsync_go/cmd/dump/client.go:306.2,320.16 2 1
lvmsync_go/cmd/dump/client.go:320.16,322.3 1 0
lvmsync_go/cmd/dump/client.go:323.2,323.20 1 1
lvmsync_go/cmd/dump/client.go:324.25,325.25 1 0
lvmsync_go/cmd/dump/client.go:326.25,327.25 1 0
lvmsync_go/cmd/dump/client.go:328.26,329.26 1 1
lvmsync_go/cmd/dump/client.go:331.2,331.16 1 1
lvmsync_go/cmd/dump/client.go:331.16,344.3 7 1
lvmsync_go/cmd/dump/client.go:345.2,345.58 1 1
lvmsync_go/cmd/dump/client.go:345.58,349.3 3 0
lvmsync_go/cmd/dump/client.go:350.2,351.16 2 1
lvmsync_go/cmd/dump/client.go:351.16,355.3 3 0
lvmsync_go/cmd/dump/client.go:356.2,360.15 5 1
lvmsync_go/cmd/dump/client.go:360.15,362.21 2 1
lvmsync_go/cmd/dump/client.go:362.21,365.4 2 0
lvmsync_go/cmd/dump/client.go:367.2,367.20 1 1
lvmsync_go/cmd/dump/client.go:367.20,370.3 2 1
lvmsync_go/cmd/dump/client.go:371.2,371.33 1 1
lvmsync_go/cmd/dump/client.go:371.33,373.3 1 1
lvmsync_go/cmd/dump/client.go:374.2,374.77 1 0
lvmsync_go/cmd/dump/client.go:378.151,384.16 6 1
lvmsync_go/cmd/dump/client.go:384.16,386.3 1 0
lvmsync_go/cmd/dump/client.go:387.2,387.24 1 1
lvmsync_go/cmd/dump/client.go:387.24,388.187 1 1
lvmsync_go/cmd/dump/client.go:388.187,389.22 1 0
lvmsync_go/cmd/dump/client.go:390.27,391.34 1 0
lvmsync_go/cmd/dump/client.go:391.34,394.6 2 0
lvmsync_go/cmd/dump/client.go:395.5,395.21 1 0
lvmsync_go/cmd/dump/client.go:396.27,397.21 1 0
lvmsync_go/cmd/dump/client.go:398.28,399.22 1 0
lvmsync_go/cmd/dump/client.go:401.4,401.15 1 0
lvmsync_go/cmd/dump/client.go:404.2,404.22 1 1
lvmsync_go/cmd/dump/client.go:404.22,406.17 2 1
lvmsync_go/cmd/dump/client.go:406.17,408.4 1 0
lvmsync_go/cmd/dump/client.go:409.3,409.14 1 1
lvmsync_go/cmd/dump/client.go:409.14,410.63 1 1
lvmsync_go/cmd/dump/client.go:410.63,412.19 2 1
lvmsync_go/cmd/dump/client.go:412.19,414.6 1 0
lvmsync_go/cmd/dump/client.go:415.5,416.19 2 1
lvmsync_go/cmd/dump/client.go:416.19,418.6 1 0
lvmsync_go/cmd/dump/client.go:419.5,421.19 3 1
lvmsync_go/cmd/dump/client.go:421.19,423.6 1 0
lvmsync_go/cmd/dump/client.go:424.5,424.65 1 1
lvmsync_go/cmd/dump/client.go:424.65,426.6 1 0
lvmsync_go/cmd/dump/client.go:427.10,429.19 2 0
lvmsync_go/cmd/dump/client.go:429.19,431.6 1 0
lvmsync_go/cmd/dump/client.go:432.5,434.19 3 0
lvmsync_go/cmd/dump/client.go:434.19,436.6 1 0
lvmsync_go/cmd/dump/client.go:437.5,437.85 1 0
lvmsync_go/cmd/dump/client.go:437.85,439.6 1 0
lvmsync_go/cmd/dump/client.go:443.2,444.77 2 1
lvmsync_go/cmd/dump/client.go:444.77,446.3 1 0
lvmsync_go/cmd/dump/client.go:447.2,448.16 2 1
lvmsync_go/cmd/dump/client.go:448.16,450.3 1 1
lvmsync_go/cmd/dump/client.go:451.2,453.92 3 1
lvmsync_go/cmd/dump/client.go:457.158,460.16 3 1
lvmsync_go/cmd/dump/client.go:460.16,463.3 2 1
lvmsync_go/cmd/dump/client.go:464.2,464.28 1 1
lvmsync_go/cmd/dump/client.go:467.54,468.70 1 1
lvmsync_go/cmd/dump/client.go:468.70,469.19 1 0
lvmsync_go/cmd/dump/client.go:469.19,471.4 1 0
lvmsync_go/cmd/dump/client.go:471.9,473.4 1 0
lvmsync_go/cmd/dump/client.go:484.120,486.16 2 1
lvmsync_go/cmd/dump/client.go:486.16,488.3 1 1
lvmsync_go/cmd/dump/client.go:489.2,490.16 2 1
lvmsync_go/cmd/dump/client.go:490.16,492.3 1 1
lvmsync_go/cmd/dump/client.go:493.2,497.16 4 1
lvmsync_go/cmd/dump/client.go:497.16,499.3 1 1
lvmsync_go/cmd/dump/client.go:501.2,501.51 1 1
lvmsync_go/cmd/dump/client.go:506.170,507.26 1 1
lvmsync_go/cmd/dump/client.go:507.26,509.3 1 0
lvmsync_go/cmd/dump/client.go:511.2,512.22 2 1
lvmsync_go/cmd/dump/client.go:512.22,513.72 1 1
lvmsync_go/cmd/dump/client.go:513.72,515.4 1 1
lvmsync_go/cmd/dump/client.go:516.3,516.63 1 1
lvmsync_go/cmd/dump/client.go:519.2,520.16 2 1
lvmsync_go/cmd/dump/client.go:520.16,523.3 2 0
lvmsync_go/cmd/dump/client.go:525.2,527.53 3 1
lvmsync_go/cmd/dump/client.go:527.53,530.3 2 0
lvmsync_go/cmd/dump/client.go:532.2,532.71 1 1
lvmsync_go/cmd/dump/client.go:532.71,534.3 1 1
lvmsync_go/cmd/dump/client.go:535.2,535.12 1 1
lvmsync_go/cmd/dump/client.go:538.178,540.16 2 0
lvmsync_go/cmd/dump/client.go:540.16,542.3 1 0
lvmsync_go/cmd/dump/client.go:543.2,546.16 3 0
lvmsync_go/cmd/dump/client.go:546.16,548.3 1 0
lvmsync_go/cmd/dump/client.go:549.2,556.16 6 0
lvmsync_go/cmd/dump/client.go:556.16,559.3 2 0
lvmsync_go/cmd/dump/client.go:560.2,562.16 3 0
lvmsync_go/cmd/dump/client.go:562.16,565.3 2 0
lvmsync_go/cmd/dump/client.go:566.2,566.25 1 0
lvmsync_go/cmd/dump/client.go:566.25,568.3 1 0
lvmsync_go/cmd/dump/client.go:569.2,569.22 1 0
lvmsync_go/cmd/dump/client.go:569.22,571.3 1 0
lvmsync_go/cmd/dump/client.go:572.2,572.27 1 0
lvmsync_go/cmd/dump/client.go:572.27,574.3 1 0
lvmsync_go/cmd/dump/client.go:575.2,575.21 1 0
lvmsync_go/cmd/dump/client.go:575.21,577.3 1 0
lvmsync_go/cmd/dump/client.go:578.2,578.49 1 0
lvmsync_go/cmd/dump/client.go:578.49,581.3 2 0
lvmsync_go/cmd/dump/client.go:582.2,582.56 1 0
lvmsync_go/cmd/dump/client.go:582.56,585.3 2 0
lvmsync_go/cmd/dump/client.go:586.2,586.54 1 0
lvmsync_go/cmd/dump/client.go:586.54,589.3 2 0
lvmsync_go/cmd/dump/client.go:591.2,595.6 5 0
lvmsync_go/cmd/dump/client.go:595.6,599.16 4 0
lvmsync_go/cmd/dump/client.go:599.16,601.4 1 0
lvmsync_go/cmd/dump/client.go:602.3,602.12 1 0
lvmsync_go/cmd/dump/client.go:602.12,604.14 2 0
lvmsync_go/cmd/dump/client.go:604.14,605.33 1 0
lvmsync_go/cmd/dump/client.go:605.33,607.44 2 0
lvmsync_go/cmd/dump/client.go:607.44,609.7 1 0
lvmsync_go/cmd/dump/client.go:610.6,610.82 1 0
lvmsync_go/cmd/dump/client.go:610.82,613.7 2 0
lvmsync_go/cmd/dump/client.go:614.11,616.6 1 0
lvmsync_go/cmd/dump/client.go:618.4,618.19 1 0
lvmsync_go/cmd/dump/client.go:620.3,620.45 1 0
lvmsync_go/cmd/dump/client.go:620.45,621.9 1 0
lvmsync_go/cmd/dump/client.go:623.3,623.21 1 0
lvmsync_go/cmd/dump/client.go:623.21,626.4 2 0
lvmsync_go/cmd/dump/client.go:627.3,627.21 1 0
lvmsync_go/cmd/dump/client.go:627.21,630.4 2 0
lvmsync_go/cmd/dump/client.go:633.2,634.16 2 0
lvmsync_go/cmd/dump/client.go:634.16,637.3 2 0
lvmsync_go/cmd/dump/client.go:638.2,638.53 1 0
lvmsync_go/cmd/dump/client.go:638.53,641.3 2 0
lvmsync_go/cmd/dump/client.go:642.2,642.71 1 0
lvmsync_go/cmd/dump/client.go:642.71,644.3 1 0
lvmsync_go/cmd/dump/client.go:645.2,645.12 1 0
lvmsync_go/cmd/dump/client.go:653.96,654.39 1 1
lvmsync_go/cmd/dump/client.go:654.39,656.3 1 1
lvmsync_go/cmd/dump/client.go:657.2,657.38 1 1
lvmsync_go/cmd/dump/client.go:657.38,659.3 1 1
lvmsync_go/cmd/dump/client.go:660.2,660.38 1 1
lvmsync_go/cmd/dump/client.go:660.38,662.3 1 1
lvmsync_go/cmd/dump/client.go:663.2,663.12 1 1
lvmsync_go/cmd/dump/client.go:667.192,668.74 1 1
lvmsync_go/cmd/dump/client.go:668.74,670.3 1 1
lvmsync_go/cmd/dump/client.go:672.2,673.16 2 1
lvmsync_go/cmd/dump/client.go:673.16,675.3 1 0
lvmsync_go/cmd/dump/client.go:676.2,679.16 3 1
lvmsync_go/cmd/dump/client.go:679.16,681.3 1 0
lvmsync_go/cmd/dump/client.go:683.2,684.50 2 1
lvmsync_go/cmd/dump/client.go:684.50,686.3 1 0
lvmsync_go/cmd/dump/client.go:687.2,690.48 3 1
lvmsync_go/cmd/dump/client.go:690.48,692.3 1 0
lvmsync_go/cmd/dump/client.go:694.2,694.106 1 1
lvmsync_go/cmd/dump/client.go:694.106,696.3 1 1
lvmsync_go/cmd/dump/client.go:698.2,698.67 1 1
lvmsync_go/cmd/dump/client.go:702.148,703.16 1 1
lvmsync_go/cmd/dump/client.go:703.16,705.3 1 0
lvmsync_go/cmd/dump/client.go:706.2,707.21 2 1
lvmsync_go/cmd/dump/client.go:707.21,709.3 1 1
lvmsync_go/cmd/dump/client.go:710.2,712.16 3 1
lvmsync_go/cmd/dump/client.go:712.16,714.3 1 0
lvmsync_go/cmd/dump/client.go:715.2,715.15 1 1
lvmsync_go/cmd/dump/client.go:715.15,717.70 2 1
lvmsync_go/cmd/dump/client.go:717.70,718.18 1 0
lvmsync_go/cmd/dump/client.go:718.18,720.5 1 0
lvmsync_go/cmd/dump/client.go:720.10,722.5 1 0
lvmsync_go/cmd/dump/client.go:726.2,726.31 1 1
lvmsync_go/cmd/dump/client.go:726.31,728.79 2 1
lvmsync_go/cmd/dump/client.go:728.79,730.84 2 1
lvmsync_go/cmd/dump/client.go:730.84,732.5 1 0
lvmsync_go/cmd/dump/client.go:733.4,733.58 1 1
lvmsync_go/cmd/dump/client.go:735.3,735.11 1 1
lvmsync_go/cmd/dump/client.go:737.2,737.32 1 1
lvmsync_go/cmd/dump/client.go:737.32,738.16 1 1
lvmsync_go/cmd/dump/client.go:738.16,741.84 3 1
lvmsync_go/cmd/dump/client.go:741.84,743.87 2 1
lvmsync_go/cmd/dump/client.go:743.87,745.6 1 1
lvmsync_go/cmd/dump/client.go:746.5,746.19 1 1
lvmsync_go/cmd/dump/client.go:746.19,748.6 1 0
lvmsync_go/cmd/dump/client.go:748.11,750.6 1 1
lvmsync_go/cmd/dump/client.go:755.2,756.32 2 1
lvmsync_go/cmd/dump/client.go:756.32,758.3 1 1
lvmsync_go/cmd/dump/client.go:759.2,767.114 4 1
lvmsync_go/cmd/dump/client.go:773.91,774.25 1 1
lvmsync_go/cmd/dump/client.go:774.25,776.3 1 1
lvmsync_go/cmd/dump/client.go:777.2,777.57 1 1
lvmsync_go/cmd/dump/client.go:777.57,791.17 3 1
lvmsync_go/cmd/dump/client.go:791.17,793.12 2 1
lvmsync_go/cmd/dump/client.go:795.3,796.17 2 1
lvmsync_go/cmd/dump/client.go:798.2,798.68 1 1
lvmsync_go/cmd/dump/probe.go:23.132,26.16 3 0
lvmsync_go/cmd/dump/probe.go:26.16,28.3 1 0
lvmsync_go/cmd/dump/probe.go:29.2,31.16 3 0
lvmsync_go/cmd/dump/probe.go:31.16,33.3 1 0
lvmsync_go/cmd/dump/probe.go:34.2,34.28 1 0
lvmsync_go/cmd/dump/probe.go:34.28,36.17 2 0
lvmsync_go/cmd/dump/probe.go:36.17,38.4 1 0
lvmsync_go/cmd/dump/probe.go:39.3,41.17 3 0
lvmsync_go/cmd/dump/probe.go:41.17,43.4 1 0
lvmsync_go/cmd/dump/probe.go:44.3,44.22 1 0
lvmsync_go/cmd/dump/probe.go:44.22,46.4 1 0
lvmsync_go/cmd/dump/probe.go:47.3,47.36 1 0
lvmsync_go/cmd/dump/probe.go:47.36,49.4 1 0
lvmsync_go/cmd/dump/probe.go:50.3,50.53 1 0
lvmsync_go/cmd/dump/probe.go:50.53,52.4 1 0
lvmsync_go/cmd/dump/probe.go:53.3,54.17 2 0
lvmsync_go/cmd/dump/probe.go:54.17,56.4 1 0
lvmsync_go/cmd/dump/probe.go:57.3,57.34 1 0
lvmsync_go/cmd/dump/probe.go:57.34,59.4 1 0
lvmsync_go/cmd/dump/probe.go:60.3,60.31 1 0
lvmsync_go/cmd/dump/probe.go:62.2,63.16 2 0
lvmsync_go/cmd/dump/probe.go:63.16,65.3 1 0
lvmsync_go/cmd/dump/probe.go:66.2,66.27 1 0
lvmsync_go/cmd/dump/probe.go:66.27,69.3 2 0
lvmsync_go/cmd/dump/probe.go:70.2,70.16 1 0
lvmsync_go/cmd/dump/probe.go:73.111,74.16 1 0
lvmsync_go/cmd/dump/probe.go:74.16,76.3 1 0
lvmsync_go/cmd/dump/probe.go:77.2,77.17 1 0
lvmsync_go/cmd/dump/probe.go:77.17,81.3 3 0
lvmsync_go/cmd/dump/probe.go:82.2,83.16 2 0
lvmsync_go/cmd/dump/probe.go:83.16,85.3 1 0
lvmsync_go/cmd/dump/probe.go:86.2,88.66 3 0
lvmsync_go/cmd/dump/probe.go:88.66,90.3 1 0
lvmsync_go/cmd/dump/probe.go:91.2,91.70 1 0
lvmsync_go/cmd/dump/probe.go:91.70,93.3 1 0
lvmsync_go/cmd/dump/probe.go:94.2,94.40 1 0
lvmsync_go/cmd/dump/probe.go:94.40,96.3 1 0
lvmsync_go/cmd/dump/probe.go:97.2,97.18 1 0
lvmsync_go/cmd/dump/probe.go:100.56,116.2 15 0
lvmsync_go/dedup/bloom.go:22.55,23.47 1 1
lvmsync_go/dedup/bloom.go:23.47,25.3 1 1
lvmsync_go/dedup/bloom.go:26.2,28.31 3 1
lvmsync_go/dedup/bloom.go:34.48,35.27 1 1
lvmsync_go/dedup/bloom.go:35.27,37.3 1 1
lvmsync_go/dedup/bloom.go:38.2,39.14 2 1
lvmsync_go/dedup/bloom.go:49.65,50.47 1 1
lvmsync_go/dedup/bloom.go:50.47,52.3 1 1
lvmsync_go/dedup/bloom.go:53.2,53.73 1 1
lvmsync_go/dedup/bloom.go:59.128,61.16 2 1
lvmsync_go/dedup/bloom.go:61.16,63.3 1 1
lvmsync_go/dedup/bloom.go:64.2,64.20 1 1
lvmsync_go/dedup/bloom.go:64.20,66.3 1 1
lvmsync_go/dedup/bloom.go:67.2,68.19 2 1
lvmsync_go/dedup/bloom.go:68.19,70.3 1 1
lvmsync_go/dedup/bloom.go:71.2,71.19 1 1
lvmsync_go/dedup/bloom.go:71.19,73.3 1 1
lvmsync_go/dedup/bloom.go:74.2,74.8 1 1
lvmsync_go/dedup/bloom.go:77.43,78.32 1 1
lvmsync_go/dedup/bloom.go:78.32,80.3 1 1
lvmsync_go/dedup/bloom.go:81.2,81.12 1 1
lvmsync_go/dedup/chunker.go:48.83,49.18 1 1
lvmsync_go/dedup/chunker.go:49.18,51.3 1 1
lvmsync_go/dedup/chunker.go:52.2,52.34 1 1
lvmsync_go/dedup/chunker.go:52.34,54.3 1 0
lvmsync_go/dedup/chunker.go:55.2,55.44 1 1
lvmsync_go/dedup/chunker.go:55.44,57.3 1 1
lvmsync_go/dedup/chunker.go:59.2,61.20 3 1
lvmsync_go/dedup/chunker.go:61.20,63.25 2 1
lvmsync_go/dedup/chunker.go:63.25,65.4 1 1
lvmsync_go/dedup/chunker.go:69.2,70.14 2 1
lvmsync_go/dedup/chunker.go:70.14,72.3 1 0
lvmsync_go/dedup/chunker.go:73.2,74.14 2 1
lvmsync_go/dedup/chunker.go:74.14,76.3 1 1
lvmsync_go/dedup/chunker.go:76.8,78.3 1 0
lvmsync_go/dedup/chunker.go:79.2,80.15 2 1
lvmsync_go/dedup/chunker.go:85.68,87.2 1 0
lvmsync_go/dedup/chunker.go:95.57,96.24 1 1
lvmsync_go/dedup/chunker.go:96.24,98.3 1 1
lvmsync_go/dedup/chunker.go:99.2,101.16 3 1
lvmsync_go/dedup/chunker.go:101.16,102.50 1 1
lvmsync_go/dedup/chunker.go:102.50,103.14 1 1
lvmsync_go/dedup/chunker.go:103.14,105.5 1 1
lvmsync_go/dedup/chunker.go:106.4,106.50 1 1
lvmsync_go/dedup/chunker.go:108.3,108.22 1 0
lvmsync_go/dedup/chunker.go:111.2,119.26 6 1
lvmsync_go/dedup/chunker.go:119.26,121.3 1 1
lvmsync_go/dedup/chunker.go:122.2,122.29 1 1
lvmsync_go/dedup/chunker.go:122.29,124.3 1 1
lvmsync_go/dedup/chunker.go:126.2,126.19 1 1
lvmsync_go/dedup/chunker.go:126.19,128.17 2 1
lvmsync_go/dedup/chunker.go:128.17,129.21 1 1
lvmsync_go/dedup/chunker.go:129.21,130.10 1 1
lvmsync_go/dedup/chunker.go:132.4,132.23 1 0
lvmsync_go/dedup/chunker.go:134.3,142.35 6 1
lvmsync_go/dedup/chunker.go:142.35,143.9 1 1
lvmsync_go/dedup/chunker.go:146.2,146.51 1 1
lvmsync_go/dedup/chunker.go:151.67,158.2 6 1
lvmsync_go/dedup/chunker.go:161.48,162.9 1 1
lvmsync_go/dedup/chunker.go:163.15,164.19 1 1
lvmsync_go/dedup/chunker.go:165.15,166.20 1 0
lvmsync_go/dedup/chunker.go:167.10,168.22 1 1
lvmsync_go/dedup/chunker.go:174.80,176.16 2 1
lvmsync_go/dedup/chunker.go:176.16,178.3 1 0
lvmsync_go/dedup/chunker.go:179.2,181.6 3 1
lvmsync_go/dedup/chunker.go:181.6,183.37 2 1
lvmsync_go/dedup/chunker.go:183.37,184.9 1 1
lvmsync_go/dedup/chunker.go:186.3,186.34 1 1
lvmsync_go/dedup/chunker.go:186.34,188.4 1 0
lvmsync_go/dedup/chunker.go:189.3,196.20 7 1
lvmsync_go/dedup/chunker.go:196.20,197.9 1 1
lvmsync_go/dedup/chunker.go:200.2,200.17 1 1
lvmsync_go/dedup/chunker.go:465.36,468.27 3 1
lvmsync_go/dedup/chunker.go:468.27,469.13 1 1
lvmsync_go/dedup/chunker.go:469.13,470.12 1 1
lvmsync_go/dedup/chunker.go:472.3,473.24 2 1
lvmsync_go/dedup/chunker.go:475.2,475.10 1 1
lvmsync_go/dedup/config.go:27.61,45.42 15 1
lvmsync_go/dedup/config.go:45.42,47.3 1 1
lvmsync_go/dedup/config.go:49.2,49.86 1 1
lvmsync_go/dedup/config.go:49.86,51.3 1 0
lvmsync_go/dedup/config.go:52.2,52.86 1 1
lvmsync_go/dedup/config.go:52.86,54.3 1 0
lvmsync_go/dedup/config.go:55.2,55.96 1 1
lvmsync_go/dedup/config.go:55.96,57.3 1 0
lvmsync_go/dedup/config.go:58.2,58.76 1 1
lvmsync_go/dedup/config.go:58.76,60.3 1 0
lvmsync_go/dedup/config.go:61.2,61.80 1 1
lvmsync_go/dedup/config.go:61.80,63.3 1 0
lvmsync_go/dedup/config.go:64.2,64.74 1 1
lvmsync_go/dedup/config.go:64.74,66.3 1 0
lvmsync_go/dedup/config.go:67.2,70.16 3 1
lvmsync_go/dedup/config.go:70.16,71.42 1 1
lvmsync_go/dedup/config.go:71.42,73.4 1 1
lvmsync_go/dedup/config.go:76.2,77.42 2 1
lvmsync_go/dedup/config.go:77.42,79.3 1 0
lvmsync_go/dedup/config.go:81.2,81.17 1 1
lvmsync_go/dedup/config.go:86.44,87.21 1 0
lvmsync_go/dedup/config.go:87.21,89.3 1 0
lvmsync_go/dedup/config.go:90.2,91.16 2 0
lvmsync_go/dedup/config.go:91.16,93.3 1 0
lvmsync_go/dedup/config.go:94.2,94.15 1 0
lvmsync_go/dedup/hybrid.go:26.90,27.52 1 1
lvmsync_go/dedup/hybrid.go:27.52,29.3 1 1
lvmsync_go/dedup/hybrid.go:30.2,30.28 1 1
lvmsync_go/dedup/hybrid.go:30.28,32.3 1 1
lvmsync_go/dedup/hybrid.go:33.2,34.20 2 1
lvmsync_go/dedup/hybrid.go:34.20,36.3 1 0
lvmsync_go/dedup/hybrid.go:37.2,37.15 1 1
lvmsync_go/dedup/hybrid.go:45.63,46.24 1 1
lvmsync_go/dedup/hybrid.go:46.24,50.3 3 1
lvmsync_go/dedup/hybrid.go:52.2,52.26 1 1
lvmsync_go/dedup/hybrid.go:52.26,54.3 1 1
lvmsync_go/dedup/hybrid.go:55.2,57.16 3 1
lvmsync_go/dedup/hybrid.go:57.16,58.50 1 1
lvmsync_go/dedup/hybrid.go:58.50,59.14 1 1
lvmsync_go/dedup/hybrid.go:59.14,61.5 1 1
lvmsync_go/dedup/hybrid.go:62.4,62.17 1 0
lvmsync_go/dedup/hybrid.go:63.9,65.4 1 0
lvmsync_go/dedup/hybrid.go:66.8,68.3 1 1
lvmsync_go/dedup/hybrid.go:70.2,71.33 2 1
lvmsync_go/dedup/hybrid.go:71.33,73.3 1 0
lvmsync_go/dedup/hybrid.go:74.2,74.22 1 1
lvmsync_go/dedup/hybrid.go:74.22,76.3 1 0
lvmsync_go/dedup/hybrid.go:77.2,78.23 2 1
lvmsync_go/hash/hash.go:14.13,16.2 1 1
lvmsync_go/hash/hash.go:19.21,19.39 1 1
lvmsync_go/hash/hash.go:22.31,24.2 1 1
lvmsync_go/hash/hash.go:27.35,29.2 1 1
lvmsync_go/hash/hash.go:37.57,40.16 3 1
lvmsync_go/hash/hash.go:40.16,44.17 4 1
lvmsync_go/hash/hash.go:44.17,46.4 1 0
lvmsync_go/hash/hash.go:47.8,49.3 1 1
lvmsync_go/hash/hash.go:50.2,50.33 1 1
lvmsync_go/hash/hash.go:54.32,54.47 1 1
lvmsync_go/hash/hash.go:57.53,57.76 1 1
lvmsync_go/hash/hash.go:60.42,65.2 4 1
lvmsync_go/hash/hash.go:68.43,68.57 1 1
lvmsync_go/escalate/escalate.go:72.32,74.20 2 1
lvmsync_go/escalate/escalate.go:74.20,76.3 1 1
lvmsync_go/escalate/escalate.go:77.2,77.23 1 1
lvmsync_go/escalate/escalate.go:86.73,88.17 2 1
lvmsync_go/escalate/escalate.go:88.17,90.3 1 1
lvmsync_go/escalate/escalate.go:91.2,95.18 4 1
lvmsync_go/escalate/escalate.go:95.18,98.3 2 1
lvmsync_go/escalate/escalate.go:100.2,101.21 2 1
lvmsync_go/escalate/escalate.go:101.21,103.3 1 1
lvmsync_go/escalate/escalate.go:104.2,105.16 2 1
lvmsync_go/escalate/escalate.go:105.16,107.3 1 1
lvmsync_go/escalate/escalate.go:109.2,110.16 2 1
lvmsync_go/escalate/escalate.go:110.16,112.3 1 0
lvmsync_go/escalate/escalate.go:114.2,116.29 3 1
lvmsync_go/escalate/escalate.go:116.29,118.3 1 1
lvmsync_go/escalate/escalate.go:119.2,123.29 4 1
lvmsync_go/escalate/escalate.go:123.29,125.3 1 1
lvmsync_go/escalate/escalate.go:126.2,127.25 2 1
lvmsync_go/escalate/escalate.go:127.25,129.3 1 1
lvmsync_go/escalate/escalate.go:130.2,130.14 1 1
lvmsync_go/escalate/escalate.go:130.14,132.3 1 1
lvmsync_go/escalate/escalate.go:132.8,134.3 1 1
lvmsync_go/escalate/escalate.go:136.2,138.19 3 1
lvmsync_go/escalate/escalate.go:138.19,140.3 1 1
lvmsync_go/escalate/escalate.go:141.2,142.19 2 1
lvmsync_go/escalate/escalate.go:142.19,144.3 1 1
lvmsync_go/escalate/escalate.go:146.2,147.18 2 1
lvmsync_go/escalate/escalate.go:147.18,149.3 1 1
lvmsync_go/escalate/escalate.go:150.2,154.16 4 1
lvmsync_go/escalate/escalate.go:154.16,156.3 1 1
lvmsync_go/escalate/escalate.go:158.2,158.77 1 1
lvmsync_go/escalate/escalate.go:158.77,159.41 1 1
lvmsync_go/escalate/escalate.go:159.41,161.4 1 1
lvmsync_go/escalate/escalate.go:162.3,163.62 2 1
lvmsync_go/escalate/escalate.go:165.2,166.18 2 1
lvmsync_go/escalate/escalate.go:172.66,174.17 2 1
lvmsync_go/escalate/escalate.go:174.17,176.3 1 1
lvmsync_go/escalate/escalate.go:177.2,183.30 6 1
lvmsync_go/escalate/escalate.go:183.30,186.3 2 1
lvmsync_go/escalate/escalate.go:187.2,188.16 2 1
lvmsync_go/escalate/escalate.go:188.16,191.3 2 1
lvmsync_go/escalate/escalate.go:192.2,193.16 2 1
lvmsync_go/escalate/escalate.go:193.16,196.3 2 0
lvmsync_go/escalate/escalate.go:197.2,198.16 2 1
lvmsync_go/escalate/escalate.go:198.16,200.3 1 0
lvmsync_go/escalate/escalate.go:201.2,201.50 1 1
lvmsync_go/escalate/escalate.go:201.50,204.3 2 0
lvmsync_go/escalate/escalate.go:205.2,205.53 1 1
lvmsync_go/escalate/escalate.go:205.53,208.3 2 0
lvmsync_go/escalate/escalate.go:209.2,209.53 1 1
lvmsync_go/escalate/escalate.go:209.53,212.3 2 0
lvmsync_go/escalate/escalate.go:213.2,214.12 2 1
lvmsync_go/escalate/escalate.go:219.51,226.29 3 1
lvmsync_go/escalate/escalate.go:226.29,227.75 1 1
lvmsync_go/escalate/escalate.go:227.75,228.12 1 1
lvmsync_go/escalate/escalate.go:230.3,231.13 2 1
lvmsync_go/escalate/escalate.go:231.13,232.12 1 0
lvmsync_go/escalate/escalate.go:234.3,235.19 2 1
lvmsync_go/escalate/escalate.go:235.19,237.4 1 1
lvmsync_go/escalate/escalate.go:239.2,239.12 1 1
lvmsync_go/escalate/escalate.go:242.67,243.39 1 1
lvmsync_go/escalate/escalate.go:243.39,245.3 1 1
lvmsync_go/escalate/escalate.go:246.2,247.25 2 1
lvmsync_go/escalate/escalate.go:247.25,249.47 2 1
lvmsync_go/escalate/escalate.go:249.47,251.4 1 1
lvmsync_go/escalate/escalate.go:252.3,252.15 1 1
lvmsync_go/escalate/escalate.go:252.15,254.4 1 1
lvmsync_go/escalate/escalate.go:256.2,256.12 1 1
lvmsync_go/escalate/escalate.go:259.38,260.13 1 1
lvmsync_go/escalate/escalate.go:260.13,262.3 1 1
lvmsync_go/escalate/escalate.go:263.2,264.22 2 1
lvmsync_go/escalate/escalate.go:264.22,265.25 1 1
lvmsync_go/escalate/escalate.go:265.25,267.4 1 1
lvmsync_go/escalate/escalate.go:268.3,268.24 1 1
lvmsync_go/escalate/escalate.go:270.2,270.15 1 1
lvmsync_go/escalate/escalate.go:273.33,275.16 2 1
lvmsync_go/escalate/escalate.go:275.16,278.3 1 0
lvmsync_go/escalate/escalate.go:279.2,279.32 1 1
lvmsync_go/escalate/escalate.go:279.32,281.3 1 0
lvmsync_go/escalate/escalate.go:282.2,282.15 1 1
lvmsync_go/escalate/escalate.go:295.48,295.79 1 0
lvmsync_go/escalate/escalate.go:296.48,296.82 1 0
lvmsync_go/escalate/escalate.go:297.48,297.82 1 0
lvmsync_go/escalate/escalate.go:299.127,301.16 2 1
lvmsync_go/escalate/escalate.go:301.16,303.3 1 1
lvmsync_go/escalate/escalate.go:304.2,307.18 4 1
lvmsync_go/internal/blocksize/blocksize.go:24.45,26.16 2 1
lvmsync_go/internal/blocksize/blocksize.go:26.16,28.3 1 0
lvmsync_go/internal/blocksize/blocksize.go:29.2,30.9 2 1
lvmsync_go/internal/blocksize/blocksize.go:30.9,32.53 2 1
lvmsync_go/internal/blocksize/blocksize.go:32.53,34.4 1 0
lvmsync_go/internal/blocksize/blocksize.go:36.2,38.37 3 1
lvmsync_go/internal/blocksize/blocksize.go:43.55,44.34 1 1
lvmsync_go/internal/blocksize/blocksize.go:44.34,46.17 2 1
lvmsync_go/internal/blocksize/blocksize.go:46.17,47.12 1 1
lvmsync_go/internal/blocksize/blocksize.go:49.3,50.27 2 1
lvmsync_go/internal/blocksize/blocksize.go:50.27,51.12 1 1
lvmsync_go/internal/blocksize/blocksize.go:53.3,53.16 1 1
lvmsync_go/internal/blocksize/blocksize.go:55.2,55.18 1 1
lvmsync_go/internal/blockio/blockio.go:28.60,30.40 2 1
lvmsync_go/internal/blockio/blockio.go:30.40,32.3 1 1
lvmsync_go/internal/blockio/blockio.go:33.2,35.12 3 1
lvmsync_go/internal/blockio/blockio.go:35.12,37.17 2 1
lvmsync_go/internal/blockio/blockio.go:37.17,38.46 1 0
lvmsync_go/internal/blockio/blockio.go:38.46,40.5 1 0
lvmsync_go/internal/blockio/blockio.go:40.10,42.5 1 0
lvmsync_go/internal/blockio/blockio.go:45.2,46.26 2 1
lvmsync_go/internal/blockio/blockio.go:46.26,48.3 1 1
lvmsync_go/internal/blockio/blockio.go:48.8,50.17 2 1
lvmsync_go/internal/blockio/blockio.go:50.17,52.4 1 0
lvmsync_go/internal/blockio/blockio.go:54.2,56.16 3 1
lvmsync_go/internal/blockio/blockio.go:60.30,60.52 1 1
lvmsync_go/internal/blockio/blockio.go:63.30,63.51 1 1
lvmsync_go/internal/blockio/blockio.go:66.30,66.50 1 1
lvmsync_go/internal/blockio/blockio.go:69.31,69.52 1 0
lvmsync_go/internal/blockio/blockio.go:72.30,72.49 1 1
lvmsync_go/internal/blockio/blockio.go:74.45,76.43 2 1
lvmsync_go/internal/blockio/blockio.go:76.43,77.15 1 1
lvmsync_go/internal/blockio/blockio.go:77.15,79.4 1 1
lvmsync_go/internal/blockio/blockio.go:80.3,80.15 1 1
lvmsync_go/internal/blockio/blockio.go:80.15,81.37 1 1
lvmsync_go/internal/blockio/blockio.go:81.37,83.5 1 0
lvmsync_go/internal/blockio/blockio.go:86.2,86.21 1 1
lvmsync_go/internal/blockio/blockio.go:89.44,91.34 2 1
lvmsync_go/internal/blockio/blockio.go:91.34,93.3 1 0
lvmsync_go/internal/blockio/blockio.go:94.2,94.15 1 1
lvmsync_go/internal/blockio/blockio.go:97.52,100.21 3 1
lvmsync_go/internal/blockio/blockio.go:100.21,102.3 1 0
lvmsync_go/internal/blockio/blockio.go:103.2,106.6 4 1
lvmsync_go/internal/blockio/blockio.go:106.6,108.13 2 1
lvmsync_go/internal/blockio/blockio.go:108.13,111.17 3 1
lvmsync_go/internal/blockio/blockio.go:111.17,113.5 1 0
lvmsync_go/internal/blockio/blockio.go:114.4,114.16 1 1
lvmsync_go/internal/blockio/blockio.go:114.16,116.5 1 0
lvmsync_go/internal/blockio/blockio.go:118.3,118.16 1 1
lvmsync_go/internal/blockio/blockio.go:118.16,119.20 1 1
lvmsync_go/internal/blockio/blockio.go:119.20,121.5 1 1
lvmsync_go/internal/blockio/blockio.go:122.4,122.16 1 0
lvmsync_go/internal/blockio/blockio.go:127.53,130.21 3 1
lvmsync_go/internal/blockio/blockio.go:130.21,132.3 1 0
lvmsync_go/internal/blockio/blockio.go:133.2,136.6 4 1
lvmsync_go/internal/blockio/blockio.go:136.6,138.13 2 1
lvmsync_go/internal/blockio/blockio.go:138.13,141.17 3 1
lvmsync_go/internal/blockio/blockio.go:141.17,143.5 1 0
lvmsync_go/internal/blockio/blockio.go:144.4,144.16 1 1
lvmsync_go/internal/blockio/blockio.go:144.16,146.5 1 0
lvmsync_go/internal/blockio/blockio.go:148.3,148.16 1 1
lvmsync_go/internal/blockio/blockio.go:148.16,149.20 1 1
lvmsync_go/internal/blockio/blockio.go:149.20,151.5 1 1
lvmsync_go/internal/blockio/blockio.go:152.4,152.16 1 0
lvmsync_go/internal/blockio/blockio.go:157.62,157.97 1 0
lvmsync_go/internal/blockio/blockio.go:160.57,162.34 2 1
lvmsync_go/internal/blockio/blockio.go:162.34,164.3 1 0
lvmsync_go/internal/blockio/blockio.go:165.2,165.15 1 1
lvmsync_go/internal/blockio/blockio.go:170.58,172.43 2 1
lvmsync_go/internal/blockio/blockio.go:172.43,173.15 1 0
lvmsync_go/internal/blockio/blockio.go:173.15,175.4 1 0
lvmsync_go/internal/blockio/blockio.go:176.3,176.15 1 0
lvmsync_go/internal/blockio/blockio.go:176.15,177.37 1 0
lvmsync_go/internal/blockio/blockio.go:177.37,179.5 1 0
lvmsync_go/internal/blockio/blockio.go:182.2,182.61 1 1
lvmsync_go/internal/blockio/blockio.go:182.61,183.15 1 1
lvmsync_go/internal/blockio/blockio.go:183.15,185.4 1 1
lvmsync_go/internal/blockio/blockio.go:186.3,186.15 1 1
lvmsync_go/internal/blockio/blockio.go:186.15,187.37 1 1
lvmsync_go/internal/blockio/blockio.go:187.37,189.5 1 0
lvmsync_go/internal/blockio/blockio.go:192.2,192.28 1 1
lvmsync_go/internal/blockio/blockio.go:196.29,197.39 1 1
lvmsync_go/internal/blockio/blockio.go:197.39,199.3 1 1
lvmsync_go/internal/blockio/blockio.go:200.2,201.16 2 0
lvmsync_go/internal/blockio/blockio.go:201.16,203.3 1 0
lvmsync_go/internal/blockio/blockio.go:204.2,205.16 2 0
lvmsync_go/internal/blockio/blockio.go:205.16,208.3 2 0
lvmsync_go/internal/blockio/blockio.go:209.2,210.12 2 0
lvmsync_go/internal/blockio/blockio.go:213.29,214.23 1 1
lvmsync_go/internal/blockio/blockio.go:214.23,216.3 1 1
lvmsync_go/internal/blockio/blockio.go:217.2,217.12 1 0
lvmsync_go/internal/blockio/blockio.go:220.31,222.16 2 1
lvmsync_go/internal/blockio/blockio.go:222.16,224.3 1 0
lvmsync_go/internal/blockio/blockio.go:225.2,229.20 5 1
lvmsync_go/internal/blockio/blockio.go:232.66,234.16 2 1
lvmsync_go/internal/blockio/blockio.go:234.16,236.3 1 0
lvmsync_go/internal/blockio/blockio.go:237.2,238.9 2 1
lvmsync_go/internal/blockio/blockio.go:238.9,240.53 2 1
lvmsync_go/internal/blockio/blockio.go:240.53,242.4 1 0
lvmsync_go/internal/blockio/blockio.go:244.2,248.18 5 1
lvmsync_go/internal/blockio/blockio.go:248.18,250.3 1 1
lvmsync_go/internal/blockio/blockio.go:251.2,251.19 1 1
lvmsync_go/internal/blockio/blockio.go:251.19,253.3 1 1
lvmsync_go/internal/blockio/blockio.go:254.2,254.26 1 1
lvmsync_go/internal/blockio/blockio.go:257.36,259.16 2 1
lvmsync_go/internal/blockio/blockio.go:259.16,261.3 1 1
lvmsync_go/internal/blockio/blockio.go:262.2,263.16 2 0
lvmsync_go/internal/blockio/blockio.go:263.16,265.3 1 0
lvmsync_go/internal/blockio/blockio.go:266.2,266.10 1 0
lvmsync_go/internal/blockio/blockio.go:269.24,270.13 1 1
lvmsync_go/internal/blockio/blockio.go:270.13,272.3 1 1
lvmsync_go/internal/blockio/blockio.go:273.2,273.11 1 1
lvmsync_go/internal/blockio/blockio.go:273.11,275.3 1 0
lvmsync_go/internal/blockio/blockio.go:276.2,276.10 1 1
lvmsync_go/internal/blockio/blockio.go:279.24,281.12 2 1
lvmsync_go/internal/blockio/blockio.go:281.12,283.3 1 0
lvmsync_go/internal/blockio/blockio.go:284.2,284.18 1 1
lvmsync_go/internal/blockio/buffer_pool.go:15.45,16.41 1 1
lvmsync_go/internal/blockio/buffer_pool.go:16.41,17.37 1 1
lvmsync_go/internal/blockio/buffer_pool.go:17.37,18.43 1 1
lvmsync_go/internal/blockio/buffer_pool.go:18.43,19.39 1 1
lvmsync_go/internal/blockio/buffer_pool.go:19.39,21.6 1 1
lvmsync_go/internal/blockio/buffer_pool.go:25.2,25.37 1 1
lvmsync_go/internal/blockio/buffer_pool.go:25.37,27.17 2 1
lvmsync_go/internal/blockio/buffer_pool.go:27.17,30.4 2 0
lvmsync_go/internal/blockio/buffer_pool.go:31.3,31.17 1 1
lvmsync_go/internal/blockio/buffer_pool.go:31.17,34.4 2 1
lvmsync_go/internal/blockio/buffer_pool.go:35.3,35.12 1 1
lvmsync_go/internal/blockio/buffer_pool.go:37.2,39.36 3 1
lvmsync_go/internal/blockio/buffer_pool.go:39.36,41.3 1 1
lvmsync_go/internal/blockio/buffer_pool.go:42.2,42.34 1 0
lvmsync_go/internal/blockio/buffer_pool.go:42.34,44.3 1 0
lvmsync_go/internal/blockio/buffer_pool.go:45.2,46.12 2 0
lvmsync_go/internal/blockio/buffer_pool.go:49.40,50.45 1 1
lvmsync_go/internal/blockio/buffer_pool.go:50.45,51.37 1 1
lvmsync_go/internal/blockio/buffer_pool.go:51.37,54.4 2 1
lvmsync_go/internal/blockio/buffer_pool.go:56.2,56.18 1 1
lvmsync_go/internal/blockio/buffer_pool.go:56.18,58.56 2 1
lvmsync_go/internal/blockio/buffer_pool.go:58.56,60.4 1 1
lvmsync_go/internal/blockio/buffer_pool.go:64.37,65.40 1 1
lvmsync_go/internal/blockio/buffer_pool.go:65.40,68.3 2 1
lvmsync_go/internal/blockio/buffer_pool.go:69.2,69.43 1 1
lvmsync_go/internal/blockio/buffer_pool.go:69.43,70.30 1 1
lvmsync_go/internal/blockio/buffer_pool.go:70.30,72.4 1 1
lvmsync_go/internal/blockio/buffer_pool.go:73.3,74.14 2 1
lvmsync_go/internal/blockio/devicewriter.go:18.106,20.16 2 1
lvmsync_go/internal/blockio/devicewriter.go:20.16,22.3 1 1
lvmsync_go/internal/blockio/devicewriter.go:23.2,24.16 2 1
lvmsync_go/internal/blockio/devicewriter.go:24.16,27.3 2 0
lvmsync_go/internal/blockio/devicewriter.go:28.2,28.26 1 1
lvmsync_go/internal/blockio/devicewriter.go:28.26,29.62 1 1
lvmsync_go/internal/blockio/devicewriter.go:29.62,32.4 2 1
lvmsync_go/internal/blockio/devicewriter.go:33.3,33.19 1 1
lvmsync_go/internal/blockio/devicewriter.go:35.2,35.24 1 1
lvmsync_go/internal/client/execute.go:10.188,12.12 2 1
lvmsync_go/internal/client/execute.go:12.12,14.3 1 1
lvmsync_go/internal/client/execute.go:16.2,16.9 1 1
lvmsync_go/internal/client/execute.go:17.28,18.17 1 1
lvmsync_go/internal/client/execute.go:18.17,21.4 2 1
lvmsync_go/internal/client/execute.go:22.25,23.17 1 1
lvmsync_go/internal/client/execute.go:23.17,25.4 1 1
lvmsync_go/internal/client/execute.go:26.3,26.13 1 1
lvmsync_go/internal/client/execute.go:27.20,29.19 2 0
lvmsync_go/internal/client/execute.go:32.2,32.25 1 1
lvmsync_go/internal/client/execute.go:32.25,33.7 1 1
lvmsync_go/internal/client/execute.go:33.7,34.11 1 1
lvmsync_go/internal/client/execute.go:35.35,36.12 1 1
lvmsync_go/internal/client/execute.go:36.12,38.6 1 0
lvmsync_go/internal/client/execute.go:39.5,39.19 1 1
lvmsync_go/internal/client/execute.go:39.19,42.6 2 1
lvmsync_go/internal/client/execute.go:43.22,45.21 2 0
lvmsync_go/internal/client/execute.go:50.2,50.12 1 0
lvmsync_go/internal/client/snapshot.go:30.26,41.43 1 1
lvmsync_go/internal/client/snapshot.go:41.43,41.95 1 1
lvmsync_go/internal/client/snapshot.go:57.11,59.18 2 1
lvmsync_go/internal/client/snapshot.go:59.18,61.3 1 1
lvmsync_go/internal/client/snapshot.go:62.2,62.19 1 1
lvmsync_go/internal/client/snapshot.go:62.19,64.3 1 0
lvmsync_go/internal/client/snapshot.go:65.2,65.20 1 1
lvmsync_go/internal/client/snapshot.go:65.20,67.3 1 0
lvmsync_go/internal/client/snapshot.go:68.2,68.21 1 1
lvmsync_go/internal/client/snapshot.go:68.21,70.3 1 0
lvmsync_go/internal/client/snapshot.go:71.2,71.22 1 1
lvmsync_go/internal/client/snapshot.go:71.22,73.3 1 0
lvmsync_go/internal/client/snapshot.go:74.2,74.19 1 1
lvmsync_go/internal/client/snapshot.go:74.19,76.3 1 1
lvmsync_go/internal/client/snapshot.go:77.2,77.21 1 1
lvmsync_go/internal/client/snapshot.go:77.21,79.3 1 1
lvmsync_go/internal/client/snapshot.go:80.2,80.20 1 1
lvmsync_go/internal/client/snapshot.go:80.20,82.3 1 1
lvmsync_go/internal/client/snapshot.go:83.2,83.19 1 1
lvmsync_go/internal/client/snapshot.go:83.19,85.3 1 1
lvmsync_go/internal/client/snapshot.go:86.2,86.21 1 1
lvmsync_go/internal/client/snapshot.go:86.21,88.3 1 0
lvmsync_go/internal/client/snapshot.go:89.2,89.10 1 1
lvmsync_go/internal/client/snapshot.go:92.139,94.16 2 1
lvmsync_go/internal/client/snapshot.go:94.16,96.3 1 1
lvmsync_go/internal/client/snapshot.go:97.2,97.27 1 1
lvmsync_go/internal/client/snapshot.go:100.147,101.27 1 1
lvmsync_go/internal/client/snapshot.go:101.27,103.17 2 1
lvmsync_go/internal/client/snapshot.go:103.17,105.4 1 0
lvmsync_go/internal/client/snapshot.go:106.3,107.88 2 1
lvmsync_go/internal/client/snapshot.go:110.2,110.68 1 1
lvmsync_go/internal/client/snapshot.go:110.68,112.17 2 0
lvmsync_go/internal/client/snapshot.go:112.17,114.4 1 0
lvmsync_go/internal/client/snapshot.go:115.3,116.17 2 0
lvmsync_go/internal/client/snapshot.go:116.17,118.4 1 0
lvmsync_go/internal/client/snapshot.go:119.3,120.104 2 0
lvmsync_go/internal/client/snapshot.go:122.2,122.12 1 1
lvmsync_go/internal/client/snapshot.go:125.112,126.23 1 1
lvmsync_go/internal/client/snapshot.go:126.23,128.3 1 1
lvmsync_go/internal/client/snapshot.go:129.2,130.16 2 1
lvmsync_go/internal/client/snapshot.go:130.16,132.3 1 0
lvmsync_go/internal/client/snapshot.go:133.2,133.31 1 1
lvmsync_go/internal/client/snapshot.go:133.31,135.3 1 1
lvmsync_go/internal/client/snapshot.go:136.2,137.12 2 1
lvmsync_go/internal/client/snapshot.go:140.183,143.20 3 1
lvmsync_go/internal/client/snapshot.go:143.21,143.22 0 1
lvmsync_go/internal/client/snapshot.go:145.2,145.30 1 1
lvmsync_go/internal/client/snapshot.go:145.30,146.17 1 1
lvmsync_go/internal/client/snapshot.go:146.17,148.4 1 1
lvmsync_go/internal/client/snapshot.go:149.3,149.50 1 1
lvmsync_go/internal/client/snapshot.go:152.2,154.123 3 1
lvmsync_go/internal/client/snapshot.go:154.123,156.3 1 1
lvmsync_go/internal/client/snapshot.go:157.2,163.12 6 1
lvmsync_go/internal/client/snapshot.go:163.12,165.128 2 1
lvmsync_go/internal/client/snapshot.go:165.128,167.11 2 1
lvmsync_go/internal/client/snapshot.go:168.29,168.29 0 1
lvmsync_go/internal/client/snapshot.go:169.12,169.12 0 0
lvmsync_go/internal/client/snapshot.go:174.2,174.19 1 1
lvmsync_go/internal/client/snapshot.go:174.19,179.75 5 1
lvmsync_go/internal/client/snapshot.go:179.75,181.4 1 0
lvmsync_go/internal/client/snapshot.go:181.9,183.4 1 1
lvmsync_go/internal/client/snapshot.go:186.2,186.49 1 1
lvmsync_go/internal/client/snapshot.go:192.154,194.16 2 1
lvmsync_go/internal/client/snapshot.go:194.16,196.3 1 0
lvmsync_go/internal/client/snapshot.go:197.2,200.16 3 1
lvmsync_go/internal/client/snapshot.go:200.16,202.3 1 0
lvmsync_go/internal/client/snapshot.go:204.2,204.86 1 1
lvmsync_go/internal/client/snapshot.go:204.86,206.3 1 0
lvmsync_go/internal/client/snapshot.go:208.2,208.80 1 1
lvmsync_go/internal/client/snapshot.go:208.80,210.3 1 0
lvmsync_go/internal/client/snapshot.go:212.2,212.82 1 1
lvmsync_go/internal/client/snapshot.go:218.142,220.2 1 0
lvmsync_go/internal/cpufeatures/features.go:6.22,8.2 1 1
lvmsync_go/internal/cpufeatures/features.go:11.21,13.2 1 1
lvmsync_go/internal/cpufeatures/features.go:16.23,18.2 1 1
lvmsync_go/internal/cpufeatures/features.go:21.20,23.2 1 1
lvmsync_go/internal/cpufeatures/features.go:26.22,28.2 1 1
lvmsync_go/internal/cpufeatures/features.go:31.21,33.2 1 1
lvmsync_go/internal/cpufeatures/features.go:36.21,38.2 1 0
lvmsync_go/internal/cpufeatures/features.go:41.21,43.2 1 0
lvmsync_go/internal/compressiondetect/compressiondetect.go:32.40,33.23 1 1
lvmsync_go/internal/compressiondetect/compressiondetect.go:33.23,35.17 2 1
lvmsync_go/internal/compressiondetect/compressiondetect.go:35.17,37.4 1 0
lvmsync_go/internal/compressiondetect/compressiondetect.go:38.3,39.29 2 1
lvmsync_go/internal/compressiondetect/compressiondetect.go:39.29,41.4 1 1
lvmsync_go/internal/compressiondetect/compressiondetect.go:42.3,42.29 1 1
lvmsync_go/internal/compressiondetect/compressiondetect.go:42.29,44.4 1 1
lvmsync_go/internal/compressiondetect/compressiondetect.go:46.3,46.29 1 1
lvmsync_go/internal/compressiondetect/compressiondetect.go:46.29,49.4 2 1
lvmsync_go/internal/compressiondetect/compressiondetect.go:50.3,50.47 1 1
lvmsync_go/internal/compressiondetect/compressiondetect.go:52.2,52.17 1 1
lvmsync_go/internal/compressiondetect/compressiondetect.go:56.36,59.53 3 1
lvmsync_go/internal/compressiondetect/compressiondetect.go:59.53,61.3 1 0
lvmsync_go/internal/compressiondetect/compressiondetect.go:63.2,66.22 3 1
lvmsync_go/internal/compressiondetect/compressiondetect.go:66.22,68.3 1 1
lvmsync_go/internal/compressiondetect/compressiondetect.go:69.2,69.14 1 0
lvmsync_go/internal/compressiondetect/compressiondetect.go:72.44,77.44 4 1
lvmsync_go/internal/compressiondetect/compressiondetect.go:77.44,79.3 1 0
lvmsync_go/internal/compressiondetect/compressiondetect.go:80.2,80.35 1 1
lvmsync_go/internal/compressiondetect/compressiondetect.go:80.35,82.3 1 0
lvmsync_go/internal/compressiondetect/compressiondetect.go:83.2,87.50 4 1
lvmsync_go/internal/compressiondetect/compressiondetect.go:87.50,89.3 1 0
lvmsync_go/internal/compressiondetect/compressiondetect.go:90.2,92.25 2 1
lvmsync_go/internal/compressiondetect/compressiondetect.go:95.45,99.16 3 1
lvmsync_go/internal/compressiondetect/compressiondetect.go:99.16,101.3 1 0
lvmsync_go/internal/compressiondetect/compressiondetect.go:102.2,103.43 2 1
lvmsync_go/internal/compressiondetect/compressiondetect.go:103.43,104.46 1 0
lvmsync_go/internal/compressiondetect/compressiondetect.go:104.46,106.4 1 0
lvmsync_go/internal/compressiondetect/compressiondetect.go:107.3,107.19 1 0
lvmsync_go/internal/compressiondetect/compressiondetect.go:109.2,109.34 1 1
lvmsync_go/internal/compressiondetect/compressiondetect.go:109.34,111.3 1 0
lvmsync_go/internal/compressiondetect/compressiondetect.go:112.2,116.16 4 1
lvmsync_go/internal/compressiondetect/compressiondetect.go:116.16,118.3 1 0
lvmsync_go/internal/compressiondetect/compressiondetect.go:119.2,120.50 2 1
lvmsync_go/internal/compressiondetect/compressiondetect.go:120.50,123.3 2 0
lvmsync_go/internal/compressiondetect/compressiondetect.go:124.2,127.25 3 1
[...]
lvmsync_go/transport/ssh/ssh.go:223.2,224.9 2 1
lvmsync_go/transport/ssh/ssh.go:224.9,226.3 1 1
lvmsync_go/transport/ssh/ssh.go:227.2,227.44 1 1
lvmsync_go/transport/ssh/ssh.go:227.44,232.3 4 0
lvmsync_go/transport/ssh/ssh.go:233.2,234.12 2 1
lvmsync_go/transport/ssh/ssh.go:234.12,235.10 1 1
lvmsync_go/transport/ssh/ssh.go:236.21,237.31 1 0
lvmsync_go/transport/ssh/ssh.go:238.15,238.15 0 1
lvmsync_go/transport/ssh/ssh.go:241.2,248.16 4 1
lvmsync_go/transport/ssh/ssh.go:248.16,250.41 2 1
lvmsync_go/transport/ssh/ssh.go:250.41,252.4 1 0
lvmsync_go/transport/ssh/ssh.go:253.3,255.18 3 1
lvmsync_go/transport/ssh/ssh.go:257.2,257.53 1 1
lvmsync_go/transport/ssh/ssh.go:257.53,263.3 5 0
lvmsync_go/transport/ssh/ssh.go:264.2,271.16 4 1
lvmsync_go/transport/ssh/ssh.go:271.16,276.3 4 0
lvmsync_go/transport/ssh/ssh.go:277.2,279.83 3 1
lvmsync_go/transport/ssh/ssh.go:282.87,290.25 4 1
lvmsync_go/transport/ssh/ssh.go:290.25,300.3 4 0
lvmsync_go/transport/ssh/ssh.go:301.2,308.16 4 1
lvmsync_go/transport/ssh/ssh.go:308.16,312.3 3 0
lvmsync_go/transport/ssh/ssh.go:313.2,314.12 2 1
lvmsync_go/transport/ssh/ssh.go:314.12,317.3 2 1
lvmsync_go/transport/ssh/ssh.go:318.2,319.16 2 1
lvmsync_go/transport/ssh/ssh.go:322.144,331.15 5 1
lvmsync_go/transport/ssh/ssh.go:331.15,337.17 2 1
lvmsync_go/transport/ssh/ssh.go:337.17,340.4 2 1
lvmsync_go/transport/ssh/ssh.go:340.9,343.4 2 1
lvmsync_go/transport/ssh/ssh.go:345.2,346.25 2 1
lvmsync_go/transport/ssh/ssh.go:346.25,348.3 1 1
lvmsync_go/transport/ssh/ssh.go:349.2,349.14 1 1
lvmsync_go/transport/ssh/ssh.go:350.24,351.47 1 1
lvmsync_go/transport/ssh/ssh.go:351.47,353.4 1 0
lvmsync_go/transport/ssh/ssh.go:354.3,354.56 1 1
lvmsync_go/transport/ssh/ssh.go:354.56,357.4 2 1
lvmsync_go/transport/ssh/ssh.go:358.3,360.47 2 1
lvmsync_go/transport/ssh/ssh.go:360.47,362.4 1 0
lvmsync_go/transport/ssh/ssh.go:363.3,365.17 3 1
lvmsync_go/transport/ssh/ssh.go:365.17,367.4 1 0
lvmsync_go/transport/ssh/ssh.go:368.3,369.60 2 1
lvmsync_go/transport/ssh/ssh.go:369.60,371.4 1 0
lvmsync_go/transport/ssh/ssh.go:372.3,372.19 1 1
lvmsync_go/transport/ssh/ssh.go:373.24,374.47 1 1
lvmsync_go/transport/ssh/ssh.go:374.47,376.4 1 0
lvmsync_go/transport/ssh/ssh.go:377.3,379.17 3 1
lvmsync_go/transport/ssh/ssh.go:379.17,381.4 1 0
lvmsync_go/transport/ssh/ssh.go:382.3,383.60 2 1
lvmsync_go/transport/ssh/ssh.go:383.60,385.4 1 0
lvmsync_go/transport/ssh/ssh.go:386.3,386.47 1 1
lvmsync_go/transport/ssh/ssh.go:386.47,388.4 1 0
lvmsync_go/transport/ssh/ssh.go:389.3,389.56 1 1
lvmsync_go/transport/ssh/ssh.go:389.56,392.4 2 0
lvmsync_go/transport/ssh/ssh.go:393.3,394.19 2 1
lvmsync_go/transport/ssh/ssh.go:395.10,396.19 1 0
lvmsync_go/transport/ssh/ssh.go:407.48,407.76 1 1
lvmsync_go/transport/ssh/ssh.go:408.48,408.77 1 1
lvmsync_go/transport/ssh/ssh.go:409.33,425.16 8 1
lvmsync_go/transport/ssh/ssh.go:425.16,428.3 2 1
lvmsync_go/transport/ssh/ssh.go:428.8,430.3 1 0
lvmsync_go/transport/ssh/ssh.go:431.2,431.12 1 1
lvmsync_go/transport/ssh/ssh.go:433.55,433.87 1 0
lvmsync_go/transport/ssh/ssh.go:434.55,434.88 1 1
lvmsync_go/transport/ssh/ssh.go:435.55,435.90 1 1
lvmsync_go/transport/ssh/ssh.go:436.55,436.94 1 0
lvmsync_go/transport/ssh/ssh.go:437.55,437.95 1 0
lvmsync_go/transport/ssh/ssh.go:445.50,447.16 2 1
lvmsync_go/transport/ssh/ssh.go:447.16,449.3 1 0
lvmsync_go/transport/ssh/ssh.go:450.2,451.16 2 1
lvmsync_go/transport/ssh/ssh.go:451.16,454.3 2 1
lvmsync_go/transport/ssh/ssh.go:455.2,457.9 3 1
lvmsync_go/transport/ssh/ssh.go:457.9,460.3 2 0
lvmsync_go/transport/ssh/ssh.go:461.2,462.16 2 1
lvmsync_go/transport/ssh/ssh.go:462.16,465.3 2 0
lvmsync_go/transport/ssh/ssh.go:466.2,467.83 2 1
lvmsync_go/transport/ssh/ssh.go:477.51,477.79 1 1
lvmsync_go/transport/ssh/ssh.go:478.51,478.80 1 1
lvmsync_go/transport/ssh/ssh.go:479.36,495.16 8 1
lvmsync_go/transport/ssh/ssh.go:495.16,498.3 2 1
lvmsync_go/transport/ssh/ssh.go:498.8,500.3 1 0
lvmsync_go/transport/ssh/ssh.go:501.2,501.12 1 1
lvmsync_go/transport/ssh/ssh.go:503.58,503.90 1 0
lvmsync_go/transport/ssh/ssh.go:504.58,504.91 1 1
lvmsync_go/transport/ssh/ssh.go:505.58,505.93 1 1
lvmsync_go/transport/ssh/ssh.go:506.58,506.97 1 0
lvmsync_go/transport/ssh/ssh.go:507.58,507.98 1 0
lvmsync_go/transport/ssh/ssh.go:509.60,510.33 1 1
lvmsync_go/transport/ssh/ssh.go:510.33,512.3 1 0
lvmsync_go/transport/ssh/ssh.go:513.2,513.12 1 1
lvmsync_go/transport/ssh/ssh.go:516.55,517.54 1 1
lvmsync_go/transport/ssh/ssh.go:517.54,519.3 1 1
lvmsync_go/transport/testutil/testutil.go:20.77,23.16 3 1
lvmsync_go/transport/testutil/testutil.go:23.16,25.3 1 0
lvmsync_go/transport/testutil/testutil.go:26.2,33.16 3 1
lvmsync_go/transport/testutil/testutil.go:33.16,35.3 1 0
lvmsync_go/transport/testutil/testutil.go:36.2,38.16 3 1
lvmsync_go/transport/testutil/testutil.go:38.16,40.3 1 0
lvmsync_go/transport/testutil/testutil.go:41.2,43.19 3 1
lvmsync_go/transport/testutil/testutil.go:46.66,49.57 3 1
lvmsync_go/transport/testutil/testutil.go:49.57,54.3 4 1
lvmsync_go/transport/testutil/testutil.go:55.2,55.19 1 1
lvmsync_go/transport/testutil/testutil.go:55.19,59.3 3 1
lvmsync_go/transport/testutil/testutil.go:60.2,61.16 2 1
lvmsync_go/transport/testutil/testutil.go:61.16,63.3 1 0
lvmsync_go/transport/testutil/testutil.go:64.2,64.15 1 1
lvmsync_go/transport/testutil/testutil.go:64.15,66.3 1 0
lvmsync_go/transport/testutil/testutil.go:67.2,67.11 1 1
lvmsync_go/transport/testutil/testutil.go:75.113,80.16 5 1
lvmsync_go/transport/testutil/testutil.go:80.16,82.3 1 0
lvmsync_go/transport/testutil/testutil.go:83.2,87.12 5 1
lvmsync_go/transport/testutil/testutil.go:87.12,89.17 2 1
lvmsync_go/transport/testutil/testutil.go:89.17,92.4 2 0
lvmsync_go/transport/testutil/testutil.go:93.3,94.17 2 1
lvmsync_go/transport/testutil/testutil.go:94.17,98.4 3 0
lvmsync_go/transport/testutil/testutil.go:99.3,101.40 3 1
lvmsync_go/transport/testutil/testutil.go:103.2,104.16 2 1
lvmsync_go/transport/testutil/testutil.go:104.16,106.3 1 0
lvmsync_go/transport/testutil/testutil.go:107.2,111.45 5 1
lvmsync_go/transport/testutil/testutil.go:114.152,119.16 5 0
lvmsync_go/transport/testutil/testutil.go:119.16,121.3 1 0
lvmsync_go/transport/testutil/testutil.go:122.2,125.12 4 0
lvmsync_go/transport/testutil/testutil.go:125.12,128.17 3 0
lvmsync_go/transport/testutil/testutil.go:128.17,131.4 2 0
lvmsync_go/transport/testutil/testutil.go:132.3,134.40 3 0
lvmsync_go/transport/testutil/testutil.go:136.2,137.16 2 0
lvmsync_go/transport/testutil/testutil.go:137.16,140.3 2 0
lvmsync_go/transport/testutil/testutil.go:141.2,144.45 4 0
lvmsync_go/transport/h2/h2.go:56.61,57.23 1 1
lvmsync_go/transport/h2/h2.go:57.23,59.3 1 1
lvmsync_go/transport/h2/h2.go:60.2,60.44 1 1
lvmsync_go/transport/h2/h2.go:60.44,62.3 1 1
lvmsync_go/transport/h2/h2.go:63.2,63.64 1 1
lvmsync_go/transport/h2/h2.go:63.64,65.3 1 1
lvmsync_go/transport/h2/h2.go:66.2,66.64 1 1
lvmsync_go/transport/h2/h2.go:66.64,68.3 1 1
lvmsync_go/transport/h2/h2.go:69.2,70.23 2 1
lvmsync_go/transport/h2/h2.go:70.23,73.3 2 1
lvmsync_go/transport/h2/h2.go:74.2,82.42 2 1
lvmsync_go/transport/h2/h2.go:82.42,84.3 1 1
lvmsync_go/transport/h2/h2.go:85.2,93.42 2 1
lvmsync_go/transport/h2/h2.go:93.42,95.3 1 1
lvmsync_go/transport/h2/h2.go:96.2,100.44 1 1
lvmsync_go/transport/h2/h2.go:100.44,100.84 1 1
lvmsync_go/transport/h2/h2.go:104.13,106.97 2 1
lvmsync_go/transport/h2/h2.go:106.97,108.17 2 0
lvmsync_go/transport/h2/h2.go:108.17,110.4 1 0
lvmsync_go/transport/h2/h2.go:111.3,111.16 1 0
lvmsync_go/transport/h2/h2.go:111.16,113.4 1 0
lvmsync_go/transport/h2/h2.go:114.3,114.17 1 0
lvmsync_go/transport/h2/h2.go:115.17,118.3 2 0
lvmsync_go/transport/h2/h2.go:121.35,121.50 1 0
lvmsync_go/transport/h2/h2.go:123.108,132.34 5 1
lvmsync_go/transport/h2/h2.go:132.34,134.3 1 1
lvmsync_go/transport/h2/h2.go:134.8,138.35 4 1
lvmsync_go/transport/h2/h2.go:138.35,140.4 1 1
lvmsync_go/transport/h2/h2.go:142.2,148.16 3 1
lvmsync_go/transport/h2/h2.go:148.16,152.3 3 1
lvmsync_go/transport/h2/h2.go:153.2,155.18 3 1
lvmsync_go/transport/h2/h2.go:158.105,159.34 1 1
lvmsync_go/transport/h2/h2.go:159.34,161.3 1 1
lvmsync_go/transport/h2/h2.go:162.2,172.36 6 1
lvmsync_go/transport/h2/h2.go:172.36,173.48 1 1
lvmsync_go/transport/h2/h2.go:173.48,175.4 1 0
lvmsync_go/transport/h2/h2.go:176.3,177.35 2 1
lvmsync_go/transport/h2/h2.go:177.35,179.4 1 0
lvmsync_go/transport/h2/h2.go:180.3,180.14 1 1
lvmsync_go/transport/h2/h2.go:183.2,183.28 1 1
lvmsync_go/transport/h2/h2.go:183.28,186.3 2 1
lvmsync_go/transport/h2/h2.go:186.17,195.3 3 0
lvmsync_go/transport/h2/h2.go:196.2,196.28 1 1
lvmsync_go/transport/h2/h2.go:196.28,196.57 1 1
lvmsync_go/transport/h2/h2.go:196.71,205.3 3 0
lvmsync_go/transport/h2/h2.go:206.2,207.28 2 1
lvmsync_go/transport/h2/h2.go:207.28,211.3 3 1
lvmsync_go/transport/h2/h2.go:211.17,220.3 3 1
lvmsync_go/transport/h2/h2.go:220.8,220.51 1 1
lvmsync_go/transport/h2/h2.go:220.51,230.3 4 0
lvmsync_go/transport/h2/h2.go:231.2,231.28 1 1
lvmsync_go/transport/h2/h2.go:231.28,231.60 1 1
lvmsync_go/transport/h2/h2.go:231.74,240.3 3 0
lvmsync_go/transport/h2/h2.go:241.2,241.28 1 1
lvmsync_go/transport/h2/h2.go:241.28,245.3 3 1
lvmsync_go/transport/h2/h2.go:245.17,254.3 3 0
lvmsync_go/transport/h2/h2.go:254.8,254.67 1 1
lvmsync_go/transport/h2/h2.go:254.67,264.3 4 0
lvmsync_go/transport/h2/h2.go:265.2,271.16 3 1
lvmsync_go/transport/h2/h2.go:274.111,280.16 2 1
lvmsync_go/transport/h2/h2.go:280.16,284.3 3 1
lvmsync_go/transport/h2/h2.go:285.2,285.36 1 1
lvmsync_go/transport/h2/h2.go:289.81,298.16 5 1
lvmsync_go/transport/h2/h2.go:298.16,301.3 2 1
lvmsync_go/transport/h2/h2.go:302.2,303.16 2 1
lvmsync_go/transport/h2/h2.go:303.16,307.3 3 0
lvmsync_go/transport/h2/h2.go:308.2,309.46 2 1
lvmsync_go/transport/h2/h2.go:309.46,313.3 3 1
lvmsync_go/transport/h2/h2.go:314.2,319.8 1 1
lvmsync_go/transport/h2/h2.go:323.87,332.16 5 1
lvmsync_go/transport/h2/h2.go:332.16,334.3 1 1
lvmsync_go/transport/h2/h2.go:335.2,341.16 2 1
lvmsync_go/transport/h2/h2.go:341.16,344.3 2 0
lvmsync_go/transport/h2/h2.go:345.2,351.41 3 1
lvmsync_go/transport/h2/h2.go:354.47,356.16 2 1
lvmsync_go/transport/h2/h2.go:356.16,358.3 1 0
lvmsync_go/transport/h2/h2.go:359.2,359.36 1 1
lvmsync_go/transport/h2/h2.go:359.36,360.46 1 1
lvmsync_go/transport/h2/h2.go:360.46,363.4 2 0
lvmsync_go/transport/h2/h2.go:365.2,366.9 2 1
lvmsync_go/transport/h2/h2.go:366.9,369.3 2 0
lvmsync_go/transport/h2/h2.go:370.2,370.44 1 1
lvmsync_go/transport/h2/h2.go:370.44,373.3 2 1
lvmsync_go/transport/h2/h2.go:374.2,376.57 3 1
lvmsync_go/transport/h2/h2.go:376.57,379.3 2 1
lvmsync_go/transport/h2/h2.go:380.2,380.44 1 1
lvmsync_go/transport/h2/h2.go:380.44,383.3 2 0
lvmsync_go/transport/h2/h2.go:384.2,384.42 1 1
lvmsync_go/transport/h2/h2.go:384.42,387.3 2 0
lvmsync_go/transport/h2/h2.go:387.8,387.51 1 1
lvmsync_go/transport/h2/h2.go:387.51,390.3 2 0
lvmsync_go/transport/h2/h2.go:391.2,391.43 1 1
lvmsync_go/transport/h2/h2.go:391.43,394.3 2 0
lvmsync_go/transport/h2/h2.go:395.2,395.46 1 1
lvmsync_go/transport/h2/h2.go:395.46,398.3 2 0
lvmsync_go/transport/h2/h2.go:399.2,399.42 1 1
lvmsync_go/transport/h2/h2.go:399.42,402.3 2 0
lvmsync_go/transport/h2/h2.go:402.8,402.67 1 1
lvmsync_go/transport/h2/h2.go:402.67,405.3 2 0
lvmsync_go/transport/h2/h2.go:406.2,406.54 1 1
lvmsync_go/transport/h2/h2.go:406.54,409.3 2 0
lvmsync_go/transport/h2/h2.go:410.2,415.8 1 1
lvmsync_go/transport/h2/h2.go:418.36,418.59 1 1
lvmsync_go/transport/h2/h2.go:419.36,419.58 1 1
lvmsync_go/transport/h2/h2.go:422.144,431.15 5 1
lvmsync_go/transport/h2/h2.go:431.15,437.17 2 1
lvmsync_go/transport/h2/h2.go:437.17,440.4 2 1
lvmsync_go/transport/h2/h2.go:440.9,461.4 2 1
lvmsync_go/transport/h2/h2.go:464.2,464.33 1 1
lvmsync_go/transport/h2/h2.go:464.33,467.73 3 1
lvmsync_go/transport/h2/h2.go:467.73,469.4 1 0
lvmsync_go/transport/h2/h2.go:470.3,470.91 1 1
lvmsync_go/transport/h2/h2.go:470.91,472.4 1 0
lvmsync_go/transport/h2/h2.go:473.3,474.36 2 1
lvmsync_go/transport/h2/h2.go:475.8,475.48 1 1
lvmsync_go/transport/h2/h2.go:475.48,479.73 4 0
lvmsync_go/transport/h2/h2.go:479.73,481.4 1 0
lvmsync_go/transport/h2/h2.go:482.3,482.91 1 0
lvmsync_go/transport/h2/h2.go:482.91,484.4 1 0
lvmsync_go/transport/h2/h2.go:485.3,486.36 2 0
lvmsync_go/transport/h2/h2.go:488.2,489.25 2 1
lvmsync_go/transport/h2/h2.go:489.25,491.3 1 1
lvmsync_go/transport/h2/h2.go:492.2,492.14 1 1
lvmsync_go/transport/h2/h2.go:493.24,494.47 1 1
lvmsync_go/transport/h2/h2.go:494.47,496.4 1 0
lvmsync_go/transport/h2/h2.go:497.3,497.56 1 1
lvmsync_go/transport/h2/h2.go:497.56,500.4 2 1
lvmsync_go/transport/h2/h2.go:501.3,503.47 2 1
lvmsync_go/transport/h2/h2.go:503.47,505.4 1 0
lvmsync_go/transport/h2/h2.go:506.3,508.17 3 1
lvmsync_go/transport/h2/h2.go:508.17,510.4 1 1
lvmsync_go/transport/h2/h2.go:511.3,512.60 2 1
lvmsync_go/transport/h2/h2.go:512.60,514.4 1 0
lvmsync_go/transport/h2/h2.go:515.3,515.19 1 1
lvmsync_go/transport/h2/h2.go:516.24,517.47 1 1
lvmsync_go/transport/h2/h2.go:517.47,519.4 1 0
lvmsync_go/transport/h2/h2.go:520.3,522.17 3 1
lvmsync_go/transport/h2/h2.go:522.17,524.4 1 0
lvmsync_go/transport/h2/h2.go:525.3,526.60 2 1
lvmsync_go/transport/h2/h2.go:526.60,528.4 1 1
lvmsync_go/transport/h2/h2.go:529.3,529.47 1 1
lvmsync_go/transport/h2/h2.go:529.47,531.4 1 0
lvmsync_go/transport/h2/h2.go:532.3,532.56 1 1
lvmsync_go/transport/h2/h2.go:532.56,535.4 2 0
lvmsync_go/transport/h2/h2.go:536.3,537.19 2 1
lvmsync_go/transport/h2/h2.go:538.10,539.19 1 0
lvmsync_go/transport/h2/h2.go:543.60,544.34 1 1
lvmsync_go/transport/h2/h2.go:544.34,546.3 1 1
lvmsync_go/transport/h2/h2.go:547.2,547.12 1 1
lvmsync_go/transport/h2/h2.go:550.35,552.2 1 1
lvmsync_go/transport/h2/h2.go:555.44,558.38 3 1
lvmsync_go/transport/h2/h2.go:558.38,560.3 1 0
lvmsync_go/transport/h2/h2.go:561.2,561.27 1 1
lvmsync_go/transport/h2/h2.go:561.27,563.17 2 1
lvmsync_go/transport/h2/h2.go:563.17,565.4 1 0
lvmsync_go/transport/h2/h2.go:566.3,567.48 2 1
lvmsync_go/transport/h2/h2.go:567.48,568.12 1 0
lvmsync_go/transport/h2/h2.go:570.3,571.23 2 1
lvmsync_go/transport/h2/h2.go:571.23,573.9 2 1
lvmsync_go/transport/h2/h2.go:576.2,576.26 1 1
lvmsync_go/transport/h2/h2.go:579.45,583.17 4 1
lvmsync_go/transport/h2/h2.go:583.17,585.23 2 1
lvmsync_go/transport/h2/h2.go:585.23,587.4 1 0
lvmsync_go/transport/h2/h2.go:588.3,588.66 1 1
lvmsync_go/transport/h2/h2.go:588.66,590.4 1 0
lvmsync_go/transport/h2/h2.go:591.3,592.12 2 1
lvmsync_go/transport/h2/h2.go:594.2,594.21 1 1
lvmsync_go/transport/h2/h2.go:597.30,603.2 5 1
lvmsync_go/transport/h2/h2.go:605.52,605.84 1 1
lvmsync_go/transport/h2/h2.go:606.52,606.88 1 0
lvmsync_go/transport/h2/h2.go:607.52,607.89 1 0
lvmsync_go/transport/tcp_tls/tcp_tls.go:33.61,34.23 1 1
lvmsync_go/transport/tcp_tls/tcp_tls.go:34.23,36.3 1 1
lvmsync_go/transport/tcp_tls/tcp_tls.go:37.2,37.44 1 1
lvmsync_go/transport/tcp_tls/tcp_tls.go:37.44,39.3 1 1
lvmsync_go/transport/tcp_tls/tcp_tls.go:40.2,40.64 1 1
lvmsync_go/transport/tcp_tls/tcp_tls.go:40.64,42.3 1 1
lvmsync_go/transport/tcp_tls/tcp_tls.go:43.2,43.64 1 1
lvmsync_go/transport/tcp_tls/tcp_tls.go:43.64,45.3 1 0
lvmsync_go/transport/tcp_tls/tcp_tls.go:46.2,47.23 2 1
lvmsync_go/transport/tcp_tls/tcp_tls.go:47.23,50.3 2 1
lvmsync_go/transport/tcp_tls/tcp_tls.go:51.2,67.41 3 1
lvmsync_go/transport/tcp_tls/tcp_tls.go:67.41,69.3 1 1
lvmsync_go/transport/tcp_tls/tcp_tls.go:70.2,70.41 1 1
lvmsync_go/transport/tcp_tls/tcp_tls.go:70.41,72.3 1 1
lvmsync_go/transport/tcp_tls/tcp_tls.go:73.2,73.92 1 1
lvmsync_go/transport/tcp_tls/tcp_tls.go:76.13,78.102 2 1
lvmsync_go/transport/tcp_tls/tcp_tls.go:78.102,80.17 2 0
lvmsync_go/transport/tcp_tls/tcp_tls.go:80.17,82.4 1 0
lvmsync_go/transport/tcp_tls/tcp_tls.go:83.3,83.16 1 0
lvmsync_go/transport/tcp_tls/tcp_tls.go:83.16,85.4 1 0
lvmsync_go/transport/tcp_tls/tcp_tls.go:86.3,86.17 1 0
lvmsync_go/transport/tcp_tls/tcp_tls.go:87.17,90.3 2 0
lvmsync_go/transport/tcp_tls/tcp_tls.go:93.35,93.55 1 0
lvmsync_go/transport/tcp_tls/tcp_tls.go:95.81,104.9 5 1
lvmsync_go/transport/tcp_tls/tcp_tls.go:104.9,109.3 4 1
lvmsync_go/transport/tcp_tls/tcp_tls.go:110.2,112.16 3 1
lvmsync_go/transport/tcp_tls/tcp_tls.go:112.16,121.3 3 1
lvmsync_go/transport/tcp_tls/tcp_tls.go:122.2,123.61 2 1
lvmsync_go/transport/tcp_tls/tcp_tls.go:123.61,126.3 2 1
lvmsync_go/transport/tcp_tls/tcp_tls.go:127.2,127.48 1 1
lvmsync_go/transport/tcp_tls/tcp_tls.go:127.48,137.3 4 0
lvmsync_go/transport/tcp_tls/tcp_tls.go:138.2,139.51 2 1
lvmsync_go/transport/tcp_tls/tcp_tls.go:139.51,149.3 4 1
lvmsync_go/transport/tcp_tls/tcp_tls.go:150.2,151.38 2 1
lvmsync_go/transport/tcp_tls/tcp_tls.go:151.38,162.3 5 0
lvmsync_go/transport/tcp_tls/tcp_tls.go:163.2,163.45 1 1
lvmsync_go/transport/tcp_tls/tcp_tls.go:163.45,173.3 4 0
lvmsync_go/transport/tcp_tls/tcp_tls.go:174.2,180.54 3 1
lvmsync_go/transport/tcp_tls/tcp_tls.go:180.54,183.3 2 0
lvmsync_go/transport/tcp_tls/tcp_tls.go:184.2,184.18 1 1
lvmsync_go/transport/tcp_tls/tcp_tls.go:187.87,197.16 6 1
lvmsync_go/transport/tcp_tls/tcp_tls.go:197.16,199.13 2 1
lvmsync_go/transport/tcp_tls/tcp_tls.go:199.13,201.37 2 1
lvmsync_go/transport/tcp_tls/tcp_tls.go:201.37,203.5 1 1
lvmsync_go/transport/tcp_tls/tcp_tls.go:206.2,212.16 2 1
lvmsync_go/transport/tcp_tls/tcp_tls.go:212.16,214.3 1 1
lvmsync_go/transport/tcp_tls/tcp_tls.go:214.8,221.3 2 1
lvmsync_go/transport/tcp_tls/tcp_tls.go:222.2,222.16 1 1
lvmsync_go/transport/tcp_tls/tcp_tls.go:225.144,234.15 5 1
lvmsync_go/transport/tcp_tls/tcp_tls.go:234.15,240.17 2 1
lvmsync_go/transport/tcp_tls/tcp_tls.go:240.17,243.4 2 1
lvmsync_go/transport/tcp_tls/tcp_tls.go:243.9,246.4 2 1
lvmsync_go/transport/tcp_tls/tcp_tls.go:249.2,249.41 1 1
lvmsync_go/transport/tcp_tls/tcp_tls.go:249.41,251.31 2 1
lvmsync_go/transport/tcp_tls/tcp_tls.go:251.31,252.56 1 1
lvmsync_go/transport/tcp_tls/tcp_tls.go:252.56,254.5 1 0
lvmsync_go/transport/tcp_tls/tcp_tls.go:255.4,255.37 1 1
lvmsync_go/transport/tcp_tls/tcp_tls.go:257.3,259.73 3 1
lvmsync_go/transport/tcp_tls/tcp_tls.go:259.73,261.4 1 0
lvmsync_go/transport/tcp_tls/tcp_tls.go:262.3,262.91 1 1
lvmsync_go/transport/tcp_tls/tcp_tls.go:262.91,264.4 1 0
lvmsync_go/transport/tcp_tls/tcp_tls.go:265.3,265.27 1 1
lvmsync_go/transport/tcp_tls/tcp_tls.go:265.27,267.4 1 1
lvmsync_go/transport/tcp_tls/tcp_tls.go:268.3,268.30 1 1
lvmsync_go/transport/tcp_tls/tcp_tls.go:268.30,270.4 1 1
lvmsync_go/transport/tcp_tls/tcp_tls.go:273.2,274.25 2 1
lvmsync_go/transport/tcp_tls/tcp_tls.go:274.25,276.3 1 1
lvmsync_go/transport/tcp_tls/tcp_tls.go:277.2,277.14 1 1
lvmsync_go/transport/tcp_tls/tcp_tls.go:278.24,279.47 1 1
lvmsync_go/transport/tcp_tls/tcp_tls.go:279.47,281.4 1 0
lvmsync_go/transport/tcp_tls/tcp_tls.go:282.3,282.56 1 1
lvmsync_go/transport/tcp_tls/tcp_tls.go:282.56,285.4 2 1
lvmsync_go/transport/tcp_tls/tcp_tls.go:286.3,288.47 2 1
lvmsync_go/transport/tcp_tls/tcp_tls.go:288.47,290.4 1 0
lvmsync_go/transport/tcp_tls/tcp_tls.go:291.3,293.17 3 1
lvmsync_go/transport/tcp_tls/tcp_tls.go:293.17,295.4 1 1
lvmsync_go/transport/tcp_tls/tcp_tls.go:296.3,297.60 2 1
lvmsync_go/transport/tcp_tls/tcp_tls.go:297.60,299.4 1 0
lvmsync_go/transport/tcp_tls/tcp_tls.go:300.3,300.19 1 1
lvmsync_go/transport/tcp_tls/tcp_tls.go:301.24,302.47 1 1
lvmsync_go/transport/tcp_tls/tcp_tls.go:302.47,304.4 1 0
lvmsync_go/transport/tcp_tls/tcp_tls.go:305.3,307.17 3 1
lvmsync_go/transport/tcp_tls/tcp_tls.go:307.17,309.4 1 0
lvmsync_go/transport/tcp_tls/tcp_tls.go:310.3,311.60 2 1
lvmsync_go/transport/tcp_tls/tcp_tls.go:311.60,313.4 1 1
lvmsync_go/transport/tcp_tls/tcp_tls.go:314.3,314.47 1 1
lvmsync_go/transport/tcp_tls/tcp_tls.go:314.47,316.4 1 0
lvmsync_go/transport/tcp_tls/tcp_tls.go:317.3,317.56 1 1
lvmsync_go/transport/tcp_tls/tcp_tls.go:317.56,320.4 2 0
lvmsync_go/transport/tcp_tls/tcp_tls.go:321.3,322.19 2 1
lvmsync_go/transport/tcp_tls/tcp_tls.go:323.10,324.51 1 1
lvmsync_go/transport/tcp_tls/tcp_tls.go:328.60,329.34 1 1
lvmsync_go/transport/tcp_tls/tcp_tls.go:329.34,331.3 1 1
lvmsync_go/transport/tcp_tls/tcp_tls.go:332.2,332.12 1 1
lvmsync_go/transport/tcp_tls/tcp_tls.go:335.55,336.54 1 1
lvmsync_go/transport/tcp_tls/tcp_tls.go:336.54,338.3 1 1
