mode: set
lvmsync_go/app/app.go:21.26,26.2 1 1
lvmsync_go/app/app.go:28.46,30.17 2 1
lvmsync_go/app/app.go:30.17,32.3 1 0
lvmsync_go/app/app.go:33.2,33.32 1 1
lvmsync_go/app/app.go:33.32,35.3 1 1
lvmsync_go/app/app.go:36.2,36.33 1 1
lvmsync_go/app/app.go:36.33,38.3 1 1
lvmsync_go/app/app.go:39.2,39.10 1 1
lvmsync_go/app/app.go:42.150,48.2 5 1
lvmsync_go/app/app.go:50.154,52.2 1 1
lvmsync_go/app/app.go:54.138,56.2 1 0
lvmsync_go/app/app.go:58.142,60.2 1 0
lvmsync_go/cmd/configdoc/main.go:20.26,25.34 1 1
lvmsync_go/cmd/configdoc/main.go:25.34,25.61 1 0
lvmsync_go/cmd/configdoc/main.go:29.133,31.20 2 1
lvmsync_go/cmd/configdoc/main.go:31.20,33.3 1 1
lvmsync_go/cmd/configdoc/main.go:34.2,34.21 1 1
lvmsync_go/cmd/configdoc/main.go:34.21,36.3 1 1
lvmsync_go/cmd/configdoc/main.go:37.2,37.21 1 1
lvmsync_go/cmd/configdoc/main.go:37.21,39.3 1 1
lvmsync_go/cmd/configdoc/main.go:40.2,40.23 1 1
lvmsync_go/cmd/configdoc/main.go:40.23,42.3 1 1
lvmsync_go/cmd/configdoc/main.go:43.2,43.10 1 1
lvmsync_go/cmd/configdoc/main.go:46.24,49.32 3 1
lvmsync_go/cmd/configdoc/main.go:49.32,53.3 3 1
lvmsync_go/cmd/configdoc/main.go:54.2,54.11 1 0
lvmsync_go/cmd/configdoc/main.go:57.13,57.34 1 0
lvmsync_go/cmd/configdoc/main.go:59.18,61.16 2 1
lvmsync_go/cmd/configdoc/main.go:61.16,63.3 1 0
lvmsync_go/cmd/configdoc/main.go:64.2,66.16 3 1
lvmsync_go/cmd/configdoc/main.go:66.16,68.3 1 1
lvmsync_go/cmd/configdoc/main.go:69.2,69.63 1 1
lvmsync_go/cmd/configdoc/main.go:69.63,71.3 1 0
lvmsync_go/cmd/configdoc/main.go:72.2,72.12 1 1
lvmsync_go/cmd/configdoc/main.go:75.35,77.16 2 1
lvmsync_go/cmd/configdoc/main.go:77.16,79.3 1 1
lvmsync_go/cmd/configdoc/main.go:80.2,80.58 1 1
lvmsync_go/cmd/configdoc/main.go:83.37,85.16 2 1
lvmsync_go/cmd/configdoc/main.go:85.16,87.3 1 0
lvmsync_go/cmd/configdoc/main.go:88.2,88.6 1 1
lvmsync_go/cmd/configdoc/main.go:88.6,89.66 1 1
lvmsync_go/cmd/configdoc/main.go:89.66,91.4 1 1
lvmsync_go/cmd/configdoc/main.go:92.3,93.20 2 1
lvmsync_go/cmd/configdoc/main.go:93.20,95.4 1 1
lvmsync_go/cmd/configdoc/main.go:96.3,96.15 1 1
lvmsync_go/cmd/lvmsync/signals/signals.go:25.158,27.2 1 0
lvmsync_go/cmd/lvmsync/signals/signals.go:35.26,35.80 1 0
lvmsync_go/cmd/lvmsync/signals/signals.go:38.89,40.2 1 1
lvmsync_go/cmd/lvmsync/signals/signals.go:44.154,47.87 3 1
lvmsync_go/cmd/lvmsync/signals/signals.go:47.87,50.72 3 1
lvmsync_go/cmd/lvmsync/signals/signals.go:50.72,52.4 1 1
lvmsync_go/cmd/lvmsync/signals/signals.go:52.9,54.4 1 1
lvmsync_go/cmd/lvmsync/signals/signals.go:56.2,56.49 1 1
lvmsync_go/cmd/lvmsync/cobra.go:45.82,47.2 1 1
lvmsync_go/cmd/lvmsync/cobra.go:50.95,52.2 1 1
lvmsync_go/cmd/lvmsync/cobra.go:55.66,57.2 1 1
lvmsync_go/cmd/lvmsync/cobra.go:60.26,62.73 1 1
lvmsync_go/cmd/lvmsync/cobra.go:62.73,62.87 1 1
lvmsync_go/cmd/lvmsync/cobra.go:63.86,64.18 1 0
lvmsync_go/cmd/lvmsync/cobra.go:64.18,67.5 2 0
lvmsync_go/cmd/lvmsync/cobra.go:68.4,69.18 2 0
lvmsync_go/cmd/lvmsync/cobra.go:69.18,71.5 1 0
lvmsync_go/cmd/lvmsync/cobra.go:72.4,73.31 2 0
lvmsync_go/cmd/lvmsync/cobra.go:73.31,77.5 3 0
lvmsync_go/cmd/lvmsync/cobra.go:78.4,79.33 2 0
lvmsync_go/cmd/lvmsync/cobra.go:79.33,81.5 1 0
lvmsync_go/cmd/lvmsync/cobra.go:82.4,93.5 1 0
lvmsync_go/cmd/lvmsync/cobra.go:95.57,95.95 1 0
lvmsync_go/cmd/lvmsync/cobra.go:104.11,106.16 2 1
lvmsync_go/cmd/lvmsync/cobra.go:106.16,108.3 1 1
lvmsync_go/cmd/lvmsync/cobra.go:109.2,109.20 1 1
lvmsync_go/cmd/lvmsync/cobra.go:109.20,111.3 1 1
lvmsync_go/cmd/lvmsync/cobra.go:112.2,112.19 1 1
lvmsync_go/cmd/lvmsync/cobra.go:112.19,114.3 1 1
lvmsync_go/cmd/lvmsync/cobra.go:115.2,115.10 1 1
lvmsync_go/cmd/lvmsync/cobra.go:119.63,120.14 1 1
lvmsync_go/cmd/lvmsync/cobra.go:120.14,122.3 1 1
lvmsync_go/cmd/lvmsync/cobra.go:123.2,132.55 2 1
lvmsync_go/cmd/lvmsync/cobra.go:132.55,134.18 2 1
lvmsync_go/cmd/lvmsync/cobra.go:134.18,136.5 1 0
lvmsync_go/cmd/lvmsync/cobra.go:137.4,140.18 4 1
lvmsync_go/cmd/lvmsync/cobra.go:140.18,142.5 1 1
lvmsync_go/cmd/lvmsync/cobra.go:143.4,143.28 1 1
lvmsync_go/cmd/lvmsync/cobra.go:143.28,145.12 2 1
lvmsync_go/cmd/lvmsync/cobra.go:146.61,151.7 2 0
lvmsync_go/cmd/lvmsync/cobra.go:152.56,153.77 1 1
lvmsync_go/cmd/lvmsync/cobra.go:155.5,155.52 1 1
lvmsync_go/cmd/lvmsync/cobra.go:157.4,157.27 1 1
lvmsync_go/cmd/lvmsync/cobra.go:157.27,160.5 2 0
lvmsync_go/cmd/lvmsync/cobra.go:161.4,161.22 1 1
lvmsync_go/cmd/lvmsync/cobra.go:161.22,163.25 2 1
lvmsync_go/cmd/lvmsync/cobra.go:163.25,165.6 1 1
lvmsync_go/cmd/lvmsync/cobra.go:166.5,166.19 1 1
lvmsync_go/cmd/lvmsync/cobra.go:166.19,168.6 1 0
lvmsync_go/cmd/lvmsync/cobra.go:169.5,170.35 2 1
lvmsync_go/cmd/lvmsync/cobra.go:172.4,172.18 1 1
lvmsync_go/cmd/lvmsync/cobra.go:172.18,173.71 1 1
lvmsync_go/cmd/lvmsync/cobra.go:173.71,175.6 1 0
lvmsync_go/cmd/lvmsync/cobra.go:176.5,176.15 1 1
lvmsync_go/cmd/lvmsync/cobra.go:178.4,190.58 2 1
lvmsync_go/cmd/lvmsync/cobra.go:194.2,203.55 2 1
lvmsync_go/cmd/lvmsync/cobra.go:203.55,205.18 2 1
lvmsync_go/cmd/lvmsync/cobra.go:205.18,207.5 1 0
lvmsync_go/cmd/lvmsync/cobra.go:208.4,216.18 9 1
lvmsync_go/cmd/lvmsync/cobra.go:216.18,218.5 1 1
lvmsync_go/cmd/lvmsync/cobra.go:219.4,219.28 1 1
lvmsync_go/cmd/lvmsync/cobra.go:219.28,221.12 2 0
lvmsync_go/cmd/lvmsync/cobra.go:222.61,227.7 2 0
lvmsync_go/cmd/lvmsync/cobra.go:228.56,229.77 1 0
lvmsync_go/cmd/lvmsync/cobra.go:231.5,231.52 1 0
lvmsync_go/cmd/lvmsync/cobra.go:233.4,233.27 1 1
lvmsync_go/cmd/lvmsync/cobra.go:233.27,236.5 2 0
lvmsync_go/cmd/lvmsync/cobra.go:237.4,237.55 1 1
lvmsync_go/cmd/lvmsync/cobra.go:240.2,246.55 2 1
lvmsync_go/cmd/lvmsync/cobra.go:246.55,248.4 1 1
lvmsync_go/cmd/lvmsync/cobra.go:251.2,252.16 2 1
lvmsync_go/cmd/lvmsync/cobra.go:257.55,259.2 1 0
lvmsync_go/cmd/lvmsync/cobra.go:263.76,266.17 3 1
lvmsync_go/cmd/lvmsync/cobra.go:266.17,268.3 1 1
lvmsync_go/cmd/lvmsync/cobra.go:269.2,269.22 1 1
lvmsync_go/cmd/lvmsync/cobra.go:272.81,274.16 2 1
lvmsync_go/cmd/lvmsync/cobra.go:274.16,276.3 1 1
lvmsync_go/cmd/lvmsync/cobra.go:277.2,279.28 2 1
lvmsync_go/cmd/lvmsync/cobra.go:279.28,288.3 3 1
lvmsync_go/cmd/lvmsync/cobra.go:290.2,291.16 2 1
lvmsync_go/cmd/lvmsync/cobra.go:291.16,293.3 1 1
lvmsync_go/cmd/lvmsync/cobra.go:294.2,297.16 3 1
lvmsync_go/cmd/lvmsync/cobra.go:297.16,299.3 1 0
lvmsync_go/cmd/lvmsync/cobra.go:300.2,304.19 4 1
lvmsync_go/cmd/lvmsync/cobra.go:304.19,306.3 1 0
lvmsync_go/cmd/lvmsync/cobra.go:307.2,308.37 2 1
lvmsync_go/cmd/lvmsync/cobra.go:308.37,310.3 1 0
lvmsync_go/cmd/lvmsync/cobra.go:312.2,313.39 2 1
lvmsync_go/cmd/lvmsync/cobra.go:313.39,315.23 2 1
lvmsync_go/cmd/lvmsync/cobra.go:315.23,317.4 1 0
lvmsync_go/cmd/lvmsync/cobra.go:318.3,319.17 2 1
lvmsync_go/cmd/lvmsync/cobra.go:319.17,321.4 1 0
lvmsync_go/cmd/lvmsync/cobra.go:322.3,324.34 3 1
lvmsync_go/cmd/lvmsync/cobra.go:324.34,326.4 1 0
lvmsync_go/cmd/lvmsync/cobra.go:327.3,330.60 4 1
lvmsync_go/cmd/lvmsync/cobra.go:330.60,330.77 1 1
lvmsync_go/cmd/lvmsync/cobra.go:330.79,332.4 1 1
lvmsync_go/cmd/lvmsync/cobra.go:333.3,333.20 1 1
lvmsync_go/cmd/lvmsync/cobra.go:333.20,334.9 1 0
lvmsync_go/cmd/lvmsync/cobra.go:338.2,339.17 2 1
lvmsync_go/cmd/lvmsync/cobra.go:339.17,341.3 1 1
lvmsync_go/cmd/lvmsync/cobra.go:342.2,351.12 4 1
lvmsync_go/cmd/lvmsyncd/lvmsyncd.go:45.54,47.25 2 1
lvmsync_go/cmd/lvmsyncd/lvmsyncd.go:47.25,48.14 1 1
lvmsync_go/cmd/lvmsyncd/lvmsyncd.go:48.14,50.4 1 1
lvmsync_go/cmd/lvmsyncd/lvmsyncd.go:52.2,52.10 1 1
lvmsync_go/cmd/lvmsyncd/lvmsyncd.go:55.43,68.2 1 1
lvmsync_go/cmd/lvmsyncd/lvmsyncd.go:70.58,83.41 13 1
lvmsync_go/cmd/lvmsyncd/lvmsyncd.go:83.41,85.3 1 0
lvmsync_go/cmd/lvmsyncd/lvmsyncd.go:86.2,89.12 4 1
lvmsync_go/cmd/lvmsyncd/lvmsyncd.go:92.51,99.52 3 1
lvmsync_go/cmd/lvmsyncd/lvmsyncd.go:99.52,104.4 4 1
lvmsync_go/cmd/lvmsyncd/lvmsyncd.go:106.2,106.42 1 1
lvmsync_go/cmd/lvmsyncd/lvmsyncd.go:106.42,108.3 1 0
lvmsync_go/cmd/lvmsyncd/lvmsyncd.go:109.2,110.22 2 1
lvmsync_go/cmd/lvmsyncd/lvmsyncd.go:115.57,115.84 1 0
lvmsync_go/cmd/lvmsyncd/lvmsyncd.go:116.57,116.86 1 0
lvmsync_go/cmd/lvmsyncd/lvmsyncd.go:117.57,117.71 1 0
lvmsync_go/cmd/lvmsyncd/lvmsyncd.go:118.57,118.86 1 0
lvmsync_go/cmd/lvmsyncd/lvmsyncd.go:119.57,119.86 1 0
lvmsync_go/cmd/lvmsyncd/lvmsyncd.go:120.57,120.71 1 0
lvmsync_go/cmd/lvmsyncd/lvmsyncd.go:121.57,121.71 1 0
lvmsync_go/cmd/lvmsyncd/lvmsyncd.go:122.57,122.71 1 0
lvmsync_go/cmd/lvmsyncd/lvmsyncd.go:126.37,126.57 1 0
lvmsync_go/cmd/lvmsyncd/lvmsyncd.go:127.37,127.57 1 0
lvmsync_go/cmd/lvmsyncd/lvmsyncd.go:134.58,136.28 2 1
lvmsync_go/cmd/lvmsyncd/lvmsyncd.go:136.28,137.14 1 1
lvmsync_go/cmd/lvmsyncd/lvmsyncd.go:137.14,138.12 1 0
lvmsync_go/cmd/lvmsyncd/lvmsyncd.go:140.3,141.17 2 1
lvmsync_go/cmd/lvmsyncd/lvmsyncd.go:141.17,143.4 1 0
lvmsync_go/cmd/lvmsyncd/lvmsyncd.go:144.3,144.21 1 1
lvmsync_go/cmd/lvmsyncd/lvmsyncd.go:144.21,146.4 1 0
lvmsync_go/cmd/lvmsyncd/lvmsyncd.go:147.3,148.17 2 1
lvmsync_go/cmd/lvmsyncd/lvmsyncd.go:148.17,150.4 1 0
lvmsync_go/cmd/lvmsyncd/lvmsyncd.go:151.3,151.66 1 1
lvmsync_go/cmd/lvmsyncd/lvmsyncd.go:153.2,153.19 1 1
lvmsync_go/cmd/lvmsyncd/lvmsyncd.go:156.73,158.25 2 1
lvmsync_go/cmd/lvmsyncd/lvmsyncd.go:158.25,159.122 1 1
lvmsync_go/cmd/lvmsyncd/lvmsyncd.go:159.122,161.4 1 1
lvmsync_go/cmd/lvmsyncd/lvmsyncd.go:162.8,164.3 1 1
lvmsync_go/cmd/lvmsyncd/lvmsyncd.go:165.2,165.51 1 1
lvmsync_go/cmd/lvmsyncd/lvmsyncd.go:165.51,167.17 2 0
lvmsync_go/cmd/lvmsyncd/lvmsyncd.go:167.17,169.4 1 0
lvmsync_go/cmd/lvmsyncd/lvmsyncd.go:170.3,170.24 1 0
lvmsync_go/cmd/lvmsyncd/lvmsyncd.go:172.2,172.51 1 1
lvmsync_go/cmd/lvmsyncd/lvmsyncd.go:172.51,174.17 2 0
lvmsync_go/cmd/lvmsyncd/lvmsyncd.go:174.17,176.4 1 0
lvmsync_go/cmd/lvmsyncd/lvmsyncd.go:177.3,177.24 1 0
lvmsync_go/cmd/lvmsyncd/lvmsyncd.go:179.2,179.23 1 1
lvmsync_go/cmd/lvmsyncd/lvmsyncd.go:179.23,181.17 2 0
lvmsync_go/cmd/lvmsyncd/lvmsyncd.go:181.17,183.4 1 0
lvmsync_go/cmd/lvmsyncd/lvmsyncd.go:184.3,185.37 2 0
lvmsync_go/cmd/lvmsyncd/lvmsyncd.go:185.37,187.4 1 0
lvmsync_go/cmd/lvmsyncd/lvmsyncd.go:188.3,188.20 1 0
lvmsync_go/cmd/lvmsyncd/lvmsyncd.go:190.2,191.16 2 1
lvmsync_go/cmd/lvmsyncd/lvmsyncd.go:191.16,193.3 1 0
lvmsync_go/cmd/lvmsyncd/lvmsyncd.go:194.2,194.30 1 1
lvmsync_go/cmd/lvmsyncd/lvmsyncd.go:194.30,196.21 2 0
lvmsync_go/cmd/lvmsyncd/lvmsyncd.go:196.21,198.4 1 0
lvmsync_go/cmd/lvmsyncd/lvmsyncd.go:199.3,200.17 2 0
lvmsync_go/cmd/lvmsyncd/lvmsyncd.go:200.17,202.4 1 0
lvmsync_go/cmd/lvmsyncd/lvmsyncd.go:203.3,204.57 2 0
lvmsync_go/cmd/lvmsyncd/lvmsyncd.go:206.2,206.21 1 1
lvmsync_go/cmd/lvmsyncd/lvmsyncd.go:206.21,208.17 2 0
lvmsync_go/cmd/lvmsyncd/lvmsyncd.go:208.17,210.4 1 0
lvmsync_go/cmd/lvmsyncd/lvmsyncd.go:211.3,211.25 1 0
lvmsync_go/cmd/lvmsyncd/lvmsyncd.go:211.25,213.18 2 0
lvmsync_go/cmd/lvmsyncd/lvmsyncd.go:213.18,215.5 1 0
lvmsync_go/cmd/lvmsyncd/lvmsyncd.go:216.4,218.33 3 0
lvmsync_go/cmd/lvmsyncd/lvmsyncd.go:218.33,220.30 2 0
lvmsync_go/cmd/lvmsyncd/lvmsyncd.go:220.30,222.10 2 0
lvmsync_go/cmd/lvmsyncd/lvmsyncd.go:222.10,224.21 2 0
lvmsync_go/cmd/lvmsyncd/lvmsyncd.go:224.21,225.28 1 0
lvmsync_go/cmd/lvmsyncd/lvmsyncd.go:225.28,227.9 1 0
lvmsync_go/cmd/lvmsyncd/lvmsyncd.go:228.8,229.14 2 0
lvmsync_go/cmd/lvmsyncd/lvmsyncd.go:231.7,231.54 1 0
lvmsync_go/cmd/lvmsyncd/lvmsyncd.go:235.4,236.11 2 0
lvmsync_go/cmd/lvmsyncd/lvmsyncd.go:237.22,240.21 3 0
lvmsync_go/cmd/lvmsyncd/lvmsyncd.go:241.24,242.15 1 0
lvmsync_go/cmd/lvmsyncd/lvmsyncd.go:245.3,245.45 1 0
lvmsync_go/cmd/lvmsyncd/lvmsyncd.go:247.2,249.27 3 1
lvmsync_go/cmd/lvmsyncd/lvmsyncd.go:249.27,251.17 2 1
lvmsync_go/cmd/lvmsyncd/lvmsyncd.go:251.17,253.4 1 0
lvmsync_go/cmd/lvmsyncd/lvmsyncd.go:254.3,254.20 1 1
lvmsync_go/cmd/lvmsyncd/lvmsyncd.go:254.20,256.4 1 0
lvmsync_go/cmd/lvmsyncd/lvmsyncd.go:257.3,258.17 2 1
lvmsync_go/cmd/lvmsyncd/lvmsyncd.go:258.17,260.4 1 0
lvmsync_go/cmd/lvmsyncd/lvmsyncd.go:261.3,262.52 2 1
lvmsync_go/cmd/lvmsyncd/lvmsyncd.go:262.52,264.8 2 1
lvmsync_go/cmd/lvmsyncd/lvmsyncd.go:264.8,266.19 2 1
lvmsync_go/cmd/lvmsyncd/lvmsyncd.go:266.19,267.26 1 1
lvmsync_go/cmd/lvmsyncd/lvmsyncd.go:267.26,269.7 1 1
lvmsync_go/cmd/lvmsyncd/lvmsyncd.go:270.6,271.12 2 0
lvmsync_go/cmd/lvmsyncd/lvmsyncd.go:273.5,273.52 1 0
lvmsync_go/cmd/lvmsyncd/lvmsyncd.go:277.2,277.9 1 1
lvmsync_go/cmd/lvmsyncd/lvmsyncd.go:278.20,280.19 2 1
lvmsync_go/cmd/lvmsyncd/lvmsyncd.go:281.22,282.13 1 0
lvmsync_go/cmd/lvmsyncd/lvmsyncd.go:286.132,289.15 3 1
lvmsync_go/cmd/lvmsyncd/lvmsyncd.go:289.15,292.3 2 1
lvmsync_go/cmd/lvmsyncd/lvmsyncd.go:293.2,293.89 1 1
lvmsync_go/cmd/lvmsyncd/lvmsyncd.go:293.89,296.3 2 0
lvmsync_go/cmd/lvmsyncd/lvmsyncd.go:297.2,299.16 3 1
lvmsync_go/cmd/lvmsyncd/lvmsyncd.go:299.16,301.3 1 0
lvmsync_go/cmd/lvmsyncd/lvmsyncd.go:302.2,303.32 2 1
lvmsync_go/cmd/lvmsyncd/lvmsyncd.go:303.32,306.3 2 1
lvmsync_go/cmd/lvmsyncd/lvmsyncd.go:307.2,308.12 2 1
lvmsync_go/cmd/lvmsyncd/lvmsyncd.go:311.13,313.49 2 0
lvmsync_go/cmd/lvmsyncd/lvmsyncd.go:313.49,315.3 1 0
lvmsync_go/cmd/privdrop/main.go:16.26,21.2 1 0
lvmsync_go/cmd/privdrop/main.go:23.138,25.2 1 1
lvmsync_go/cmd/privdrop/main.go:27.46,29.16 2 1
lvmsync_go/cmd/privdrop/main.go:29.16,32.3 2 1
lvmsync_go/cmd/privdrop/main.go:33.2,33.14 1 1
lvmsync_go/cmd/privdrop/main.go:33.14,35.3 1 1
lvmsync_go/cmd/privdrop/main.go:37.2,37.74 1 1
lvmsync_go/cmd/privdrop/main.go:37.74,40.3 2 1
lvmsync_go/cmd/privdrop/main.go:42.2,43.10 2 1
lvmsync_go/cmd/privdrop/main.go:46.13,52.2 4 0
lvmsync_go/cmd/manifest/main.go:25.26,27.2 1 1
lvmsync_go/cmd/manifest/main.go:35.11,37.2 1 1
lvmsync_go/cmd/manifest/main.go:39.13,42.2 2 1
lvmsync_go/cmd/manifest/main.go:45.83,47.20 2 1
lvmsync_go/cmd/manifest/main.go:47.20,51.3 3 1
lvmsync_go/cmd/manifest/main.go:52.2,52.17 1 1
lvmsync_go/cmd/manifest/main.go:53.17,62.17 9 1
lvmsync_go/cmd/manifest/main.go:62.17,64.4 1 1
lvmsync_go/cmd/manifest/main.go:65.3,65.27 1 1
lvmsync_go/cmd/manifest/main.go:65.27,67.4 1 0
lvmsync_go/cmd/manifest/main.go:68.3,68.26 1 1
lvmsync_go/cmd/manifest/main.go:68.26,71.4 2 1
lvmsync_go/cmd/manifest/main.go:72.3,74.17 3 1
lvmsync_go/cmd/manifest/main.go:74.17,76.4 1 1
lvmsync_go/cmd/manifest/main.go:77.3,78.18 2 1
lvmsync_go/cmd/manifest/main.go:78.18,81.4 2 1
lvmsync_go/cmd/manifest/main.go:82.3,84.31 3 1
lvmsync_go/cmd/manifest/main.go:84.31,87.4 2 1
lvmsync_go/cmd/manifest/main.go:88.3,89.33 2 1
lvmsync_go/cmd/manifest/main.go:89.33,91.4 1 0
lvmsync_go/cmd/manifest/main.go:92.3,92.196 1 1
lvmsync_go/cmd/manifest/main.go:92.196,95.4 2 0
lvmsync_go/cmd/manifest/main.go:96.3,97.13 2 1
lvmsync_go/cmd/manifest/main.go:98.12,99.21 1 1
lvmsync_go/cmd/manifest/main.go:99.21,103.4 3 1
lvmsync_go/cmd/manifest/main.go:104.3,106.17 3 1
lvmsync_go/cmd/manifest/main.go:106.17,109.4 2 0
lvmsync_go/cmd/manifest/main.go:110.3,110.36 1 1
lvmsync_go/cmd/manifest/main.go:110.36,113.4 2 0
lvmsync_go/cmd/manifest/main.go:114.3,115.13 2 1
lvmsync_go/cmd/manifest/main.go:116.17,117.21 1 1
lvmsync_go/cmd/manifest/main.go:117.21,121.4 3 1
lvmsync_go/cmd/manifest/main.go:122.3,124.17 3 1
lvmsync_go/cmd/manifest/main.go:124.17,127.4 2 0
lvmsync_go/cmd/manifest/main.go:128.3,128.41 1 1
lvmsync_go/cmd/manifest/main.go:128.41,131.4 2 0
lvmsync_go/cmd/manifest/main.go:132.3,133.13 2 1
lvmsync_go/cmd/manifest/main.go:134.15,135.21 1 1
lvmsync_go/cmd/manifest/main.go:135.21,139.4 3 1
lvmsync_go/cmd/manifest/main.go:140.3,142.17 3 1
lvmsync_go/cmd/manifest/main.go:142.17,145.4 2 0
lvmsync_go/cmd/manifest/main.go:146.3,147.17 2 1
lvmsync_go/cmd/manifest/main.go:147.17,150.4 2 1
lvmsync_go/cmd/manifest/main.go:151.3,151.49 1 1
lvmsync_go/cmd/manifest/main.go:151.49,152.54 1 1
lvmsync_go/cmd/manifest/main.go:152.54,156.5 3 0
lvmsync_go/cmd/manifest/main.go:158.3,158.37 1 1
lvmsync_go/cmd/manifest/main.go:158.37,161.4 2 0
lvmsync_go/cmd/manifest/main.go:162.3,163.13 2 1
lvmsync_go/cmd/manifest/main.go:164.10,167.74 3 0
lvmsync_go/cmd/manifest/main.go:172.71,174.2 1 1
lvmsync_go/main.go:27.26,33.37 1 0
lvmsync_go/main.go:33.37,35.18 2 0
lvmsync_go/main.go:35.18,37.5 1 0
lvmsync_go/main.go:38.4,38.17 1 0
lvmsync_go/main.go:52.11,61.2 1 1
lvmsync_go/main.go:64.24,65.23 1 1
lvmsync_go/main.go:65.23,71.3 5 1
lvmsync_go/main.go:73.2,74.16 2 1
lvmsync_go/main.go:74.16,80.3 5 1
lvmsync_go/main.go:81.2,81.53 1 1
lvmsync_go/main.go:81.53,86.3 4 1
lvmsync_go/main.go:87.2,88.21 2 1
lvmsync_go/main.go:91.13,93.2 1 0
lvmsync_go/version.go:6.13,6.28 1 1
lvmsync_go/cmd/root/plan.go:40.54,41.16 1 1
lvmsync_go/cmd/root/plan.go:41.16,43.3 1 0
lvmsync_go/cmd/root/plan.go:44.2,53.12 10 1
lvmsync_go/cmd/root/plan.go:56.76,57.19 1 1
lvmsync_go/cmd/root/plan.go:57.19,59.3 1 0
lvmsync_go/cmd/root/plan.go:60.2,60.67 1 1
lvmsync_go/cmd/root/plan.go:60.67,62.25 2 1
lvmsync_go/cmd/root/plan.go:62.25,64.4 1 1
lvmsync_go/cmd/root/plan.go:66.2,67.16 2 1
lvmsync_go/cmd/root/plan.go:67.16,69.3 1 0
lvmsync_go/cmd/root/plan.go:70.2,78.23 4 1
lvmsync_go/cmd/root/plan.go:81.74,83.16 2 1
lvmsync_go/cmd/root/plan.go:83.16,85.3 1 0
lvmsync_go/cmd/root/plan.go:86.2,87.28 2 1
lvmsync_go/cmd/root/plan.go:87.28,89.3 1 1
lvmsync_go/cmd/root/plan.go:90.2,91.16 2 0
lvmsync_go/cmd/root/plan.go:91.16,93.3 1 0
lvmsync_go/cmd/root/plan.go:94.2,96.16 3 0
lvmsync_go/cmd/root/plan.go:96.16,98.3 1 0
lvmsync_go/cmd/root/plan.go:99.2,102.19 4 0
lvmsync_go/cmd/root/plan.go:102.19,104.3 1 0
lvmsync_go/cmd/root/plan.go:105.2,106.37 2 0
lvmsync_go/cmd/root/plan.go:106.37,108.3 1 0
lvmsync_go/cmd/root/plan.go:109.2,110.39 2 0
lvmsync_go/cmd/root/plan.go:110.39,112.23 2 0
lvmsync_go/cmd/root/plan.go:112.23,114.4 1 0
lvmsync_go/cmd/root/plan.go:115.3,116.17 2 0
lvmsync_go/cmd/root/plan.go:116.17,118.4 1 0
lvmsync_go/cmd/root/plan.go:119.3,121.34 3 0
lvmsync_go/cmd/root/plan.go:121.34,123.4 1 0
lvmsync_go/cmd/root/plan.go:124.3,127.60 4 0
lvmsync_go/cmd/root/plan.go:127.60,127.77 1 0
lvmsync_go/cmd/root/plan.go:127.79,129.4 1 0
lvmsync_go/cmd/root/plan.go:130.3,130.20 1 0
lvmsync_go/cmd/root/plan.go:130.20,131.9 1 0
lvmsync_go/cmd/root/plan.go:134.2,135.17 2 0
lvmsync_go/cmd/root/plan.go:135.17,137.3 1 0
lvmsync_go/cmd/root/plan.go:138.2,139.23 2 0
lvmsync_go/cmd/root/plan.go:142.74,144.43 2 1
lvmsync_go/cmd/root/plan.go:144.43,146.3 1 0
lvmsync_go/cmd/root/plan.go:147.2,149.57 3 1
lvmsync_go/cmd/root/plan.go:149.57,151.27 2 0
lvmsync_go/cmd/root/plan.go:151.27,152.13 1 0
lvmsync_go/cmd/root/plan.go:152.13,155.5 2 0
lvmsync_go/cmd/root/plan.go:157.8,157.30 1 1
lvmsync_go/cmd/root/plan.go:157.30,160.3 2 0
lvmsync_go/cmd/root/plan.go:161.2,161.12 1 1
lvmsync_go/cmd/root/plan.go:164.96,165.42 1 0
lvmsync_go/cmd/root/plan.go:165.42,166.19 1 0
lvmsync_go/cmd/root/plan.go:167.14,168.21 1 0
lvmsync_go/cmd/root/plan.go:168.21,170.5 1 0
lvmsync_go/cmd/root/plan.go:171.4,171.26 1 0
lvmsync_go/cmd/root/plan.go:172.15,173.22 1 0
lvmsync_go/cmd/root/plan.go:173.22,175.5 1 0
lvmsync_go/cmd/root/plan.go:176.4,176.28 1 0
lvmsync_go/cmd/root/plan.go:177.11,178.29 1 0
lvmsync_go/cmd/root/plan.go:181.2,181.28 1 0
lvmsync_go/cmd/root/plan.go:181.28,182.20 1 0
lvmsync_go/cmd/root/plan.go:182.20,184.4 1 0
lvmsync_go/cmd/root/plan.go:185.3,185.25 1 0
lvmsync_go/cmd/root/plan.go:187.2,187.52 1 0
lvmsync_go/cmd/root/plan.go:187.52,188.21 1 0
lvmsync_go/cmd/root/plan.go:188.21,190.4 1 0
lvmsync_go/cmd/root/plan.go:190.9,190.39 1 0
lvmsync_go/cmd/root/plan.go:190.39,192.4 1 0
lvmsync_go/cmd/root/plan.go:193.3,193.27 1 0
lvmsync_go/cmd/root/plan.go:195.2,195.19 1 0
lvmsync_go/cmd/root/plan.go:195.19,197.3 1 0
lvmsync_go/cmd/root/plan.go:198.2,198.24 1 0
lvmsync_go/cmd/root/plan.go:201.35,203.42 2 1
lvmsync_go/cmd/root/plan.go:203.42,205.14 2 1
lvmsync_go/cmd/root/plan.go:205.14,207.4 1 1
lvmsync_go/cmd/root/plan.go:209.2,209.12 1 1
lvmsync_go/cmd/root/root.go:39.26,44.96 1 1
lvmsync_go/cmd/root/root.go:44.96,46.4 1 1
lvmsync_go/cmd/root/root.go:47.119,49.4 1 0
lvmsync_go/cmd/root/root.go:50.84,52.4 1 0
lvmsync_go/cmd/root/root.go:53.62,55.4 1 0
lvmsync_go/cmd/root/root.go:60.46,62.17 2 1
lvmsync_go/cmd/root/root.go:62.17,64.3 1 0
lvmsync_go/cmd/root/root.go:65.2,65.37 1 1
lvmsync_go/cmd/root/root.go:65.37,67.3 1 1
lvmsync_go/cmd/root/root.go:68.2,68.35 1 1
lvmsync_go/cmd/root/root.go:68.35,70.3 1 1
lvmsync_go/cmd/root/root.go:71.2,71.33 1 1
lvmsync_go/cmd/root/root.go:71.33,73.3 1 1
lvmsync_go/cmd/root/root.go:74.2,74.35 1 1
lvmsync_go/cmd/root/root.go:74.35,76.3 1 1
lvmsync_go/cmd/root/root.go:77.2,77.27 1 1
lvmsync_go/cmd/root/root.go:77.27,79.3 1 0
lvmsync_go/cmd/root/root.go:80.2,80.31 1 1
lvmsync_go/cmd/root/root.go:80.31,82.3 1 1
lvmsync_go/cmd/root/root.go:83.2,83.29 1 1
lvmsync_go/cmd/root/root.go:83.29,85.3 1 1
lvmsync_go/cmd/root/root.go:86.2,86.10 1 1
lvmsync_go/cmd/root/root.go:92.106,94.2 1 0
lvmsync_go/cmd/root/root.go:97.97,99.2 1 0
lvmsync_go/cmd/root/root.go:102.77,104.2 1 0
lvmsync_go/cmd/root/root.go:107.59,109.2 1 0
lvmsync_go/cmd/root/root.go:112.37,113.38 1 1
lvmsync_go/cmd/root/root.go:113.38,115.3 1 1
lvmsync_go/cmd/root/root.go:121.101,123.16 2 1
lvmsync_go/cmd/root/root.go:123.16,125.3 1 0
lvmsync_go/cmd/root/root.go:126.2,129.16 4 1
lvmsync_go/cmd/root/root.go:129.16,131.3 1 1
lvmsync_go/cmd/root/root.go:132.2,132.37 1 1
lvmsync_go/cmd/root/root.go:132.37,133.42 1 1
lvmsync_go/cmd/root/root.go:133.42,137.36 4 0
lvmsync_go/cmd/root/root.go:137.36,139.5 1 0
lvmsync_go/cmd/root/root.go:140.9,142.4 1 1
lvmsync_go/cmd/root/root.go:144.2,146.16 3 1
lvmsync_go/cmd/root/root.go:146.16,148.3 1 1
lvmsync_go/cmd/root/root.go:149.2,149.39 1 1
lvmsync_go/cmd/root/root.go:149.39,151.3 1 1
lvmsync_go/cmd/root/root.go:152.2,152.38 1 1
lvmsync_go/cmd/root/root.go:152.38,154.3 1 0
lvmsync_go/cmd/root/root.go:155.2,156.16 2 1
lvmsync_go/cmd/root/root.go:156.16,158.3 1 0
lvmsync_go/cmd/root/root.go:159.2,159.26 1 1
lvmsync_go/cmd/root/root.go:159.26,161.10 2 0
lvmsync_go/cmd/root/root.go:162.59,167.5 2 0
lvmsync_go/cmd/root/root.go:168.54,169.75 1 0
lvmsync_go/cmd/root/root.go:171.3,171.50 1 0
lvmsync_go/cmd/root/root.go:173.2,190.31 2 1
lvmsync_go/cmd/root/root.go:195.65,197.2 1 1
lvmsync_go/cmd/root/root.go:200.154,202.2 1 0
lvmsync_go/cmd/root/root.go:205.165,206.87 1 1
lvmsync_go/cmd/root/root.go:206.87,209.3 2 0
lvmsync_go/cmd/root/root.go:213.142,215.2 1 0
lvmsync_go/cmd/root/root.go:218.153,220.2 1 0
lvmsync_go/cmd/root/root.go:223.106,224.19 1 1
lvmsync_go/cmd/root/root.go:224.19,225.18 1 1
lvmsync_go/cmd/root/root.go:226.19,227.55 1 1
lvmsync_go/cmd/root/root.go:228.17,229.48 1 1
lvmsync_go/cmd/root/root.go:232.2,232.19 1 1
lvmsync_go/cmd/root/root.go:235.160,236.60 1 1
lvmsync_go/cmd/root/root.go:236.60,238.3 1 1
lvmsync_go/cmd/root/root.go:240.2,245.77 4 1
lvmsync_go/cmd/root/root.go:245.77,250.3 4 0
lvmsync_go/cmd/root/root.go:252.2,254.21 3 1
lvmsync_go/cmd/root/root.go:254.21,256.3 1 1
lvmsync_go/cmd/root/root.go:257.2,257.75 1 1
lvmsync_go/cmd/root/root.go:257.75,259.17 2 1
lvmsync_go/cmd/root/root.go:259.17,260.122 1 0
lvmsync_go/cmd/root/root.go:260.122,261.26 1 0
lvmsync_go/cmd/root/root.go:261.26,265.6 3 0
lvmsync_go/cmd/root/root.go:266.5,266.44 1 0
lvmsync_go/cmd/root/root.go:266.44,269.53 3 0
lvmsync_go/cmd/root/root.go:269.53,273.7 3 0
lvmsync_go/cmd/root/root.go:274.11,274.29 1 0
lvmsync_go/cmd/root/root.go:274.29,278.6 3 0
lvmsync_go/cmd/root/root.go:283.2,284.16 2 1
lvmsync_go/cmd/root/root.go:284.16,287.25 3 1
lvmsync_go/cmd/root/root.go:287.25,289.4 1 0
lvmsync_go/cmd/root/root.go:290.3,290.77 1 1
lvmsync_go/cmd/root/root.go:292.2,294.20 2 1
lvmsync_go/cmd/root/root.go:294.20,295.25 1 1
lvmsync_go/cmd/root/root.go:295.25,297.4 1 1
lvmsync_go/cmd/root/root.go:298.3,299.11 2 1
lvmsync_go/cmd/root/root.go:301.2,301.74 1 1
lvmsync_go/cmd/root/root.go:304.163,306.2 1 1
lvmsync_go/cmd/root/root.go:308.83,311.27 3 1
lvmsync_go/cmd/root/root.go:311.27,313.3 1 1
lvmsync_go/cmd/root/root.go:314.2,314.14 1 1
lvmsync_go/cmd/root/root.go:314.14,316.3 1 0
lvmsync_go/cmd/root/root.go:318.2,319.16 2 1
lvmsync_go/cmd/root/root.go:319.16,321.3 1 1
lvmsync_go/cmd/root/root.go:322.2,324.88 2 1
lvmsync_go/cmd/root/root.go:328.71,330.2 1 1
lvmsync_go/cmd/root/root.go:333.22,335.16 2 1
lvmsync_go/cmd/root/root.go:335.16,337.3 1 1
lvmsync_go/cmd/root/root.go:338.2,338.47 1 1
lvmsync_go/cmd/root/root.go:338.47,342.3 3 1
lvmsync_go/cmd/root/root.go:343.2,344.12 2 0
lvmsync_go/cmd/root/root.go:348.30,349.16 1 0
lvmsync_go/cmd/root/root.go:349.16,351.3 1 0
lvmsync_go/cmd/root/root.go:352.2,353.9 2 0
lvmsync_go/cmd/root/root.go:354.48,355.32 1 0
lvmsync_go/cmd/root/root.go:356.182,357.28 1 0
lvmsync_go/cmd/root/root.go:358.45,359.34 1 0
lvmsync_go/cmd/root/root.go:360.77,361.31 1 0
lvmsync_go/cmd/root/root.go:362.51,363.39 1 0
lvmsync_go/cmd/root/root.go:364.39,365.28 1 0
lvmsync_go/cmd/root/root.go:366.83,367.28 1 0
lvmsync_go/cmd/root/root.go:368.75,369.29 1 0
lvmsync_go/cmd/root/root.go:370.10,371.29 1 0
lvmsync_go/cmd/dump/client.go:40.62,41.57 1 1
lvmsync_go/cmd/dump/client.go:41.57,43.3 1 0
lvmsync_go/cmd/dump/client.go:44.2,44.41 1 1
lvmsync_go/cmd/dump/client.go:44.41,46.3 1 1
lvmsync_go/cmd/dump/client.go:47.2,47.52 1 0
lvmsync_go/cmd/dump/client.go:47.52,49.3 1 0
lvmsync_go/cmd/dump/client.go:50.2,50.14 1 0
lvmsync_go/cmd/dump/client.go:76.161,83.78 1 1
lvmsync_go/cmd/dump/client.go:83.78,83.92 1 0
lvmsync_go/cmd/dump/client.go:85.3,85.92 1 1
lvmsync_go/cmd/dump/client.go:87.136,89.3 1 0
lvmsync_go/cmd/dump/client.go:90.134,92.3 1 1
lvmsync_go/cmd/dump/client.go:93.177,95.3 1 0
lvmsync_go/cmd/dump/client.go:96.131,98.3 1 0
lvmsync_go/cmd/dump/client.go:103.26,120.2 1 1
lvmsync_go/cmd/dump/client.go:123.137,125.2 1 1
lvmsync_go/cmd/dump/client.go:128.46,130.17 2 1
lvmsync_go/cmd/dump/client.go:130.17,132.3 1 0
lvmsync_go/cmd/dump/client.go:133.2,133.25 1 1
lvmsync_go/cmd/dump/client.go:133.25,135.3 1 1
lvmsync_go/cmd/dump/client.go:136.2,136.25 1 1
lvmsync_go/cmd/dump/client.go:136.25,138.3 1 0
lvmsync_go/cmd/dump/client.go:139.2,139.27 1 1
lvmsync_go/cmd/dump/client.go:139.27,141.3 1 0
lvmsync_go/cmd/dump/client.go:142.2,142.30 1 1
lvmsync_go/cmd/dump/client.go:142.30,144.3 1 0
lvmsync_go/cmd/dump/client.go:145.2,145.26 1 1
lvmsync_go/cmd/dump/client.go:145.26,147.3 1 1
lvmsync_go/cmd/dump/client.go:148.2,148.30 1 1
lvmsync_go/cmd/dump/client.go:148.30,150.3 1 1
lvmsync_go/cmd/dump/client.go:151.2,151.25 1 1
lvmsync_go/cmd/dump/client.go:151.25,153.3 1 0
lvmsync_go/cmd/dump/client.go:154.2,154.32 1 1
lvmsync_go/cmd/dump/client.go:154.32,156.3 1 0
lvmsync_go/cmd/dump/client.go:157.2,157.27 1 1
lvmsync_go/cmd/dump/client.go:157.27,159.3 1 1
lvmsync_go/cmd/dump/client.go:160.2,160.26 1 1
lvmsync_go/cmd/dump/client.go:160.26,162.3 1 1
lvmsync_go/cmd/dump/client.go:163.2,163.29 1 1
lvmsync_go/cmd/dump/client.go:163.29,165.3 1 1
lvmsync_go/cmd/dump/client.go:166.2,166.31 1 1
lvmsync_go/cmd/dump/client.go:166.31,168.3 1 1
lvmsync_go/cmd/dump/client.go:169.2,169.24 1 1
lvmsync_go/cmd/dump/client.go:169.24,171.3 1 1
lvmsync_go/cmd/dump/client.go:172.2,172.32 1 1
lvmsync_go/cmd/dump/client.go:172.32,174.3 1 1
lvmsync_go/cmd/dump/client.go:175.2,175.10 1 1
lvmsync_go/cmd/dump/client.go:179.108,181.2 1 1
lvmsync_go/cmd/dump/client.go:184.139,186.2 1 0
lvmsync_go/cmd/dump/client.go:189.130,191.2 1 1
lvmsync_go/cmd/dump/client.go:194.146,196.2 1 1
lvmsync_go/cmd/dump/client.go:199.158,201.2 1 1
lvmsync_go/cmd/dump/client.go:203.13,207.2 3 1
lvmsync_go/cmd/dump/client.go:209.48,212.2 2 1
lvmsync_go/cmd/dump/client.go:216.56,216.76 1 0
lvmsync_go/cmd/dump/client.go:223.53,224.9 1 1
lvmsync_go/cmd/dump/client.go:225.22,226.24 1 0
lvmsync_go/cmd/dump/client.go:227.10,228.21 1 1
lvmsync_go/cmd/dump/client.go:233.84,235.12 2 1
lvmsync_go/cmd/dump/client.go:235.12,241.7 6 1
lvmsync_go/cmd/dump/client.go:241.7,242.36 1 1
lvmsync_go/cmd/dump/client.go:242.36,245.5 2 1
lvmsync_go/cmd/dump/client.go:246.4,247.13 2 1
lvmsync_go/cmd/dump/client.go:247.13,249.21 2 1
lvmsync_go/cmd/dump/client.go:249.21,250.38 1 1
lvmsync_go/cmd/dump/client.go:250.38,253.7 2 0
lvmsync_go/cmd/dump/client.go:254.6,255.15 2 1
lvmsync_go/cmd/dump/client.go:255.15,257.7 1 1
lvmsync_go/cmd/dump/client.go:258.6,258.21 1 1
lvmsync_go/cmd/dump/client.go:258.21,261.7 2 0
lvmsync_go/cmd/dump/client.go:264.4,264.18 1 1
lvmsync_go/cmd/dump/client.go:264.18,265.31 1 1
lvmsync_go/cmd/dump/client.go:265.31,267.6 1 1
lvmsync_go/cmd/dump/client.go:267.11,269.6 1 1
lvmsync_go/cmd/dump/client.go:270.5,270.11 1 1
lvmsync_go/cmd/dump/client.go:274.2,274.14 1 1
lvmsync_go/cmd/dump/client.go:278.149,281.18 3 1
lvmsync_go/cmd/dump/client.go:281.18,282.16 1 1
lvmsync_go/cmd/dump/client.go:282.16,283.44 1 1
lvmsync_go/cmd/dump/client.go:283.44,285.5 1 1
lvmsync_go/cmd/dump/client.go:287.3,287.76 1 1
lvmsync_go/cmd/dump/client.go:289.2,289.23 1 1
lvmsync_go/cmd/dump/client.go:289.23,291.3 1 1
lvmsync_go/cmd/dump/client.go:292.2,292.66 1 1
lvmsync_go/cmd/dump/client.go:296.120,298.19 2 1
lvmsync_go/cmd/dump/client.go:298.19,300.17 2 1
lvmsync_go/cmd/dump/client.go:300.17,302.4 1 0
lvmsync_go/cmd/dump/client.go:303.3,304.27 2 1
lvmsync_go/cmd/dump/client.go:306.2,320.16 2 1
lvmsync_go/cmd/dump/client.go:320.16,322.3 1 0
lvmsync_go/cmd/dump/client.go:323.2,323.20 1 1
lvmsync_go/cmd/dump/client.go:324.25,325.25 1 0
lvmsync_go/cmd/dump/client.go:326.25,327.25 1 0
lvmsync_go/cmd/dump/client.go:328.26,329.26 1 1
lvmsync_go/cmd/dump/client.go:331.2,331.16 1 1
lvmsync_go/cmd/dump/client.go:331.16,344.3 7 1
lvmsync_go/cmd/dump/client.go:345.2,345.58 1 1
lvmsync_go/cmd/dump/client.go:345.58,349.3 3 0
lvmsync_go/cmd/dump/client.go:350.2,351.16 2 1
lvmsync_go/cmd/dump/client.go:351.16,355.3 3 0
lvmsync_go/cmd/dump/client.go:356.2,360.15 5 1
lvmsync_go/cmd/dump/client.go:360.15,362.21 2 1
lvmsync_go/cmd/dump/client.go:362.21,365.4 2 0
lvmsync_go/cmd/dump/client.go:367.2,367.20 1 1
lvmsync_go/cmd/dump/client.go:367.20,370.3 2 1
lvmsync_go/cmd/dump/client.go:371.2,371.33 1 1
lvmsync_go/cmd/dump/client.go:371.33,373.3 1 1
lvmsync_go/cmd/dump/client.go:374.2,374.77 1 0
lvmsync_go/cmd/dump/client.go:378.151,384.16 6 1
lvmsync_go/cmd/dump/client.go:384.16,386.3 1 0
lvmsync_go/cmd/dump/client.go:387.2,387.24 1 1
lvmsync_go/cmd/dump/client.go:387.24,388.187 1 1
lvmsync_go/cmd/dump/client.go:388.187,389.22 1 0
lvmsync_go/cmd/dump/client.go:390.27,391.34 1 0
lvmsync_go/cmd/dump/client.go:391.34,394.6 2 0
lvmsync_go/cmd/dump/client.go:395.5,395.21 1 0
lvmsync_go/cmd/dump/client.go:396.27,397.21 1 0
lvmsync_go/cmd/dump/client.go:398.28,399.22 1 0
lvmsync_go/cmd/dump/client.go:401.4,401.15 1 0
lvmsync_go/cmd/dump/client.go:404.2,404.22 1 1
lvmsync_go/cmd/dump/client.go:404.22,406.17 2 1
lvmsync_go/cmd/dump/client.go:406.17,408.4 1 0
lvmsync_go/cmd/dump/client.go:409.3,409.14 1 1
lvmsync_go/cmd/dump/client.go:409.14,410.63 1 1
lvmsync_go/cmd/dump/client.go:410.63,412.19 2 1
lvmsync_go/cmd/dump/client.go:412.19,414.6 1 0
lvmsync_go/cmd/dump/client.go:415.5,416.19 2 1
lvmsync_go/cmd/dump/client.go:416.19,418.6 1 0
lvmsync_go/cmd/dump/client.go:419.5,421.19 3 1
lvmsync_go/cmd/dump/client.go:421.19,423.6 1 0
lvmsync_go/cmd/dump/client.go:424.5,424.65 1 1
lvmsync_go/cmd/dump/client.go:424.65,426.6 1 0
lvmsync_go/cmd/dump/client.go:427.10,429.19 2 0
lvmsync_go/cmd/dump/client.go:429.19,431.6 1 0
lvmsync_go/cmd/dump/client.go:432.5,434.19 3 0
lvmsync_go/cmd/dump/client.go:434.19,436.6 1 0
lvmsync_go/cmd/dump/client.go:437.5,437.85 1 0
lvmsync_go/cmd/dump/client.go:437.85,439.6 1 0
lvmsync_go/cmd/dump/client.go:443.2,444.77 2 1
lvmsync_go/cmd/dump/client.go:444.77,446.3 1 0
lvmsync_go/cmd/dump/client.go:447.2,448.16 2 1
lvmsync_go/cmd/dump/client.go:448.16,450.3 1 1
lvmsync_go/cmd/dump/client.go:451.2,453.92 3 1
lvmsync_go/cmd/dump/client.go:457.158,460.16 3 1
lvmsync_go/cmd/dump/client.go:460.16,463.3 2 1
lvmsync_go/cmd/dump/client.go:464.2,464.28 1 1
lvmsync_go/cmd/dump/client.go:467.54,468.70 1 1
lvmsync_go/cmd/dump/client.go:468.70,469.19 1 0
lvmsync_go/cmd/dump/client.go:469.19,471.4 1 0
lvmsync_go/cmd/dump/client.go:471.9,473.4 1 0
lvmsync_go/cmd/dump/client.go:484.120,486.16 2 1
lvmsync_go/cmd/dump/client.go:486.16,488.3 1 1
lvmsync_go/cmd/dump/client.go:489.2,490.16 2 1
lvmsync_go/cmd/dump/client.go:490.16,492.3 1 1
lvmsync_go/cmd/dump/client.go:493.2,497.16 4 1
lvmsync_go/cmd/dump/client.go:497.16,499.3 1 1
lvmsync_go/cmd/dump/client.go:501.2,501.51 1 1
lvmsync_go/cmd/dump/client.go:506.170,507.26 1 1
lvmsync_go/cmd/dump/client.go:507.26,509.3 1 1
lvmsync_go/cmd/dump/client.go:511.2,512.22 2 1
lvmsync_go/cmd/dump/client.go:512.22,513.72 1 1
lvmsync_go/cmd/dump/client.go:513.72,515.4 1 1
lvmsync_go/cmd/dump/client.go:516.3,516.63 1 1
lvmsync_go/cmd/dump/client.go:519.2,520.16 2 1
lvmsync_go/cmd/dump/client.go:520.16,523.3 2 0
lvmsync_go/cmd/dump/client.go:525.2,527.53 3 1
lvmsync_go/cmd/dump/client.go:527.53,530.3 2 0
lvmsync_go/cmd/dump/client.go:532.2,532.71 1 1
lvmsync_go/cmd/dump/client.go:532.71,534.3 1 1
lvmsync_go/cmd/dump/client.go:535.2,535.12 1 1
lvmsync_go/cmd/dump/client.go:538.178,540.16 2 1
lvmsync_go/cmd/dump/client.go:540.16,542.3 1 0
lvmsync_go/cmd/dump/client.go:543.2,546.16 3 1
lvmsync_go/cmd/dump/client.go:546.16,548.3 1 0
lvmsync_go/cmd/dump/client.go:549.2,556.16 6 1
lvmsync_go/cmd/dump/client.go:556.16,559.3 2 0
lvmsync_go/cmd/dump/client.go:560.2,562.16 3 1
lvmsync_go/cmd/dump/client.go:562.16,565.3 2 0
lvmsync_go/cmd/dump/client.go:566.2,566.25 1 1
lvmsync_go/cmd/dump/client.go:566.25,568.3 1 1
lvmsync_go/cmd/dump/client.go:569.2,569.22 1 1
lvmsync_go/cmd/dump/client.go:569.22,571.3 1 1
lvmsync_go/cmd/dump/client.go:572.2,572.27 1 1
lvmsync_go/cmd/dump/client.go:572.27,574.3 1 1
lvmsync_go/cmd/dump/client.go:575.2,575.21 1 1
lvmsync_go/cmd/dump/client.go:575.21,577.3 1 1
lvmsync_go/cmd/dump/client.go:578.2,578.49 1 1
lvmsync_go/cmd/dump/client.go:578.49,581.3 2 0
lvmsync_go/cmd/dump/client.go:582.2,582.56 1 1
lvmsync_go/cmd/dump/client.go:582.56,585.3 2 0
lvmsync_go/cmd/dump/client.go:586.2,586.54 1 1
lvmsync_go/cmd/dump/client.go:586.54,589.3 2 0
lvmsync_go/cmd/dump/client.go:591.2,595.6 5 1
lvmsync_go/cmd/dump/client.go:595.6,599.16 4 1
lvmsync_go/cmd/dump/client.go:599.16,601.4 1 0
lvmsync_go/cmd/dump/client.go:602.3,602.12 1 1
lvmsync_go/cmd/dump/client.go:602.12,604.14 2 1
lvmsync_go/cmd/dump/client.go:604.14,605.33 1 1
lvmsync_go/cmd/dump/client.go:605.33,607.44 2 1
lvmsync_go/cmd/dump/client.go:607.44,609.7 1 1
lvmsync_go/cmd/dump/client.go:610.6,610.82 1 1
lvmsync_go/cmd/dump/client.go:610.82,613.7 2 0
lvmsync_go/cmd/dump/client.go:614.11,616.6 1 1
lvmsync_go/cmd/dump/client.go:618.4,618.19 1 1
lvmsync_go/cmd/dump/client.go:620.3,620.45 1 1
lvmsync_go/cmd/dump/client.go:620.45,621.9 1 1
lvmsync_go/cmd/dump/client.go:623.3,623.21 1 1
lvmsync_go/cmd/dump/client.go:623.21,626.4 2 0
lvmsync_go/cmd/dump/client.go:627.3,627.21 1 1
lvmsync_go/cmd/dump/client.go:627.21,630.4 2 0
lvmsync_go/cmd/dump/client.go:633.2,634.16 2 1
lvmsync_go/cmd/dump/client.go:634.16,637.3 2 0
lvmsync_go/cmd/dump/client.go:638.2,638.53 1 1
lvmsync_go/cmd/dump/client.go:638.53,641.3 2 0
lvmsync_go/cmd/dump/client.go:642.2,642.71 1 1
lvmsync_go/cmd/dump/client.go:642.71,644.3 1 0
lvmsync_go/cmd/dump/client.go:645.2,645.12 1 1
lvmsync_go/cmd/dump/client.go:653.96,654.39 1 1
lvmsync_go/cmd/dump/client.go:654.39,656.3 1 1
lvmsync_go/cmd/dump/client.go:657.2,657.38 1 1
lvmsync_go/cmd/dump/client.go:657.38,659.3 1 1
lvmsync_go/cmd/dump/client.go:660.2,660.38 1 1
lvmsync_go/cmd/dump/client.go:660.38,662.3 1 1
lvmsync_go/cmd/dump/client.go:663.2,663.12 1 1
lvmsync_go/cmd/dump/client.go:667.192,668.74 1 1
lvmsync_go/cmd/dump/client.go:668.74,670.3 1 1
lvmsync_go/cmd/dump/client.go:672.2,673.16 2 1
lvmsync_go/cmd/dump/client.go:673.16,675.3 1 0
lvmsync_go/cmd/dump/client.go:676.2,679.16 3 1
lvmsync_go/cmd/dump/client.go:679.16,681.3 1 0
lvmsync_go/cmd/dump/client.go:683.2,684.50 2 1
lvmsync_go/cmd/dump/client.go:684.50,686.3 1 0
lvmsync_go/cmd/dump/client.go:687.2,690.48 3 1
lvmsync_go/cmd/dump/client.go:690.48,692.3 1 0
lvmsync_go/cmd/dump/client.go:694.2,694.106 1 1
lvmsync_go/cmd/dump/client.go:694.106,696.3 1 1
lvmsync_go/cmd/dump/client.go:698.2,698.67 1 1
lvmsync_go/cmd/dump/client.go:702.148,703.16 1 1
lvmsync_go/cmd/dump/client.go:703.16,705.3 1 0
lvmsync_go/cmd/dump/client.go:706.2,707.21 2 1
lvmsync_go/cmd/dump/client.go:707.21,709.3 1 1
lvmsync_go/cmd/dump/client.go:710.2,712.16 3 1
lvmsync_go/cmd/dump/client.go:712.16,714.3 1 0
lvmsync_go/cmd/dump/client.go:715.2,715.15 1 1
lvmsync_go/cmd/dump/client.go:715.15,717.70 2 1
lvmsync_go/cmd/dump/client.go:717.70,718.18 1 0
lvmsync_go/cmd/dump/client.go:718.18,720.5 1 0
lvmsync_go/cmd/dump/client.go:720.10,722.5 1 0
lvmsync_go/cmd/dump/client.go:726.2,726.31 1 1
lvmsync_go/cmd/dump/client.go:726.31,728.79 2 1
lvmsync_go/cmd/dump/client.go:728.79,730.84 2 1
lvmsync_go/cmd/dump/client.go:730.84,732.5 1 0
lvmsync_go/cmd/dump/client.go:733.4,733.58 1 1
lvmsync_go/cmd/dump/client.go:735.3,735.11 1 1
lvmsync_go/cmd/dump/client.go:737.2,737.32 1 1
lvmsync_go/cmd/dump/client.go:737.32,738.16 1 1
lvmsync_go/cmd/dump/client.go:738.16,741.84 3 1
lvmsync_go/cmd/dump/client.go:741.84,743.87 2 1
lvmsync_go/cmd/dump/client.go:743.87,745.6 1 1
lvmsync_go/cmd/dump/client.go:746.5,746.19 1 1
lvmsync_go/cmd/dump/client.go:746.19,748.6 1 0
lvmsync_go/cmd/dump/client.go:748.11,750.6 1 1
lvmsync_go/cmd/dump/client.go:755.2,756.32 2 1
lvmsync_go/cmd/dump/client.go:756.32,758.3 1 1
lvmsync_go/cmd/dump/client.go:759.2,767.114 4 1
lvmsync_go/cmd/dump/client.go:773.91,774.25 1 1
lvmsync_go/cmd/dump/client.go:774.25,776.3 1 1
lvmsync_go/cmd/dump/client.go:777.2,777.57 1 1
lvmsync_go/cmd/dump/client.go:777.57,791.17 3 1
lvmsync_go/cmd/dump/client.go:791.17,793.12 2 1
lvmsync_go/cmd/dump/client.go:795.3,796.17 2 1
lvmsync_go/cmd/dump/client.go:798.2,798.68 1 1
lvmsync_go/cmd/dump/probe.go:23.132,26.16 3 0
lvmsync_go/cmd/dump/probe.go:26.16,28.3 1 0
lvmsync_go/cmd/dump/probe.go:29.2,31.16 3 0
lvmsync_go/cmd/dump/probe.go:31.16,33.3 1 0
lvmsync_go/cmd/dump/probe.go:34.2,34.28 1 0
lvmsync_go/cmd/dump/probe.go:34.28,36.17 2 0
lvmsync_go/cmd/dump/probe.go:36.17,38.4 1 0
lvmsync_go/cmd/dump/probe.go:39.3,41.17 3 0
lvmsync_go/cmd/dump/probe.go:41.17,43.4 1 0
lvmsync_go/cmd/dump/probe.go:44.3,44.22 1 0
lvmsync_go/cmd/dump/probe.go:44.22,46.4 1 0
lvmsync_go/cmd/dump/probe.go:47.3,47.36 1 0
lvmsync_go/cmd/dump/probe.go:47.36,49.4 1 0
lvmsync_go/cmd/dump/probe.go:50.3,50.53 1 0
lvmsync_go/cmd/dump/probe.go:50.53,52.4 1 0
lvmsync_go/cmd/dump/probe.go:53.3,54.17 2 0
lvmsync_go/cmd/dump/probe.go:54.17,56.4 1 0
lvmsync_go/cmd/dump/probe.go:57.3,57.34 1 0
lvmsync_go/cmd/dump/probe.go:57.34,59.4 1 0
lvmsync_go/cmd/dump/probe.go:60.3,60.31 1 0
lvmsync_go/cmd/dump/probe.go:62.2,63.16 2 0
lvmsync_go/cmd/dump/probe.go:63.16,65.3 1 0
lvmsync_go/cmd/dump/probe.go:66.2,66.27 1 0
lvmsync_go/cmd/dump/probe.go:66.27,69.3 2 0
lvmsync_go/cmd/dump/probe.go:70.2,70.16 1 0
lvmsync_go/cmd/dump/probe.go:73.111,74.16 1 0
lvmsync_go/cmd/dump/probe.go:74.16,76.3 1 0
lvmsync_go/cmd/dump/probe.go:77.2,77.17 1 0
lvmsync_go/cmd/dump/probe.go:77.17,81.3 3 0
lvmsync_go/cmd/dump/probe.go:82.2,83.16 2 0
lvmsync_go/cmd/dump/probe.go:83.16,85.3 1 0
lvmsync_go/cmd/dump/probe.go:86.2,88.66 3 0
lvmsync_go/cmd/dump/probe.go:88.66,90.3 1 0
lvmsync_go/cmd/dump/probe.go:91.2,91.70 1 0
lvmsync_go/cmd/dump/probe.go:91.70,93.3 1 0
lvmsync_go/cmd/dump/probe.go:94.2,94.40 1 0
lvmsync_go/cmd/dump/probe.go:94.40,96.3 1 0
lvmsync_go/cmd/dump/probe.go:97.2,97.18 1 0
lvmsync_go/cmd/dump/probe.go:100.56,116.2 15 0
lvmsync_go/cmd/serve/serve.go:25.26,30.33 1 1
lvmsync_go/cmd/serve/serve.go:30.33,33.18 2 0
lvmsync_go/cmd/serve/serve.go:33.18,35.5 1 0
lvmsync_go/cmd/serve/serve.go:36.4,36.17 1 0
lvmsync_go/cmd/serve/serve.go:41.152,43.20 2 1
lvmsync_go/cmd/serve/serve.go:43.20,45.3 1 0
lvmsync_go/cmd/serve/serve.go:46.2,46.21 1 1
lvmsync_go/cmd/serve/serve.go:46.21,48.3 1 1
lvmsync_go/cmd/serve/serve.go:49.2,49.21 1 1
lvmsync_go/cmd/serve/serve.go:49.21,51.3 1 1
lvmsync_go/cmd/serve/serve.go:52.2,52.23 1 1
lvmsync_go/cmd/serve/serve.go:52.23,54.3 1 1
lvmsync_go/cmd/serve/serve.go:55.2,55.10 1 1
lvmsync_go/cmd/serve/serve.go:58.37,63.2 4 1
lvmsync_go/cmd/serve/serve.go:65.52,69.50 1 1
lvmsync_go/cmd/serve/serve.go:69.50,72.4 2 1
lvmsync_go/cmd/serve/serve.go:76.2,76.53 1 1
lvmsync_go/cmd/serve/serve.go:76.53,78.3 1 0
lvmsync_go/cmd/serve/serve.go:79.2,79.12 1 1
lvmsync_go/cmd/serve/serve.go:82.49,85.38 3 1
lvmsync_go/cmd/serve/serve.go:85.38,87.3 1 1
lvmsync_go/cmd/serve/serve.go:88.2,88.10 1 0
lvmsync_go/cmd/serve/serve.go:91.13,91.45 1 0
lvmsync_go/common/closer.go:11.62,12.19 1 1
lvmsync_go/common/closer.go:12.19,14.3 1 0
lvmsync_go/common/closer.go:15.2,15.49 1 1
lvmsync_go/common/closer.go:15.49,16.18 1 1
lvmsync_go/common/closer.go:16.18,18.4 1 0
lvmsync_go/common/closer.go:19.3,19.19 1 1
lvmsync_go/common/closer.go:19.19,21.4 1 1
lvmsync_go/common/closer.go:21.9,23.4 1 1
lvmsync_go/common/handshake.go:45.32,48.15 3 1
lvmsync_go/common/handshake.go:48.15,50.3 1 1
lvmsync_go/common/handshake.go:51.2,51.14 1 0
lvmsync_go/common/handshake.go:56.36,58.47 2 1
lvmsync_go/common/handshake.go:58.47,60.3 1 0
lvmsync_go/common/handshake.go:61.2,61.39 1 1
lvmsync_go/common/handshake.go:66.53,69.24 2 1
lvmsync_go/common/handshake.go:69.24,71.3 1 1
lvmsync_go/common/handshake.go:72.2,72.21 1 1
lvmsync_go/common/handshake.go:72.21,74.3 1 1
lvmsync_go/common/handshake.go:75.2,75.23 1 1
lvmsync_go/common/handshake.go:75.23,77.3 1 1
lvmsync_go/common/handshake.go:78.2,78.25 1 1
lvmsync_go/common/handshake.go:78.25,80.3 1 1
lvmsync_go/common/handshake.go:81.2,81.15 1 1
lvmsync_go/common/handshake.go:81.15,83.3 1 1
lvmsync_go/common/handshake.go:84.2,84.23 1 1
lvmsync_go/common/handshake.go:84.23,86.3 1 1
lvmsync_go/common/handshake.go:87.2,87.18 1 1
lvmsync_go/common/handshake.go:87.18,89.3 1 1
lvmsync_go/common/handshake.go:90.2,90.18 1 1
lvmsync_go/common/handshake.go:90.18,92.3 1 1
lvmsync_go/common/handshake.go:93.2,93.18 1 1
lvmsync_go/common/handshake.go:93.18,95.3 1 1
lvmsync_go/common/handshake.go:96.2,96.18 1 1
lvmsync_go/common/handshake.go:96.18,98.3 1 1
lvmsync_go/common/handshake.go:99.2,99.24 1 1
lvmsync_go/common/handshake.go:99.24,101.3 1 1
lvmsync_go/common/handshake.go:103.2,103.27 1 1
lvmsync_go/common/handshake.go:103.27,105.3 1 1
lvmsync_go/common/handshake.go:106.2,106.28 1 1
lvmsync_go/common/handshake.go:106.28,108.3 1 1
lvmsync_go/common/handshake.go:109.2,109.24 1 1
lvmsync_go/common/handshake.go:109.24,111.3 1 1
lvmsync_go/common/handshake.go:113.2,113.14 1 1
lvmsync_go/common/handshake.go:113.14,115.3 1 0
lvmsync_go/common/handshake.go:116.2,116.21 1 1
lvmsync_go/common/handshake.go:116.21,118.3 1 1
lvmsync_go/common/handshake.go:118.8,118.23 1 1
lvmsync_go/common/handshake.go:118.23,120.3 1 1
lvmsync_go/common/handshake.go:122.2,122.23 1 1
lvmsync_go/common/handshake.go:122.23,124.3 1 1
lvmsync_go/common/handshake.go:125.2,125.22 1 1
lvmsync_go/common/handshake.go:125.22,127.3 1 0
lvmsync_go/common/handshake.go:128.2,129.20 2 1
lvmsync_go/common/handshake.go:129.20,131.3 1 1
lvmsync_go/common/handshake.go:132.2,132.26 1 1
lvmsync_go/common/handshake.go:132.26,134.3 1 1
lvmsync_go/common/handshake.go:136.2,136.70 1 1
lvmsync_go/common/handshake.go:136.70,138.3 1 0
lvmsync_go/common/handshake.go:139.2,139.12 1 1
lvmsync_go/common/handshake.go:145.56,147.16 2 1
lvmsync_go/common/handshake.go:147.16,149.3 1 0
lvmsync_go/common/handshake.go:150.2,151.47 2 1
lvmsync_go/common/handshake.go:151.47,153.3 1 0
lvmsync_go/common/handshake.go:154.2,156.41 3 1
lvmsync_go/common/handshake.go:156.41,157.10 1 1
lvmsync_go/common/handshake.go:158.43,159.53 1 1
lvmsync_go/common/handshake.go:160.44,161.70 1 1
lvmsync_go/common/handshake.go:162.42,163.51 1 1
lvmsync_go/common/handshake.go:164.45,165.72 1 1
lvmsync_go/common/handshake.go:166.40,167.47 1 1
lvmsync_go/common/handshake.go:168.41,169.64 1 1
lvmsync_go/common/handshake.go:170.39,172.18 2 1
lvmsync_go/common/handshake.go:172.18,174.5 1 1
lvmsync_go/common/handshake.go:175.4,175.25 1 1
lvmsync_go/common/handshake.go:176.40,177.51 1 1
lvmsync_go/common/handshake.go:178.39,180.18 2 1
lvmsync_go/common/handshake.go:180.18,182.5 1 1
lvmsync_go/common/handshake.go:183.4,183.20 1 1
lvmsync_go/common/handshake.go:184.39,185.49 1 1
lvmsync_go/common/handshake.go:186.40,187.52 1 1
lvmsync_go/common/handshake.go:188.23,189.20 1 1
lvmsync_go/common/handshake.go:190.42,192.18 2 1
lvmsync_go/common/handshake.go:192.18,194.5 1 1
lvmsync_go/common/handshake.go:195.4,195.21 1 1
lvmsync_go/common/handshake.go:196.40,198.18 2 1
lvmsync_go/common/handshake.go:198.18,200.5 1 1
lvmsync_go/common/handshake.go:201.4,201.16 1 1
lvmsync_go/common/handshake.go:202.40,204.18 2 1
lvmsync_go/common/handshake.go:204.18,206.5 1 1
lvmsync_go/common/handshake.go:207.4,207.16 1 1
lvmsync_go/common/handshake.go:208.40,210.18 2 1
lvmsync_go/common/handshake.go:210.18,212.5 1 1
lvmsync_go/common/handshake.go:213.4,213.16 1 1
lvmsync_go/common/handshake.go:214.38,215.43 1 1
lvmsync_go/common/handshake.go:216.37,217.48 1 1
lvmsync_go/common/handshake.go:218.22,219.19 1 0
lvmsync_go/common/handshake.go:220.24,221.21 1 1
lvmsync_go/common/handshake.go:222.30,224.26 2 0
lvmsync_go/common/handshake.go:227.2,227.22 1 1
lvmsync_go/common/handshake.go:227.22,229.3 1 0
lvmsync_go/common/handshake.go:230.2,230.15 1 1
lvmsync_go/common/handshake.go:236.48,237.21 1 1
lvmsync_go/common/handshake.go:237.21,239.3 1 1
lvmsync_go/common/handshake.go:240.2,240.22 1 1
lvmsync_go/common/handshake.go:240.22,242.3 1 0
lvmsync_go/common/handshake.go:244.2,245.27 2 1
lvmsync_go/common/handshake.go:245.27,247.3 1 1
lvmsync_go/common/handshake.go:248.2,248.26 1 1
lvmsync_go/common/handshake.go:248.26,249.32 1 1
lvmsync_go/common/handshake.go:249.32,251.4 1 1
lvmsync_go/common/handshake.go:253.2,253.17 1 1
lvmsync_go/common/handshake.go:256.39,257.13 1 1
lvmsync_go/common/handshake.go:257.13,259.3 1 0
lvmsync_go/common/handshake.go:260.2,262.26 3 1
lvmsync_go/common/handshake.go:262.26,264.14 2 1
lvmsync_go/common/handshake.go:264.14,266.4 1 1
lvmsync_go/common/handshake.go:268.2,268.12 1 1
lvmsync_go/common/handshake_merge.go:8.54,9.27 1 1
lvmsync_go/common/handshake_merge.go:9.27,11.3 1 1
lvmsync_go/common/handshake_merge.go:12.2,12.26 1 1
lvmsync_go/common/handshake_merge.go:12.26,14.3 1 1
lvmsync_go/common/handshake_merge.go:15.2,15.24 1 1
lvmsync_go/common/handshake_merge.go:15.24,17.3 1 1
lvmsync_go/common/handshake_merge.go:18.2,18.14 1 1
lvmsync_go/common/handshake_validate.go:6.53,7.62 1 1
lvmsync_go/common/handshake_validate.go:7.62,8.70 1 1
lvmsync_go/common/handshake_validate.go:8.70,10.4 1 1
lvmsync_go/common/handshake_validate.go:12.2,12.59 1 1
lvmsync_go/common/handshake_validate.go:12.59,13.66 1 1
lvmsync_go/common/handshake_validate.go:13.66,15.4 1 1
lvmsync_go/common/handshake_validate.go:17.2,17.92 1 1
lvmsync_go/common/handshake_validate.go:17.92,19.3 1 1
lvmsync_go/common/handshake_validate.go:20.2,20.84 1 1
lvmsync_go/common/handshake_validate.go:20.84,22.3 1 1
lvmsync_go/common/handshake_validate.go:23.2,23.88 1 1
lvmsync_go/common/handshake_validate.go:23.88,25.3 1 1
lvmsync_go/common/handshake_validate.go:26.2,26.72 1 1
lvmsync_go/common/handshake_validate.go:26.72,28.3 1 0
lvmsync_go/common/handshake_validate.go:29.2,29.72 1 1
lvmsync_go/common/handshake_validate.go:29.72,31.3 1 0
lvmsync_go/common/handshake_validate.go:32.2,32.72 1 1
lvmsync_go/common/handshake_validate.go:32.72,34.3 1 0
lvmsync_go/common/handshake_validate.go:35.2,35.84 1 1
lvmsync_go/common/handshake_validate.go:35.84,37.3 1 0
lvmsync_go/common/handshake_validate.go:38.2,38.102 1 1
lvmsync_go/common/handshake_validate.go:38.102,40.3 1 0
lvmsync_go/common/handshake_validate.go:41.2,41.76 1 1
lvmsync_go/common/handshake_validate.go:41.76,43.3 1 1
lvmsync_go/common/handshake_validate.go:44.2,44.33 1 1
lvmsync_go/common/handshake_validate.go:44.33,46.3 1 0
lvmsync_go/common/handshake_validate.go:47.2,47.35 1 1
lvmsync_go/common/handshake_validate.go:47.35,49.3 1 1
lvmsync_go/common/handshake_validate.go:50.2,50.96 1 1
lvmsync_go/common/handshake_validate.go:50.96,52.3 1 0
lvmsync_go/common/handshake_validate.go:53.2,53.92 1 1
lvmsync_go/common/handshake_validate.go:53.92,55.3 1 0
lvmsync_go/common/handshake_validate.go:56.2,56.88 1 1
lvmsync_go/common/handshake_validate.go:56.88,58.3 1 1
lvmsync_go/common/handshake_validate.go:59.2,59.68 1 1
lvmsync_go/common/handshake_validate.go:59.68,61.3 1 1
lvmsync_go/common/handshake_validate.go:62.2,62.92 1 1
lvmsync_go/common/handshake_validate.go:62.92,64.3 1 1
lvmsync_go/common/handshake_validate.go:65.2,65.12 1 1
lvmsync_go/common/open.go:10.74,11.16 1 1
lvmsync_go/common/open.go:11.16,13.3 1 0
lvmsync_go/common/open.go:14.2,19.12 3 1
lvmsync_go/common/open.go:19.12,22.3 2 1
lvmsync_go/common/open.go:23.2,23.9 1 1
lvmsync_go/common/open.go:24.20,25.13 1 1
lvmsync_go/common/open.go:25.13,27.20 2 1
lvmsync_go/common/open.go:27.20,29.5 1 0
lvmsync_go/common/open.go:31.3,31.24 1 1
lvmsync_go/common/open.go:32.17,33.20 1 1
lvmsync_go/cmd/verify/verify.go:38.26,38.74 1 1
lvmsync_go/cmd/verify/verify.go:43.11,45.2 1 1
lvmsync_go/cmd/verify/verify.go:47.13,50.2 2 1
lvmsync_go/cmd/verify/verify.go:54.63,60.55 2 1
lvmsync_go/cmd/verify/verify.go:60.55,63.18 3 1
lvmsync_go/cmd/verify/verify.go:63.18,65.5 1 0
lvmsync_go/cmd/verify/verify.go:66.4,74.18 9 1
lvmsync_go/cmd/verify/verify.go:74.18,76.5 1 0
lvmsync_go/cmd/verify/verify.go:77.4,77.28 1 1
lvmsync_go/cmd/verify/verify.go:77.28,79.12 2 1
lvmsync_go/cmd/verify/verify.go:80.61,85.7 2 1
lvmsync_go/cmd/verify/verify.go:86.56,87.77 1 0
lvmsync_go/cmd/verify/verify.go:89.5,89.52 1 1
lvmsync_go/cmd/verify/verify.go:91.4,91.27 1 1
lvmsync_go/cmd/verify/verify.go:91.27,94.5 2 0
lvmsync_go/cmd/verify/verify.go:95.4,95.18 1 1
lvmsync_go/cmd/verify/verify.go:95.18,97.19 2 1
lvmsync_go/cmd/verify/verify.go:97.19,99.6 1 1
lvmsync_go/cmd/verify/verify.go:100.5,102.27 3 1
lvmsync_go/cmd/verify/verify.go:102.27,104.6 1 1
lvmsync_go/cmd/verify/verify.go:105.5,106.15 2 1
lvmsync_go/cmd/verify/verify.go:108.4,109.52 2 1
lvmsync_go/cmd/verify/verify.go:109.52,114.19 2 1
lvmsync_go/cmd/verify/verify.go:114.19,116.6 1 0
lvmsync_go/cmd/verify/verify.go:117.5,117.23 1 1
lvmsync_go/cmd/verify/verify.go:118.17,121.50 3 1
lvmsync_go/cmd/verify/verify.go:121.50,123.7 1 0
lvmsync_go/cmd/verify/verify.go:124.17,127.50 3 1
lvmsync_go/cmd/verify/verify.go:127.50,129.7 1 0
lvmsync_go/cmd/verify/verify.go:130.6,130.50 1 1
lvmsync_go/cmd/verify/verify.go:130.50,132.7 1 0
lvmsync_go/cmd/verify/verify.go:135.4,135.14 1 1
lvmsync_go/cmd/verify/verify.go:138.2,139.22 2 1
lvmsync_go/cmd/verify/verify.go:142.130,147.16 4 1
lvmsync_go/cmd/verify/verify.go:147.16,149.3 1 1
lvmsync_go/cmd/verify/verify.go:150.2,151.16 2 1
lvmsync_go/cmd/verify/verify.go:151.16,154.3 2 0
lvmsync_go/cmd/verify/verify.go:155.2,156.15 2 1
lvmsync_go/cmd/verify/verify.go:156.15,159.24 3 1
lvmsync_go/cmd/verify/verify.go:159.24,161.4 1 0
lvmsync_go/cmd/verify/verify.go:164.2,165.16 2 1
lvmsync_go/cmd/verify/verify.go:165.16,167.3 1 0
lvmsync_go/cmd/verify/verify.go:168.2,169.16 2 1
lvmsync_go/cmd/verify/verify.go:169.16,172.3 2 0
lvmsync_go/cmd/verify/verify.go:173.2,174.15 2 1
lvmsync_go/cmd/verify/verify.go:174.15,177.24 3 1
lvmsync_go/cmd/verify/verify.go:177.24,179.4 1 0
lvmsync_go/cmd/verify/verify.go:182.2,182.24 1 1
lvmsync_go/cmd/verify/verify.go:182.24,184.3 1 1
lvmsync_go/cmd/verify/verify.go:185.2,185.49 1 1
lvmsync_go/cmd/verify/verify.go:185.49,186.25 1 1
lvmsync_go/cmd/verify/verify.go:186.25,188.31 2 1
lvmsync_go/cmd/verify/verify.go:188.31,192.5 3 1
lvmsync_go/cmd/verify/verify.go:193.4,194.33 2 1
lvmsync_go/cmd/verify/verify.go:194.33,196.5 1 0
lvmsync_go/cmd/verify/verify.go:197.4,197.202 1 1
lvmsync_go/cmd/verify/verify.go:197.202,198.49 1 1
lvmsync_go/cmd/verify/verify.go:198.49,200.6 1 1
lvmsync_go/cmd/verify/verify.go:201.5,201.51 1 0
lvmsync_go/cmd/verify/verify.go:203.9,205.4 1 0
lvmsync_go/cmd/verify/verify.go:207.2,207.79 1 1
lvmsync_go/cmd/verify/verify.go:207.79,209.3 1 1
lvmsync_go/cmd/verify/verify.go:210.2,210.48 1 1
lvmsync_go/cmd/verify/verify.go:210.48,212.3 1 1
lvmsync_go/cmd/verify/verify.go:213.2,214.32 2 1
lvmsync_go/cmd/verify/verify.go:214.32,216.3 1 0
lvmsync_go/cmd/verify/verify.go:217.2,224.16 4 1
lvmsync_go/cmd/verify/verify.go:224.16,226.3 1 0
lvmsync_go/cmd/verify/verify.go:227.2,227.12 1 1
lvmsync_go/cmd/verify/verify.go:227.12,233.3 2 0
lvmsync_go/cmd/verify/verify.go:234.2,238.12 2 1
lvmsync_go/cmd/verify/verify.go:242.51,244.2 1 0
lvmsync_go/cmd/verify/verify.go:249.68,250.48 1 1
lvmsync_go/cmd/verify/verify.go:251.20,252.28 1 1
lvmsync_go/cmd/verify/verify.go:253.16,254.28 1 1
lvmsync_go/cmd/verify/verify.go:255.10,256.111 1 1
lvmsync_go/cmd/verify/verify.go:260.82,262.20 2 1
lvmsync_go/cmd/verify/verify.go:262.20,264.3 1 0
lvmsync_go/cmd/verify/verify.go:265.2,266.16 2 1
lvmsync_go/cmd/verify/verify.go:266.16,268.3 1 0
lvmsync_go/cmd/verify/verify.go:269.2,271.16 3 1
lvmsync_go/cmd/verify/verify.go:271.16,273.3 1 0
lvmsync_go/cmd/verify/verify.go:274.2,278.24 4 1
lvmsync_go/cmd/verify/verify.go:278.24,281.3 2 0
lvmsync_go/cmd/verify/verify.go:283.2,288.16 6 1
lvmsync_go/cmd/verify/verify.go:288.16,290.3 1 0
lvmsync_go/cmd/verify/verify.go:291.2,291.60 1 1
lvmsync_go/cmd/verify/verify.go:291.60,293.54 2 1
lvmsync_go/cmd/verify/verify.go:293.54,295.4 1 0
lvmsync_go/cmd/verify/verify.go:296.3,297.34 2 1
lvmsync_go/cmd/verify/verify.go:297.34,299.4 1 0
lvmsync_go/cmd/verify/verify.go:300.3,300.16 1 1
lvmsync_go/cmd/verify/verify.go:300.16,302.4 1 0
lvmsync_go/cmd/verify/verify.go:303.3,304.34 2 1
lvmsync_go/cmd/verify/verify.go:304.34,306.4 1 0
lvmsync_go/cmd/verify/verify.go:307.3,307.16 1 1
lvmsync_go/cmd/verify/verify.go:307.16,309.4 1 0
lvmsync_go/cmd/verify/verify.go:310.3,310.53 1 1
lvmsync_go/cmd/verify/verify.go:310.53,313.4 2 0
lvmsync_go/cmd/verify/verify.go:315.2,315.20 1 1
lvmsync_go/cmd/verify/verify.go:315.20,317.3 1 0
lvmsync_go/cmd/verify/verify.go:318.2,319.12 2 1
lvmsync_go/cmd/verify/verify.go:329.104,330.92 1 1
lvmsync_go/cmd/verify/verify.go:330.92,332.3 1 1
lvmsync_go/cmd/verify/verify.go:335.160,337.16 2 1
lvmsync_go/cmd/verify/verify.go:337.16,339.3 1 0
lvmsync_go/cmd/verify/verify.go:340.2,342.16 3 1
lvmsync_go/cmd/verify/verify.go:342.16,344.3 1 0
lvmsync_go/cmd/verify/verify.go:346.2,347.17 2 1
lvmsync_go/cmd/verify/verify.go:347.17,349.3 1 1
lvmsync_go/cmd/verify/verify.go:350.2,358.48 5 1
lvmsync_go/cmd/verify/verify.go:358.48,360.17 2 1
lvmsync_go/cmd/verify/verify.go:360.17,362.4 1 0
lvmsync_go/cmd/verify/verify.go:363.3,363.18 1 1
lvmsync_go/cmd/verify/verify.go:363.18,364.12 1 1
lvmsync_go/cmd/verify/verify.go:366.3,366.59 1 1
lvmsync_go/cmd/verify/verify.go:366.59,368.4 1 1
lvmsync_go/cmd/verify/verify.go:369.3,369.69 1 1
lvmsync_go/cmd/verify/verify.go:371.2,371.32 1 1
lvmsync_go/cmd/verify/verify.go:371.32,372.38 1 1
lvmsync_go/cmd/verify/verify.go:372.38,374.4 1 0
lvmsync_go/cmd/verify/verify.go:375.3,376.17 2 1
lvmsync_go/cmd/verify/verify.go:376.17,378.4 1 0
lvmsync_go/cmd/verify/verify.go:380.2,385.16 6 1
lvmsync_go/cmd/verify/verify.go:385.16,387.3 1 0
lvmsync_go/cmd/verify/verify.go:388.2,389.31 2 1
lvmsync_go/cmd/verify/verify.go:389.31,391.13 2 1
lvmsync_go/cmd/verify/verify.go:391.13,394.25 3 1
lvmsync_go/cmd/verify/verify.go:394.25,395.33 1 1
lvmsync_go/cmd/verify/verify.go:395.33,397.6 1 1
lvmsync_go/cmd/verify/verify.go:398.5,399.59 2 1
lvmsync_go/cmd/verify/verify.go:399.59,400.13 1 0
lvmsync_go/cmd/verify/verify.go:401.55,401.55 0 0
lvmsync_go/cmd/verify/verify.go:402.14,402.14 0 0
lvmsync_go/cmd/verify/verify.go:404.6,404.12 1 0
lvmsync_go/cmd/verify/verify.go:406.5,407.27 2 1
lvmsync_go/cmd/verify/verify.go:407.27,413.6 2 1
lvmsync_go/cmd/verify/verify.go:417.2,417.25 1 1
lvmsync_go/cmd/verify/verify.go:417.25,418.10 1 1
lvmsync_go/cmd/verify/verify.go:419.19,419.19 0 1
lvmsync_go/cmd/verify/verify.go:420.23,423.14 3 0
lvmsync_go/cmd/verify/verify.go:426.2,428.9 3 1
lvmsync_go/cmd/verify/verify.go:429.22,430.13 1 0
lvmsync_go/cmd/verify/verify.go:431.10,431.10 0 1
lvmsync_go/cmd/verify/verify.go:433.2,433.20 1 1
lvmsync_go/cmd/verify/verify.go:433.20,435.3 1 1
lvmsync_go/cmd/verify/verify.go:436.2,437.12 2 1
lvmsync_go/dedup/bloom.go:22.55,23.47 1 1
lvmsync_go/dedup/bloom.go:23.47,25.3 1 1
lvmsync_go/dedup/bloom.go:26.2,28.31 3 1
lvmsync_go/dedup/bloom.go:34.48,35.27 1 1
lvmsync_go/dedup/bloom.go:35.27,37.3 1 1
lvmsync_go/dedup/bloom.go:38.2,39.14 2 1
lvmsync_go/dedup/bloom.go:49.65,50.47 1 1
lvmsync_go/dedup/bloom.go:50.47,52.3 1 1
lvmsync_go/dedup/bloom.go:53.2,53.73 1 1
lvmsync_go/dedup/bloom.go:59.128,61.16 2 1
lvmsync_go/dedup/bloom.go:61.16,63.3 1 1
lvmsync_go/dedup/bloom.go:64.2,64.20 1 1
lvmsync_go/dedup/bloom.go:64.20,66.3 1 1
lvmsync_go/dedup/bloom.go:67.2,68.19 2 1
lvmsync_go/dedup/bloom.go:68.19,70.3 1 1
lvmsync_go/dedup/bloom.go:71.2,71.19 1 1
lvmsync_go/dedup/bloom.go:71.19,73.3 1 1
lvmsync_go/dedup/bloom.go:74.2,74.8 1 1
lvmsync_go/dedup/bloom.go:77.43,78.32 1 1
lvmsync_go/dedup/bloom.go:78.32,80.3 1 1
lvmsync_go/dedup/bloom.go:81.2,81.12 1 1
lvmsync_go/dedup/chunker.go:48.83,49.18 1 1
lvmsync_go/dedup/chunker.go:49.18,51.3 1 1
lvmsync_go/dedup/chunker.go:52.2,52.34 1 1
lvmsync_go/dedup/chunker.go:52.34,54.3 1 0
lvmsync_go/dedup/chunker.go:55.2,55.44 1 1
lvmsync_go/dedup/chunker.go:55.44,57.3 1 1
lvmsync_go/dedup/chunker.go:59.2,61.20 3 1
lvmsync_go/dedup/chunker.go:61.20,63.25 2 1
lvmsync_go/dedup/chunker.go:63.25,65.4 1 1
lvmsync_go/dedup/chunker.go:69.2,70.14 2 1
lvmsync_go/dedup/chunker.go:70.14,72.3 1 0
lvmsync_go/dedup/chunker.go:73.2,74.14 2 1
lvmsync_go/dedup/chunker.go:74.14,76.3 1 1
lvmsync_go/dedup/chunker.go:76.8,78.3 1 0
lvmsync_go/dedup/chunker.go:79.2,80.15 2 1
lvmsync_go/dedup/chunker.go:85.68,87.2 1 0
lvmsync_go/dedup/chunker.go:95.57,96.24 1 1
lvmsync_go/dedup/chunker.go:96.24,98.3 1 1
lvmsync_go/dedup/chunker.go:99.2,101.16 3 1
lvmsync_go/dedup/chunker.go:101.16,102.50 1 1
lvmsync_go/dedup/chunker.go:102.50,103.14 1 1
lvmsync_go/dedup/chunker.go:103.14,105.5 1 1
lvmsync_go/dedup/chunker.go:106.4,106.50 1 1
lvmsync_go/dedup/chunker.go:108.3,108.22 1 0
lvmsync_go/dedup/chunker.go:111.2,119.26 6 1
lvmsync_go/dedup/chunker.go:119.26,121.3 1 1
lvmsync_go/dedup/chunker.go:122.2,122.29 1 1
lvmsync_go/dedup/chunker.go:122.29,124.3 1 1
lvmsync_go/dedup/chunker.go:126.2,126.19 1 1
lvmsync_go/dedup/chunker.go:126.19,128.17 2 1
lvmsync_go/dedup/chunker.go:128.17,129.21 1 1
lvmsync_go/dedup/chunker.go:129.21,130.10 1 1
lvmsync_go/dedup/chunker.go:132.4,132.23 1 0
lvmsync_go/dedup/chunker.go:134.3,142.35 6 1
lvmsync_go/dedup/chunker.go:142.35,143.9 1 1
lvmsync_go/dedup/chunker.go:146.2,146.51 1 1
lvmsync_go/dedup/chunker.go:151.67,158.2 6 1
lvmsync_go/dedup/chunker.go:161.48,162.9 1 1
lvmsync_go/dedup/chunker.go:163.15,164.19 1 1
lvmsync_go/dedup/chunker.go:165.15,166.20 1 0
lvmsync_go/dedup/chunker.go:167.10,168.22 1 1
lvmsync_go/dedup/chunker.go:174.80,176.16 2 1
lvmsync_go/dedup/chunker.go:176.16,178.3 1 0
lvmsync_go/dedup/chunker.go:179.2,181.6 3 1
lvmsync_go/dedup/chunker.go:181.6,183.37 2 1
lvmsync_go/dedup/chunker.go:183.37,184.9 1 1
lvmsync_go/dedup/chunker.go:186.3,186.34 1 1
lvmsync_go/dedup/chunker.go:186.34,188.4 1 0
lvmsync_go/dedup/chunker.go:189.3,196.20 7 1
lvmsync_go/dedup/chunker.go:196.20,197.9 1 1
lvmsync_go/dedup/chunker.go:200.2,200.17 1 1
lvmsync_go/dedup/chunker.go:465.36,468.27 3 1
lvmsync_go/dedup/chunker.go:468.27,469.13 1 1
lvmsync_go/dedup/chunker.go:469.13,470.12 1 1
lvmsync_go/dedup/chunker.go:472.3,473.24 2 1
lvmsync_go/dedup/chunker.go:475.2,475.10 1 1
lvmsync_go/dedup/config.go:27.61,45.42 15 1
lvmsync_go/dedup/config.go:45.42,47.3 1 1
lvmsync_go/dedup/config.go:49.2,49.86 1 1
lvmsync_go/dedup/config.go:49.86,51.3 1 0
lvmsync_go/dedup/config.go:52.2,52.86 1 1
lvmsync_go/dedup/config.go:52.86,54.3 1 0
lvmsync_go/dedup/config.go:55.2,55.96 1 1
lvmsync_go/dedup/config.go:55.96,57.3 1 0
lvmsync_go/dedup/config.go:58.2,58.76 1 1
lvmsync_go/dedup/config.go:58.76,60.3 1 0
lvmsync_go/dedup/config.go:61.2,61.80 1 1
lvmsync_go/dedup/config.go:61.80,63.3 1 0
lvmsync_go/dedup/config.go:64.2,64.74 1 1
lvmsync_go/dedup/config.go:64.74,66.3 1 0
lvmsync_go/dedup/config.go:67.2,70.16 3 1
lvmsync_go/dedup/config.go:70.16,71.42 1 1
lvmsync_go/dedup/config.go:71.42,73.4 1 1
lvmsync_go/dedup/config.go:76.2,77.42 2 1
lvmsync_go/dedup/config.go:77.42,79.3 1 0
lvmsync_go/dedup/config.go:81.2,81.17 1 1
lvmsync_go/dedup/config.go:86.44,87.21 1 0
lvmsync_go/dedup/config.go:87.21,89.3 1 0
lvmsync_go/dedup/config.go:90.2,91.16 2 0
lvmsync_go/dedup/config.go:91.16,93.3 1 0
lvmsync_go/dedup/config.go:94.2,94.15 1 0
lvmsync_go/dedup/hybrid.go:26.90,27.52 1 1
lvmsync_go/dedup/hybrid.go:27.52,29.3 1 1
lvmsync_go/dedup/hybrid.go:30.2,30.28 1 1
lvmsync_go/dedup/hybrid.go:30.28,32.3 1 1
lvmsync_go/dedup/hybrid.go:33.2,34.20 2 1
lvmsync_go/dedup/hybrid.go:34.20,36.3 1 0
lvmsync_go/dedup/hybrid.go:37.2,37.15 1 1
lvmsync_go/dedup/hybrid.go:45.63,46.24 1 1
lvmsync_go/dedup/hybrid.go:46.24,50.3 3 1
lvmsync_go/dedup/hybrid.go:52.2,52.26 1 1
lvmsync_go/dedup/hybrid.go:52.26,54.3 1 1
lvmsync_go/dedup/hybrid.go:55.2,57.16 3 1
lvmsync_go/dedup/hybrid.go:57.16,58.50 1 1
lvmsync_go/dedup/hybrid.go:58.50,59.14 1 1
lvmsync_go/dedup/hybrid.go:59.14,61.5 1 1
lvmsync_go/dedup/hybrid.go:62.4,62.17 1 0
lvmsync_go/dedup/hybrid.go:63.9,65.4 1 0
lvmsync_go/dedup/hybrid.go:66.8,68.3 1 1
lvmsync_go/dedup/hybrid.go:70.2,71.33 2 1
lvmsync_go/dedup/hybrid.go:71.33,73.3 1 0
lvmsync_go/dedup/hybrid.go:74.2,74.22 1 1
lvmsync_go/dedup/hybrid.go:74.22,76.3 1 0
lvmsync_go/dedup/hybrid.go:77.2,78.23 2 1
lvmsync_go/hash/hash.go:14.13,16.2 1 1
lvmsync_go/hash/hash.go:19.21,19.39 1 1
lvmsync_go/hash/hash.go:22.31,24.2 1 1
lvmsync_go/hash/hash.go:27.35,29.2 1 1
lvmsync_go/hash/hash.go:37.57,40.16 3 1
lvmsync_go/hash/hash.go:40.16,44.17 4 1
lvmsync_go/hash/hash.go:44.17,46.4 1 0
lvmsync_go/hash/hash.go:47.8,49.3 1 1
lvmsync_go/hash/hash.go:50.2,50.33 1 1
lvmsync_go/hash/hash.go:54.32,54.47 1 1
lvmsync_go/hash/hash.go:57.53,57.76 1 1
lvmsync_go/hash/hash.go:60.42,65.2 4 1
lvmsync_go/hash/hash.go:68.43,68.57 1 1
lvmsync_go/escalate/escalate.go:81.32,83.20 2 1
lvmsync_go/escalate/escalate.go:83.20,85.3 1 1
lvmsync_go/escalate/escalate.go:86.2,86.23 1 1
lvmsync_go/escalate/escalate.go:95.73,97.17 2 1
lvmsync_go/escalate/escalate.go:97.17,99.3 1 1
lvmsync_go/escalate/escalate.go:100.2,104.18 4 1
lvmsync_go/escalate/escalate.go:104.18,107.3 2 1
lvmsync_go/escalate/escalate.go:109.2,110.21 2 1
lvmsync_go/escalate/escalate.go:110.21,112.3 1 1
lvmsync_go/escalate/escalate.go:113.2,114.16 2 1
lvmsync_go/escalate/escalate.go:114.16,116.3 1 1
lvmsync_go/escalate/escalate.go:118.2,119.16 2 1
lvmsync_go/escalate/escalate.go:119.16,121.3 1 0
lvmsync_go/escalate/escalate.go:123.2,125.29 3 1
lvmsync_go/escalate/escalate.go:125.29,127.3 1 1
lvmsync_go/escalate/escalate.go:128.2,132.29 4 1
lvmsync_go/escalate/escalate.go:132.29,134.3 1 1
lvmsync_go/escalate/escalate.go:135.2,136.25 2 1
lvmsync_go/escalate/escalate.go:136.25,138.3 1 1
lvmsync_go/escalate/escalate.go:139.2,139.14 1 1
lvmsync_go/escalate/escalate.go:139.14,141.3 1 1
lvmsync_go/escalate/escalate.go:141.8,143.3 1 1
lvmsync_go/escalate/escalate.go:145.2,147.19 3 1
lvmsync_go/escalate/escalate.go:147.19,149.3 1 1
lvmsync_go/escalate/escalate.go:150.2,151.19 2 1
lvmsync_go/escalate/escalate.go:151.19,153.3 1 1
lvmsync_go/escalate/escalate.go:155.2,155.21 1 1
lvmsync_go/escalate/escalate.go:155.21,157.19 2 1
lvmsync_go/escalate/escalate.go:157.19,159.4 1 0
lvmsync_go/escalate/escalate.go:160.3,160.69 1 1
lvmsync_go/escalate/escalate.go:160.69,163.4 2 1
lvmsync_go/escalate/escalate.go:166.2,167.18 2 1
lvmsync_go/escalate/escalate.go:167.18,169.3 1 1
lvmsync_go/escalate/escalate.go:170.2,174.16 4 1
lvmsync_go/escalate/escalate.go:174.16,176.3 1 1
lvmsync_go/escalate/escalate.go:178.2,178.77 1 1
lvmsync_go/escalate/escalate.go:178.77,179.41 1 1
lvmsync_go/escalate/escalate.go:179.41,181.4 1 1
lvmsync_go/escalate/escalate.go:182.3,183.62 2 1
lvmsync_go/escalate/escalate.go:185.2,186.18 2 1
lvmsync_go/escalate/escalate.go:192.66,194.17 2 1
lvmsync_go/escalate/escalate.go:194.17,196.3 1 1
lvmsync_go/escalate/escalate.go:197.2,203.30 6 1
lvmsync_go/escalate/escalate.go:203.30,206.3 2 1
lvmsync_go/escalate/escalate.go:207.2,208.16 2 1
lvmsync_go/escalate/escalate.go:208.16,211.3 2 1
lvmsync_go/escalate/escalate.go:212.2,213.16 2 1
lvmsync_go/escalate/escalate.go:213.16,216.3 2 0
lvmsync_go/escalate/escalate.go:217.2,218.16 2 1
lvmsync_go/escalate/escalate.go:218.16,220.3 1 0
lvmsync_go/escalate/escalate.go:221.2,221.50 1 1
lvmsync_go/escalate/escalate.go:221.50,224.3 2 0
lvmsync_go/escalate/escalate.go:225.2,225.53 1 1
lvmsync_go/escalate/escalate.go:225.53,228.3 2 0
lvmsync_go/escalate/escalate.go:229.2,229.53 1 1
lvmsync_go/escalate/escalate.go:229.53,232.3 2 0
lvmsync_go/escalate/escalate.go:233.2,234.12 2 1
lvmsync_go/escalate/escalate.go:239.51,246.29 3 1
lvmsync_go/escalate/escalate.go:246.29,247.75 1 1
lvmsync_go/escalate/escalate.go:247.75,248.12 1 1
lvmsync_go/escalate/escalate.go:250.3,251.13 2 1
lvmsync_go/escalate/escalate.go:251.13,252.12 1 0
lvmsync_go/escalate/escalate.go:254.3,255.19 2 1
lvmsync_go/escalate/escalate.go:255.19,257.4 1 1
lvmsync_go/escalate/escalate.go:259.2,259.12 1 1
lvmsync_go/escalate/escalate.go:262.67,263.39 1 1
lvmsync_go/escalate/escalate.go:263.39,265.3 1 1
lvmsync_go/escalate/escalate.go:266.2,267.25 2 1
lvmsync_go/escalate/escalate.go:267.25,269.47 2 1
lvmsync_go/escalate/escalate.go:269.47,271.4 1 1
lvmsync_go/escalate/escalate.go:272.3,272.15 1 1
lvmsync_go/escalate/escalate.go:272.15,274.4 1 1
lvmsync_go/escalate/escalate.go:276.2,276.12 1 1
lvmsync_go/escalate/escalate.go:279.38,280.13 1 1
lvmsync_go/escalate/escalate.go:280.13,282.3 1 1
lvmsync_go/escalate/escalate.go:283.2,284.22 2 1
lvmsync_go/escalate/escalate.go:284.22,285.25 1 1
lvmsync_go/escalate/escalate.go:285.25,287.4 1 1
lvmsync_go/escalate/escalate.go:288.3,288.24 1 1
lvmsync_go/escalate/escalate.go:290.2,290.15 1 1
lvmsync_go/escalate/escalate.go:293.33,295.16 2 1
lvmsync_go/escalate/escalate.go:295.16,298.3 1 0
lvmsync_go/escalate/escalate.go:299.2,299.32 1 1
lvmsync_go/escalate/escalate.go:299.32,301.3 1 0
lvmsync_go/escalate/escalate.go:302.2,302.15 1 1
lvmsync_go/escalate/escalate.go:315.48,315.79 1 0
lvmsync_go/escalate/escalate.go:316.48,316.82 1 0
lvmsync_go/escalate/escalate.go:317.48,317.82 1 0
lvmsync_go/escalate/escalate.go:319.127,321.16 2 1
lvmsync_go/escalate/escalate.go:321.16,323.3 1 1
lvmsync_go/escalate/escalate.go:324.2,327.18 4 1
lvmsync_go/internal/blockio/blockio.go:28.60,30.40 2 1
lvmsync_go/internal/blockio/blockio.go:30.40,32.3 1 1
lvmsync_go/internal/blockio/blockio.go:33.2,35.12 3 1
lvmsync_go/internal/blockio/blockio.go:35.12,37.17 2 1
lvmsync_go/internal/blockio/blockio.go:37.17,38.46 1 0
lvmsync_go/internal/blockio/blockio.go:38.46,40.5 1 0
lvmsync_go/internal/blockio/blockio.go:40.10,42.5 1 0
lvmsync_go/internal/blockio/blockio.go:45.2,46.26 2 1
lvmsync_go/internal/blockio/blockio.go:46.26,48.3 1 1
lvmsync_go/internal/blockio/blockio.go:48.8,50.17 2 1
lvmsync_go/internal/blockio/blockio.go:50.17,52.4 1 0
lvmsync_go/internal/blockio/blockio.go:54.2,56.16 3 1
lvmsync_go/internal/blockio/blockio.go:60.30,60.52 1 1
lvmsync_go/internal/blockio/blockio.go:63.30,63.51 1 1
lvmsync_go/internal/blockio/blockio.go:66.30,66.50 1 1
lvmsync_go/internal/blockio/blockio.go:69.31,69.52 1 0
lvmsync_go/internal/blockio/blockio.go:72.30,72.49 1 1
lvmsync_go/internal/blockio/blockio.go:74.45,76.43 2 1
lvmsync_go/internal/blockio/blockio.go:76.43,77.15 1 1
lvmsync_go/internal/blockio/blockio.go:77.15,79.4 1 1
lvmsync_go/internal/blockio/blockio.go:80.3,80.15 1 1
lvmsync_go/internal/blockio/blockio.go:80.15,81.37 1 1
lvmsync_go/internal/blockio/blockio.go:81.37,83.5 1 0
lvmsync_go/internal/blockio/blockio.go:86.2,86.21 1 1
lvmsync_go/internal/blockio/blockio.go:89.44,91.34 2 1
lvmsync_go/internal/blockio/blockio.go:91.34,93.3 1 0
lvmsync_go/internal/blockio/blockio.go:94.2,94.15 1 1
lvmsync_go/internal/blockio/blockio.go:97.52,100.21 3 1
lvmsync_go/internal/blockio/blockio.go:100.21,102.3 1 0
lvmsync_go/internal/blockio/blockio.go:103.2,106.6 4 1
lvmsync_go/internal/blockio/blockio.go:106.6,108.13 2 1
lvmsync_go/internal/blockio/blockio.go:108.13,111.17 3 1
lvmsync_go/internal/blockio/blockio.go:111.17,113.5 1 0
lvmsync_go/internal/blockio/blockio.go:114.4,114.16 1 1
lvmsync_go/internal/blockio/blockio.go:114.16,116.5 1 0
lvmsync_go/internal/blockio/blockio.go:118.3,118.16 1 1
lvmsync_go/internal/blockio/blockio.go:118.16,119.20 1 1
lvmsync_go/internal/blockio/blockio.go:119.20,121.5 1 1
lvmsync_go/internal/blockio/blockio.go:122.4,122.16 1 0
lvmsync_go/internal/blockio/blockio.go:127.53,130.21 3 1
lvmsync_go/internal/blockio/blockio.go:130.21,132.3 1 0
lvmsync_go/internal/blockio/blockio.go:133.2,136.6 4 1
lvmsync_go/internal/blockio/blockio.go:136.6,138.13 2 1
lvmsync_go/internal/blockio/blockio.go:138.13,141.17 3 1
lvmsync_go/internal/blockio/blockio.go:141.17,143.5 1 0
lvmsync_go/internal/blockio/blockio.go:144.4,144.16 1 1
lvmsync_go/internal/blockio/blockio.go:144.16,146.5 1 0
lvmsync_go/internal/blockio/blockio.go:148.3,148.16 1 1
lvmsync_go/internal/blockio/blockio.go:148.16,149.20 1 1
lvmsync_go/internal/blockio/blockio.go:149.20,151.5 1 1
lvmsync_go/internal/blockio/blockio.go:152.4,152.16 1 0
lvmsync_go/internal/blockio/blockio.go:157.62,157.97 1 0
lvmsync_go/internal/blockio/blockio.go:160.57,162.34 2 1
lvmsync_go/internal/blockio/blockio.go:162.34,164.3 1 0
lvmsync_go/internal/blockio/blockio.go:165.2,165.15 1 1
lvmsync_go/internal/blockio/blockio.go:170.58,172.43 2 1
lvmsync_go/internal/blockio/blockio.go:172.43,173.15 1 0
lvmsync_go/internal/blockio/blockio.go:173.15,175.4 1 0
lvmsync_go/internal/blockio/blockio.go:176.3,176.15 1 0
lvmsync_go/internal/blockio/blockio.go:176.15,177.37 1 0
lvmsync_go/internal/blockio/blockio.go:177.37,179.5 1 0
lvmsync_go/internal/blockio/blockio.go:182.2,182.61 1 1
lvmsync_go/internal/blockio/blockio.go:182.61,183.15 1 1
lvmsync_go/internal/blockio/blockio.go:183.15,185.4 1 1
lvmsync_go/internal/blockio/blockio.go:186.3,186.15 1 1
lvmsync_go/internal/blockio/blockio.go:186.15,187.37 1 1
lvmsync_go/internal/blockio/blockio.go:187.37,189.5 1 0
lvmsync_go/internal/blockio/blockio.go:192.2,192.28 1 1
lvmsync_go/internal/blockio/blockio.go:196.29,197.39 1 1
lvmsync_go/internal/blockio/blockio.go:197.39,199.3 1 1
lvmsync_go/internal/blockio/blockio.go:200.2,201.16 2 0
lvmsync_go/internal/blockio/blockio.go:201.16,203.3 1 0
lvmsync_go/internal/blockio/blockio.go:204.2,205.16 2 0
lvmsync_go/internal/blockio/blockio.go:205.16,208.3 2 0
lvmsync_go/internal/blockio/blockio.go:209.2,210.12 2 0
lvmsync_go/internal/blockio/blockio.go:213.29,214.23 1 1
lvmsync_go/internal/blockio/blockio.go:214.23,216.3 1 1
lvmsync_go/internal/blockio/blockio.go:217.2,217.12 1 0
lvmsync_go/internal/blockio/blockio.go:220.31,222.16 2 1
lvmsync_go/internal/blockio/blockio.go:222.16,224.3 1 0
lvmsync_go/internal/blockio/blockio.go:225.2,229.20 5 1
lvmsync_go/internal/blockio/blockio.go:232.66,234.16 2 1
lvmsync_go/internal/blockio/blockio.go:234.16,236.3 1 0
lvmsync_go/internal/blockio/blockio.go:237.2,238.9 2 1
lvmsync_go/internal/blockio/blockio.go:238.9,240.53 2 1
lvmsync_go/internal/blockio/blockio.go:240.53,242.4 1 0
lvmsync_go/internal/blockio/blockio.go:244.2,248.18 5 1
lvmsync_go/internal/blockio/blockio.go:248.18,250.3 1 1
lvmsync_go/internal/blockio/blockio.go:251.2,251.19 1 1
lvmsync_go/internal/blockio/blockio.go:251.19,253.3 1 1
lvmsync_go/internal/blockio/blockio.go:254.2,254.26 1 1
lvmsync_go/internal/blockio/blockio.go:257.36,259.16 2 1
lvmsync_go/internal/blockio/blockio.go:259.16,261.3 1 1
lvmsync_go/internal/blockio/blockio.go:262.2,263.16 2 0
lvmsync_go/internal/blockio/blockio.go:263.16,265.3 1 0
lvmsync_go/internal/blockio/blockio.go:266.2,266.10 1 0
lvmsync_go/internal/blockio/blockio.go:269.24,270.13 1 1
lvmsync_go/internal/blockio/blockio.go:270.13,272.3 1 1
lvmsync_go/internal/blockio/blockio.go:273.2,273.11 1 1
lvmsync_go/internal/blockio/blockio.go:273.11,275.3 1 0
lvmsync_go/internal/blockio/blockio.go:276.2,276.10 1 1
lvmsync_go/internal/blockio/blockio.go:279.24,281.12 2 1
lvmsync_go/internal/blockio/blockio.go:281.12,283.3 1 0
lvmsync_go/internal/blockio/blockio.go:284.2,284.18 1 1
lvmsync_go/internal/blockio/buffer_pool.go:15.45,16.41 1 1
lvmsync_go/internal/blockio/buffer_pool.go:16.41,17.37 1 1
lvmsync_go/internal/blockio/buffer_pool.go:17.37,18.43 1 1
lvmsync_go/internal/blockio/buffer_pool.go:18.43,19.39 1 1
lvmsync_go/internal/blockio/buffer_pool.go:19.39,21.6 1 1
lvmsync_go/internal/blockio/buffer_pool.go:25.2,25.37 1 1
lvmsync_go/internal/blockio/buffer_pool.go:25.37,27.17 2 1
lvmsync_go/internal/blockio/buffer_pool.go:27.17,30.4 2 0
lvmsync_go/internal/blockio/buffer_pool.go:31.3,31.17 1 1
lvmsync_go/internal/blockio/buffer_pool.go:31.17,34.4 2 1
lvmsync_go/internal/blockio/buffer_pool.go:35.3,35.12 1 1
lvmsync_go/internal/blockio/buffer_pool.go:37.2,39.36 3 1
lvmsync_go/internal/blockio/buffer_pool.go:39.36,41.3 1 1
lvmsync_go/internal/blockio/buffer_pool.go:42.2,42.34 1 0
lvmsync_go/internal/blockio/buffer_pool.go:42.34,44.3 1 0
lvmsync_go/internal/blockio/buffer_pool.go:45.2,46.12 2 0
lvmsync_go/internal/blockio/buffer_pool.go:49.40,50.45 1 1
lvmsync_go/internal/blockio/buffer_pool.go:50.45,51.37 1 1
lvmsync_go/internal/blockio/buffer_pool.go:51.37,54.4 2 1
lvmsync_go/internal/blockio/buffer_pool.go:56.2,56.18 1 1
lvmsync_go/internal/blockio/buffer_pool.go:56.18,58.56 2 1
lvmsync_go/internal/blockio/buffer_pool.go:58.56,60.4 1 1
lvmsync_go/internal/blockio/buffer_pool.go:64.37,65.40 1 1
lvmsync_go/internal/blockio/buffer_pool.go:65.40,68.3 2 1
lvmsync_go/internal/blockio/buffer_pool.go:69.2,69.43 1 1
lvmsync_go/internal/blockio/buffer_pool.go:69.43,70.30 1 1
lvmsync_go/internal/blockio/buffer_pool.go:70.30,72.4 1 1
lvmsync_go/internal/blockio/buffer_pool.go:73.3,74.14 2 1
lvmsync_go/internal/blockio/devicewriter.go:18.106,20.16 2 1
lvmsync_go/internal/blockio/devicewriter.go:20.16,22.3 1 1
lvmsync_go/internal/blockio/devicewriter.go:23.2,24.16 2 1
lvmsync_go/internal/blockio/devicewriter.go:24.16,27.3 2 0
lvmsync_go/internal/blockio/devicewriter.go:28.2,28.26 1 1
lvmsync_go/internal/blockio/devicewriter.go:28.26,29.62 1 1
lvmsync_go/internal/blockio/devicewriter.go:29.62,32.4 2 1
lvmsync_go/internal/blockio/devicewriter.go:33.3,33.19 1 1
lvmsync_go/internal/blockio/devicewriter.go:35.2,35.24 1 1
lvmsync_go/internal/blocksize/blocksize.go:24.45,26.16 2 1
lvmsync_go/internal/blocksize/blocksize.go:26.16,28.3 1 0
lvmsync_go/internal/blocksize/blocksize.go:29.2,30.9 2 1
lvmsync_go/internal/blocksize/blocksize.go:30.9,32.53 2 1
lvmsync_go/internal/blocksize/blocksize.go:32.53,34.4 1 0
lvmsync_go/internal/blocksize/blocksize.go:36.2,38.37 3 1
lvmsync_go/internal/blocksize/blocksize.go:43.55,44.34 1 1
lvmsync_go/internal/blocksize/blocksize.go:44.34,46.17 2 1
lvmsync_go/internal/blocksize/blocksize.go:46.17,47.12 1 1
lvmsync_go/internal/blocksize/blocksize.go:49.3,50.27 2 1
lvmsync_go/internal/blocksize/blocksize.go:50.27,51.12 1 1
lvmsync_go/internal/blocksize/blocksize.go:53.3,53.16 1 1
lvmsync_go/internal/blocksize/blocksize.go:55.2,55.18 1 1
lvmsync_go/internal/client/execute.go:10.188,12.12 2 1
lvmsync_go/internal/client/execute.go:12.12,14.3 1 1
lvmsync_go/internal/client/execute.go:16.2,16.9 1 1
lvmsync_go/internal/client/execute.go:17.28,18.17 1 1
lvmsync_go/internal/client/execute.go:18.17,21.4 2 1
lvmsync_go/internal/client/execute.go:22.25,23.17 1 1
lvmsync_go/internal/client/execute.go:23.17,25.4 1 1
lvmsync_go/internal/client/execute.go:26.3,26.13 1 1
lvmsync_go/internal/client/execute.go:27.20,29.19 2 0
lvmsync_go/internal/client/execute.go:32.2,32.25 1 1
lvmsync_go/internal/client/execute.go:32.25,33.7 1 1
lvmsync_go/internal/client/execute.go:33.7,34.11 1 1
lvmsync_go/internal/client/execute.go:35.35,36.12 1 1
lvmsync_go/internal/client/execute.go:36.12,38.6 1 0
lvmsync_go/internal/client/execute.go:39.5,39.19 1 1
lvmsync_go/internal/client/execute.go:39.19,42.6 2 1
lvmsync_go/internal/client/execute.go:43.22,45.21 2 0
lvmsync_go/internal/client/execute.go:50.2,50.12 1 0
lvmsync_go/internal/client/snapshot.go:30.26,41.43 1 1
lvmsync_go/internal/client/snapshot.go:41.43,41.95 1 1
lvmsync_go/internal/client/snapshot.go:57.11,59.18 2 1
lvmsync_go/internal/client/snapshot.go:59.18,61.3 1 1
lvmsync_go/internal/client/snapshot.go:62.2,62.19 1 1
lvmsync_go/internal/client/snapshot.go:62.19,64.3 1 0
lvmsync_go/internal/client/snapshot.go:65.2,65.20 1 1
lvmsync_go/internal/client/snapshot.go:65.20,67.3 1 0
lvmsync_go/internal/client/snapshot.go:68.2,68.21 1 1
lvmsync_go/internal/client/snapshot.go:68.21,70.3 1 0
lvmsync_go/internal/client/snapshot.go:71.2,71.22 1 1
lvmsync_go/internal/client/snapshot.go:71.22,73.3 1 0
lvmsync_go/internal/client/snapshot.go:74.2,74.19 1 1
lvmsync_go/internal/client/snapshot.go:74.19,76.3 1 1
lvmsync_go/internal/client/snapshot.go:77.2,77.21 1 1
lvmsync_go/internal/client/snapshot.go:77.21,79.3 1 1
lvmsync_go/internal/client/snapshot.go:80.2,80.20 1 1
lvmsync_go/internal/client/snapshot.go:80.20,82.3 1 1
lvmsync_go/internal/client/snapshot.go:83.2,83.19 1 1
lvmsync_go/internal/client/snapshot.go:83.19,85.3 1 1
lvmsync_go/internal/client/snapshot.go:86.2,86.21 1 1
lvmsync_go/internal/client/snapshot.go:86.21,88.3 1 0
lvmsync_go/internal/client/snapshot.go:89.2,89.10 1 1
lvmsync_go/internal/client/snapshot.go:92.139,94.16 2 1
lvmsync_go/internal/client/snapshot.go:94.16,96.3 1 1
lvmsync_go/internal/client/snapshot.go:97.2,97.27 1 1
lvmsync_go/internal/client/snapshot.go:100.147,101.27 1 1
lvmsync_go/internal/client/snapshot.go:101.27,103.17 2 1
lvmsync_go/internal/client/snapshot.go:103.17,105.4 1 0
lvmsync_go/internal/client/snapshot.go:106.3,107.88 2 1
lvmsync_go/internal/client/snapshot.go:110.2,110.68 1 1
lvmsync_go/internal/client/snapshot.go:110.68,112.17 2 0
lvmsync_go/internal/client/snapshot.go:112.17,114.4 1 0
lvmsync_go/internal/client/snapshot.go:115.3,116.17 2 0
lvmsync_go/internal/client/snapshot.go:116.17,118.4 1 0
lvmsync_go/internal/client/snapshot.go:119.3,120.104 2 0
lvmsync_go/internal/client/snapshot.go:122.2,122.12 1 1
lvmsync_go/internal/client/snapshot.go:125.112,126.23 1 1
lvmsync_go/internal/client/snapshot.go:126.23,128.3 1 1
lvmsync_go/internal/client/snapshot.go:129.2,130.16 2 1
lvmsync_go/internal/client/snapshot.go:130.16,132.3 1 0
lvmsync_go/internal/client/snapshot.go:133.2,133.31 1 1
lvmsync_go/internal/client/snapshot.go:133.31,135.3 1 1
lvmsync_go/internal/client/snapshot.go:136.2,137.12 2 1
lvmsync_go/internal/client/snapshot.go:140.183,143.20 3 1
lvmsync_go/internal/client/snapshot.go:143.21,143.22 0 1
lvmsync_go/internal/client/snapshot.go:145.2,145.30 1 1
lvmsync_go/internal/client/snapshot.go:145.30,146.17 1 1
lvmsync_go/internal/client/snapshot.go:146.17,148.4 1 1
lvmsync_go/internal/client/snapshot.go:149.3,149.50 1 1
lvmsync_go/internal/client/snapshot.go:152.2,154.123 3 1
lvmsync_go/internal/client/snapshot.go:154.123,156.3 1 1
lvmsync_go/internal/client/snapshot.go:157.2,163.12 6 1
lvmsync_go/internal/client/snapshot.go:163.12,165.128 2 1
lvmsync_go/internal/client/snapshot.go:165.128,167.11 2 1
lvmsync_go/internal/client/snapshot.go:168.29,168.29 0 1
lvmsync_go/internal/client/snapshot.go:169.12,169.12 0 0
lvmsync_go/internal/client/snapshot.go:174.2,174.19 1 1
lvmsync_go/internal/client/snapshot.go:174.19,179.75 5 1
lvmsync_go/internal/client/snapshot.go:179.75,181.4 1 0
lvmsync_go/internal/client/snapshot.go:181.9,183.4 1 1
lvmsync_go/internal/client/snapshot.go:186.2,186.49 1 1
lvmsync_go/internal/client/snapshot.go:192.154,194.16 2 1
lvmsync_go/internal/client/snapshot.go:194.16,196.3 1 0
lvmsync_go/internal/client/snapshot.go:197.2,200.16 3 1
lvmsync_go/internal/client/snapshot.go:200.16,202.3 1 0
lvmsync_go/internal/client/snapshot.go:204.2,204.86 1 1
lvmsync_go/internal/client/snapshot.go:204.86,206.3 1 0
lvmsync_go/internal/client/snapshot.go:208.2,208.80 1 1
lvmsync_go/internal/client/snapshot.go:208.80,210.3 1 0
lvmsync_go/internal/client/snapshot.go:212.2,212.82 1 1
lvmsync_go/internal/client/snapshot.go:218.142,220.2 1 0
lvmsync_go/internal/compressiondetect/compressiondetect.go:32.40,33.23 1 1
lvmsync_go/internal/compressiondetect/compressiondetect.go:33.23,35.17 2 1
[...]
lvmsync_go/transport/ssh/ssh.go:198.81,213.16 7 1
lvmsync_go/transport/ssh/ssh.go:213.16,217.3 3 0
lvmsync_go/transport/ssh/ssh.go:218.2,219.9 2 1
lvmsync_go/transport/ssh/ssh.go:219.9,221.3 1 1
lvmsync_go/transport/ssh/ssh.go:222.2,222.44 1 1
lvmsync_go/transport/ssh/ssh.go:222.44,227.3 4 0
lvmsync_go/transport/ssh/ssh.go:228.2,229.12 2 1
lvmsync_go/transport/ssh/ssh.go:229.12,230.10 1 1
lvmsync_go/transport/ssh/ssh.go:231.21,232.31 1 0
lvmsync_go/transport/ssh/ssh.go:233.15,233.15 0 1
lvmsync_go/transport/ssh/ssh.go:236.2,243.16 4 1
lvmsync_go/transport/ssh/ssh.go:243.16,245.41 2 1
lvmsync_go/transport/ssh/ssh.go:245.41,247.4 1 0
lvmsync_go/transport/ssh/ssh.go:248.3,250.18 3 1
lvmsync_go/transport/ssh/ssh.go:252.2,252.53 1 1
lvmsync_go/transport/ssh/ssh.go:252.53,258.3 5 0
lvmsync_go/transport/ssh/ssh.go:259.2,266.16 4 1
lvmsync_go/transport/ssh/ssh.go:266.16,271.3 4 0
lvmsync_go/transport/ssh/ssh.go:272.2,274.83 3 1
lvmsync_go/transport/ssh/ssh.go:277.87,285.25 4 1
lvmsync_go/transport/ssh/ssh.go:285.25,295.3 4 0
lvmsync_go/transport/ssh/ssh.go:296.2,303.16 4 1
lvmsync_go/transport/ssh/ssh.go:303.16,307.3 3 0
lvmsync_go/transport/ssh/ssh.go:308.2,309.12 2 1
lvmsync_go/transport/ssh/ssh.go:309.12,312.3 2 1
lvmsync_go/transport/ssh/ssh.go:313.2,314.16 2 1
lvmsync_go/transport/ssh/ssh.go:317.144,326.15 5 1
lvmsync_go/transport/ssh/ssh.go:326.15,332.17 2 1
lvmsync_go/transport/ssh/ssh.go:332.17,335.4 2 1
lvmsync_go/transport/ssh/ssh.go:335.9,338.4 2 1
lvmsync_go/transport/ssh/ssh.go:340.2,341.25 2 1
lvmsync_go/transport/ssh/ssh.go:341.25,343.3 1 1
lvmsync_go/transport/ssh/ssh.go:344.2,344.14 1 1
lvmsync_go/transport/ssh/ssh.go:345.24,346.47 1 1
lvmsync_go/transport/ssh/ssh.go:346.47,348.4 1 0
lvmsync_go/transport/ssh/ssh.go:349.3,349.56 1 1
lvmsync_go/transport/ssh/ssh.go:349.56,352.4 2 1
lvmsync_go/transport/ssh/ssh.go:353.3,355.47 2 1
lvmsync_go/transport/ssh/ssh.go:355.47,357.4 1 0
lvmsync_go/transport/ssh/ssh.go:358.3,360.17 3 1
lvmsync_go/transport/ssh/ssh.go:360.17,362.4 1 0
lvmsync_go/transport/ssh/ssh.go:363.3,364.60 2 1
lvmsync_go/transport/ssh/ssh.go:364.60,366.4 1 0
lvmsync_go/transport/ssh/ssh.go:367.3,367.19 1 1
lvmsync_go/transport/ssh/ssh.go:368.24,369.47 1 1
lvmsync_go/transport/ssh/ssh.go:369.47,371.4 1 0
lvmsync_go/transport/ssh/ssh.go:372.3,374.17 3 1
lvmsync_go/transport/ssh/ssh.go:374.17,376.4 1 0
lvmsync_go/transport/ssh/ssh.go:377.3,378.60 2 1
lvmsync_go/transport/ssh/ssh.go:378.60,380.4 1 0
lvmsync_go/transport/ssh/ssh.go:381.3,381.47 1 1
lvmsync_go/transport/ssh/ssh.go:381.47,383.4 1 0
lvmsync_go/transport/ssh/ssh.go:384.3,384.56 1 1
lvmsync_go/transport/ssh/ssh.go:384.56,387.4 2 0
lvmsync_go/transport/ssh/ssh.go:388.3,389.19 2 1
lvmsync_go/transport/ssh/ssh.go:390.10,391.19 1 0
lvmsync_go/transport/ssh/ssh.go:402.48,402.76 1 1
lvmsync_go/transport/ssh/ssh.go:403.48,403.77 1 1
lvmsync_go/transport/ssh/ssh.go:404.33,420.16 8 1
lvmsync_go/transport/ssh/ssh.go:420.16,423.3 2 1
lvmsync_go/transport/ssh/ssh.go:423.8,425.3 1 0
lvmsync_go/transport/ssh/ssh.go:426.2,426.12 1 1
lvmsync_go/transport/ssh/ssh.go:428.55,428.87 1 0
lvmsync_go/transport/ssh/ssh.go:429.55,429.88 1 1
lvmsync_go/transport/ssh/ssh.go:430.55,430.90 1 1
lvmsync_go/transport/ssh/ssh.go:431.55,431.94 1 0
lvmsync_go/transport/ssh/ssh.go:432.55,432.95 1 0
lvmsync_go/transport/ssh/ssh.go:440.50,442.16 2 1
lvmsync_go/transport/ssh/ssh.go:442.16,444.3 1 0
lvmsync_go/transport/ssh/ssh.go:445.2,446.16 2 1
lvmsync_go/transport/ssh/ssh.go:446.16,449.3 2 1
lvmsync_go/transport/ssh/ssh.go:450.2,452.9 3 1
lvmsync_go/transport/ssh/ssh.go:452.9,455.3 2 0
lvmsync_go/transport/ssh/ssh.go:456.2,457.16 2 1
lvmsync_go/transport/ssh/ssh.go:457.16,460.3 2 0
lvmsync_go/transport/ssh/ssh.go:461.2,462.83 2 1
lvmsync_go/transport/ssh/ssh.go:472.51,472.79 1 1
lvmsync_go/transport/ssh/ssh.go:473.51,473.80 1 1
lvmsync_go/transport/ssh/ssh.go:474.36,490.16 8 1
lvmsync_go/transport/ssh/ssh.go:490.16,493.3 2 1
lvmsync_go/transport/ssh/ssh.go:493.8,495.3 1 0
lvmsync_go/transport/ssh/ssh.go:496.2,496.12 1 1
lvmsync_go/transport/ssh/ssh.go:498.58,498.90 1 0
lvmsync_go/transport/ssh/ssh.go:499.58,499.91 1 1
lvmsync_go/transport/ssh/ssh.go:500.58,500.93 1 1
lvmsync_go/transport/ssh/ssh.go:501.58,501.97 1 0
lvmsync_go/transport/ssh/ssh.go:502.58,502.98 1 0
lvmsync_go/transport/ssh/ssh.go:504.60,505.33 1 1
lvmsync_go/transport/ssh/ssh.go:505.33,507.3 1 1
lvmsync_go/transport/ssh/ssh.go:508.2,508.12 1 1
lvmsync_go/transport/ssh/ssh.go:511.55,512.54 1 1
lvmsync_go/transport/ssh/ssh.go:512.54,514.3 1 1
lvmsync_go/transport/testutil/testutil.go:20.77,23.16 3 1
lvmsync_go/transport/testutil/testutil.go:23.16,25.3 1 0
lvmsync_go/transport/testutil/testutil.go:26.2,33.16 3 1
lvmsync_go/transport/testutil/testutil.go:33.16,35.3 1 0
lvmsync_go/transport/testutil/testutil.go:36.2,38.16 3 1
lvmsync_go/transport/testutil/testutil.go:38.16,40.3 1 0
lvmsync_go/transport/testutil/testutil.go:41.2,43.19 3 1
lvmsync_go/transport/testutil/testutil.go:46.66,49.57 3 1
lvmsync_go/transport/testutil/testutil.go:49.57,54.3 4 1
lvmsync_go/transport/testutil/testutil.go:55.2,55.19 1 1
lvmsync_go/transport/testutil/testutil.go:55.19,59.3 3 1
lvmsync_go/transport/testutil/testutil.go:60.2,61.16 2 1
lvmsync_go/transport/testutil/testutil.go:61.16,63.3 1 0
lvmsync_go/transport/testutil/testutil.go:64.2,64.15 1 1
lvmsync_go/transport/testutil/testutil.go:64.15,66.3 1 0
lvmsync_go/transport/testutil/testutil.go:67.2,67.11 1 1
lvmsync_go/transport/testutil/testutil.go:75.113,80.16 5 1
lvmsync_go/transport/testutil/testutil.go:80.16,82.3 1 0
lvmsync_go/transport/testutil/testutil.go:83.2,87.12 5 1
lvmsync_go/transport/testutil/testutil.go:87.12,89.17 2 1
lvmsync_go/transport/testutil/testutil.go:89.17,92.4 2 0
lvmsync_go/transport/testutil/testutil.go:93.3,94.17 2 1
lvmsync_go/transport/testutil/testutil.go:94.17,98.4 3 0
lvmsync_go/transport/testutil/testutil.go:99.3,101.40 3 1
lvmsync_go/transport/testutil/testutil.go:103.2,104.16 2 1
lvmsync_go/transport/testutil/testutil.go:104.16,106.3 1 0
lvmsync_go/transport/testutil/testutil.go:107.2,111.45 5 1
lvmsync_go/transport/testutil/testutil.go:114.152,119.16 5 0
lvmsync_go/transport/testutil/testutil.go:119.16,121.3 1 0
lvmsync_go/transport/testutil/testutil.go:122.2,125.12 4 0
lvmsync_go/transport/testutil/testutil.go:125.12,128.17 3 0
lvmsync_go/transport/testutil/testutil.go:128.17,131.4 2 0
lvmsync_go/transport/testutil/testutil.go:132.3,134.40 3 0
lvmsync_go/transport/testutil/testutil.go:136.2,137.16 2 0
lvmsync_go/transport/testutil/testutil.go:137.16,140.3 2 0
lvmsync_go/transport/testutil/testutil.go:141.2,144.45 4 0
lvmsync_go/transport/tcp_tls/tcp_tls.go:32.61,33.23 1 1
lvmsync_go/transport/tcp_tls/tcp_tls.go:33.23,35.3 1 1
lvmsync_go/transport/tcp_tls/tcp_tls.go:36.2,36.44 1 1
lvmsync_go/transport/tcp_tls/tcp_tls.go:36.44,38.3 1 1
lvmsync_go/transport/tcp_tls/tcp_tls.go:39.2,39.64 1 1
lvmsync_go/transport/tcp_tls/tcp_tls.go:39.64,41.3 1 1
lvmsync_go/transport/tcp_tls/tcp_tls.go:42.2,42.64 1 1
lvmsync_go/transport/tcp_tls/tcp_tls.go:42.64,44.3 1 0
lvmsync_go/transport/tcp_tls/tcp_tls.go:45.2,46.23 2 1
lvmsync_go/transport/tcp_tls/tcp_tls.go:46.23,49.3 2 1
lvmsync_go/transport/tcp_tls/tcp_tls.go:50.2,66.41 3 1
lvmsync_go/transport/tcp_tls/tcp_tls.go:66.41,68.3 1 1
lvmsync_go/transport/tcp_tls/tcp_tls.go:69.2,69.41 1 1
lvmsync_go/transport/tcp_tls/tcp_tls.go:69.41,71.3 1 1
lvmsync_go/transport/tcp_tls/tcp_tls.go:72.2,72.92 1 1
lvmsync_go/transport/tcp_tls/tcp_tls.go:75.13,76.92 1 1
lvmsync_go/transport/tcp_tls/tcp_tls.go:76.92,78.17 2 0
lvmsync_go/transport/tcp_tls/tcp_tls.go:78.17,80.4 1 0
lvmsync_go/transport/tcp_tls/tcp_tls.go:81.3,81.16 1 0
lvmsync_go/transport/tcp_tls/tcp_tls.go:81.16,83.4 1 0
lvmsync_go/transport/tcp_tls/tcp_tls.go:84.3,84.17 1 0
lvmsync_go/transport/tcp_tls/tcp_tls.go:88.35,88.55 1 0
lvmsync_go/transport/tcp_tls/tcp_tls.go:90.81,99.9 5 1
lvmsync_go/transport/tcp_tls/tcp_tls.go:99.9,104.3 4 1
lvmsync_go/transport/tcp_tls/tcp_tls.go:105.2,107.16 3 1
lvmsync_go/transport/tcp_tls/tcp_tls.go:107.16,116.3 3 1
lvmsync_go/transport/tcp_tls/tcp_tls.go:117.2,118.61 2 1
lvmsync_go/transport/tcp_tls/tcp_tls.go:118.61,121.3 2 1
lvmsync_go/transport/tcp_tls/tcp_tls.go:122.2,122.48 1 1
lvmsync_go/transport/tcp_tls/tcp_tls.go:122.48,132.3 4 0
lvmsync_go/transport/tcp_tls/tcp_tls.go:133.2,134.51 2 1
lvmsync_go/transport/tcp_tls/tcp_tls.go:134.51,144.3 4 1
lvmsync_go/transport/tcp_tls/tcp_tls.go:145.2,146.38 2 1
lvmsync_go/transport/tcp_tls/tcp_tls.go:146.38,157.3 5 0
lvmsync_go/transport/tcp_tls/tcp_tls.go:158.2,158.45 1 1
lvmsync_go/transport/tcp_tls/tcp_tls.go:158.45,168.3 4 0
lvmsync_go/transport/tcp_tls/tcp_tls.go:169.2,175.54 3 1
lvmsync_go/transport/tcp_tls/tcp_tls.go:175.54,178.3 2 0
lvmsync_go/transport/tcp_tls/tcp_tls.go:179.2,179.18 1 1
lvmsync_go/transport/tcp_tls/tcp_tls.go:182.87,192.16 6 1
lvmsync_go/transport/tcp_tls/tcp_tls.go:192.16,194.13 2 1
lvmsync_go/transport/tcp_tls/tcp_tls.go:194.13,196.37 2 1
lvmsync_go/transport/tcp_tls/tcp_tls.go:196.37,198.5 1 1
lvmsync_go/transport/tcp_tls/tcp_tls.go:201.2,207.16 2 1
lvmsync_go/transport/tcp_tls/tcp_tls.go:207.16,209.3 1 1
lvmsync_go/transport/tcp_tls/tcp_tls.go:209.8,216.3 2 1
lvmsync_go/transport/tcp_tls/tcp_tls.go:217.2,217.16 1 1
lvmsync_go/transport/tcp_tls/tcp_tls.go:220.144,229.15 5 1
lvmsync_go/transport/tcp_tls/tcp_tls.go:229.15,235.17 2 1
lvmsync_go/transport/tcp_tls/tcp_tls.go:235.17,238.4 2 1
lvmsync_go/transport/tcp_tls/tcp_tls.go:238.9,241.4 2 1
lvmsync_go/transport/tcp_tls/tcp_tls.go:244.2,244.41 1 1
lvmsync_go/transport/tcp_tls/tcp_tls.go:244.41,246.31 2 1
lvmsync_go/transport/tcp_tls/tcp_tls.go:246.31,247.56 1 1
lvmsync_go/transport/tcp_tls/tcp_tls.go:247.56,249.5 1 0
lvmsync_go/transport/tcp_tls/tcp_tls.go:250.4,250.37 1 1
lvmsync_go/transport/tcp_tls/tcp_tls.go:252.3,254.73 3 1
lvmsync_go/transport/tcp_tls/tcp_tls.go:254.73,256.4 1 0
lvmsync_go/transport/tcp_tls/tcp_tls.go:257.3,257.91 1 1
lvmsync_go/transport/tcp_tls/tcp_tls.go:257.91,259.4 1 0
lvmsync_go/transport/tcp_tls/tcp_tls.go:260.3,260.27 1 1
lvmsync_go/transport/tcp_tls/tcp_tls.go:260.27,262.4 1 1
lvmsync_go/transport/tcp_tls/tcp_tls.go:263.3,263.30 1 1
lvmsync_go/transport/tcp_tls/tcp_tls.go:263.30,265.4 1 1
lvmsync_go/transport/tcp_tls/tcp_tls.go:268.2,269.25 2 1
lvmsync_go/transport/tcp_tls/tcp_tls.go:269.25,271.3 1 1
lvmsync_go/transport/tcp_tls/tcp_tls.go:272.2,272.14 1 1
lvmsync_go/transport/tcp_tls/tcp_tls.go:273.24,274.47 1 1
lvmsync_go/transport/tcp_tls/tcp_tls.go:274.47,276.4 1 0
lvmsync_go/transport/tcp_tls/tcp_tls.go:277.3,277.56 1 1
lvmsync_go/transport/tcp_tls/tcp_tls.go:277.56,280.4 2 1
lvmsync_go/transport/tcp_tls/tcp_tls.go:281.3,283.47 2 1
lvmsync_go/transport/tcp_tls/tcp_tls.go:283.47,285.4 1 0
lvmsync_go/transport/tcp_tls/tcp_tls.go:286.3,288.17 3 1
lvmsync_go/transport/tcp_tls/tcp_tls.go:288.17,290.4 1 1
lvmsync_go/transport/tcp_tls/tcp_tls.go:291.3,292.60 2 1
lvmsync_go/transport/tcp_tls/tcp_tls.go:292.60,294.4 1 0
lvmsync_go/transport/tcp_tls/tcp_tls.go:295.3,295.19 1 1
lvmsync_go/transport/tcp_tls/tcp_tls.go:296.24,297.47 1 1
lvmsync_go/transport/tcp_tls/tcp_tls.go:297.47,299.4 1 0
lvmsync_go/transport/tcp_tls/tcp_tls.go:300.3,302.17 3 1
lvmsync_go/transport/tcp_tls/tcp_tls.go:302.17,304.4 1 0
lvmsync_go/transport/tcp_tls/tcp_tls.go:305.3,306.60 2 1
lvmsync_go/transport/tcp_tls/tcp_tls.go:306.60,308.4 1 1
lvmsync_go/transport/tcp_tls/tcp_tls.go:309.3,309.47 1 1
lvmsync_go/transport/tcp_tls/tcp_tls.go:309.47,311.4 1 0
lvmsync_go/transport/tcp_tls/tcp_tls.go:312.3,312.56 1 1
lvmsync_go/transport/tcp_tls/tcp_tls.go:312.56,315.4 2 0
lvmsync_go/transport/tcp_tls/tcp_tls.go:316.3,317.19 2 1
lvmsync_go/transport/tcp_tls/tcp_tls.go:318.10,319.51 1 1
lvmsync_go/transport/tcp_tls/tcp_tls.go:323.60,324.34 1 1
lvmsync_go/transport/tcp_tls/tcp_tls.go:324.34,326.3 1 1
lvmsync_go/transport/tcp_tls/tcp_tls.go:327.2,327.12 1 1
lvmsync_go/transport/tcp_tls/tcp_tls.go:330.55,331.54 1 1
lvmsync_go/transport/tcp_tls/tcp_tls.go:331.54,333.3 1 1
lvmsync_go/transport/h2/h2.go:55.61,56.23 1 1
lvmsync_go/transport/h2/h2.go:56.23,58.3 1 1
lvmsync_go/transport/h2/h2.go:59.2,59.44 1 1
lvmsync_go/transport/h2/h2.go:59.44,61.3 1 1
lvmsync_go/transport/h2/h2.go:62.2,62.64 1 1
lvmsync_go/transport/h2/h2.go:62.64,64.3 1 1
lvmsync_go/transport/h2/h2.go:65.2,65.64 1 1
lvmsync_go/transport/h2/h2.go:65.64,67.3 1 1
lvmsync_go/transport/h2/h2.go:68.2,69.23 2 1
lvmsync_go/transport/h2/h2.go:69.23,72.3 2 1
lvmsync_go/transport/h2/h2.go:73.2,81.42 2 1
lvmsync_go/transport/h2/h2.go:81.42,83.3 1 1
lvmsync_go/transport/h2/h2.go:84.2,92.42 2 1
lvmsync_go/transport/h2/h2.go:92.42,94.3 1 1
lvmsync_go/transport/h2/h2.go:95.2,99.44 1 1
lvmsync_go/transport/h2/h2.go:99.44,99.84 1 1
lvmsync_go/transport/h2/h2.go:103.13,104.87 1 1
lvmsync_go/transport/h2/h2.go:104.87,106.17 2 0
lvmsync_go/transport/h2/h2.go:106.17,108.4 1 0
lvmsync_go/transport/h2/h2.go:109.3,109.16 1 0
lvmsync_go/transport/h2/h2.go:109.16,111.4 1 0
lvmsync_go/transport/h2/h2.go:112.3,112.17 1 0
lvmsync_go/transport/h2/h2.go:116.35,116.50 1 0
lvmsync_go/transport/h2/h2.go:118.108,127.34 5 1
lvmsync_go/transport/h2/h2.go:127.34,129.3 1 1
lvmsync_go/transport/h2/h2.go:129.8,133.35 4 1
lvmsync_go/transport/h2/h2.go:133.35,135.4 1 1
lvmsync_go/transport/h2/h2.go:137.2,143.16 3 1
lvmsync_go/transport/h2/h2.go:143.16,147.3 3 1
lvmsync_go/transport/h2/h2.go:148.2,150.18 3 1
lvmsync_go/transport/h2/h2.go:153.105,154.34 1 1
lvmsync_go/transport/h2/h2.go:154.34,156.3 1 1
lvmsync_go/transport/h2/h2.go:157.2,167.36 6 1
lvmsync_go/transport/h2/h2.go:167.36,168.48 1 1
lvmsync_go/transport/h2/h2.go:168.48,170.4 1 0
lvmsync_go/transport/h2/h2.go:171.3,172.35 2 1
lvmsync_go/transport/h2/h2.go:172.35,174.4 1 0
lvmsync_go/transport/h2/h2.go:175.3,175.14 1 1
lvmsync_go/transport/h2/h2.go:178.2,178.28 1 1
lvmsync_go/transport/h2/h2.go:178.28,181.3 2 1
lvmsync_go/transport/h2/h2.go:181.17,190.3 3 0
lvmsync_go/transport/h2/h2.go:191.2,191.28 1 1
lvmsync_go/transport/h2/h2.go:191.28,191.57 1 1
lvmsync_go/transport/h2/h2.go:191.71,200.3 3 0
lvmsync_go/transport/h2/h2.go:201.2,202.28 2 1
lvmsync_go/transport/h2/h2.go:202.28,206.3 3 1
lvmsync_go/transport/h2/h2.go:206.17,215.3 3 1
lvmsync_go/transport/h2/h2.go:215.8,215.51 1 1
lvmsync_go/transport/h2/h2.go:215.51,225.3 4 0
lvmsync_go/transport/h2/h2.go:226.2,226.28 1 1
lvmsync_go/transport/h2/h2.go:226.28,226.60 1 1
lvmsync_go/transport/h2/h2.go:226.74,235.3 3 0
lvmsync_go/transport/h2/h2.go:236.2,236.28 1 1
lvmsync_go/transport/h2/h2.go:236.28,240.3 3 1
lvmsync_go/transport/h2/h2.go:240.17,249.3 3 0
lvmsync_go/transport/h2/h2.go:249.8,249.67 1 1
lvmsync_go/transport/h2/h2.go:249.67,259.3 4 0
lvmsync_go/transport/h2/h2.go:260.2,266.16 3 1
lvmsync_go/transport/h2/h2.go:269.111,275.16 2 1
lvmsync_go/transport/h2/h2.go:275.16,279.3 3 1
lvmsync_go/transport/h2/h2.go:280.2,280.36 1 1
lvmsync_go/transport/h2/h2.go:284.81,293.16 5 1
lvmsync_go/transport/h2/h2.go:293.16,296.3 2 1
lvmsync_go/transport/h2/h2.go:297.2,298.16 2 1
lvmsync_go/transport/h2/h2.go:298.16,302.3 3 0
lvmsync_go/transport/h2/h2.go:303.2,304.46 2 1
lvmsync_go/transport/h2/h2.go:304.46,308.3 3 1
lvmsync_go/transport/h2/h2.go:309.2,314.8 1 1
lvmsync_go/transport/h2/h2.go:318.87,327.16 5 1
lvmsync_go/transport/h2/h2.go:327.16,329.3 1 1
lvmsync_go/transport/h2/h2.go:330.2,336.16 2 1
lvmsync_go/transport/h2/h2.go:336.16,339.3 2 0
lvmsync_go/transport/h2/h2.go:340.2,346.41 3 1
lvmsync_go/transport/h2/h2.go:349.47,351.16 2 1
lvmsync_go/transport/h2/h2.go:351.16,353.3 1 0
lvmsync_go/transport/h2/h2.go:354.2,354.36 1 1
lvmsync_go/transport/h2/h2.go:354.36,355.46 1 1
lvmsync_go/transport/h2/h2.go:355.46,358.4 2 0
lvmsync_go/transport/h2/h2.go:360.2,361.9 2 1
lvmsync_go/transport/h2/h2.go:361.9,364.3 2 0
lvmsync_go/transport/h2/h2.go:365.2,365.44 1 1
lvmsync_go/transport/h2/h2.go:365.44,368.3 2 1
lvmsync_go/transport/h2/h2.go:369.2,371.57 3 1
lvmsync_go/transport/h2/h2.go:371.57,374.3 2 1
lvmsync_go/transport/h2/h2.go:375.2,375.44 1 1
lvmsync_go/transport/h2/h2.go:375.44,378.3 2 0
lvmsync_go/transport/h2/h2.go:379.2,379.42 1 1
lvmsync_go/transport/h2/h2.go:379.42,382.3 2 0
lvmsync_go/transport/h2/h2.go:382.8,382.51 1 1
lvmsync_go/transport/h2/h2.go:382.51,385.3 2 0
lvmsync_go/transport/h2/h2.go:386.2,386.43 1 1
lvmsync_go/transport/h2/h2.go:386.43,389.3 2 0
lvmsync_go/transport/h2/h2.go:390.2,390.46 1 1
lvmsync_go/transport/h2/h2.go:390.46,393.3 2 0
lvmsync_go/transport/h2/h2.go:394.2,394.42 1 1
lvmsync_go/transport/h2/h2.go:394.42,397.3 2 0
lvmsync_go/transport/h2/h2.go:397.8,397.67 1 1
lvmsync_go/transport/h2/h2.go:397.67,400.3 2 0
lvmsync_go/transport/h2/h2.go:401.2,401.54 1 1
lvmsync_go/transport/h2/h2.go:401.54,404.3 2 0
lvmsync_go/transport/h2/h2.go:405.2,410.8 1 1
lvmsync_go/transport/h2/h2.go:413.36,413.59 1 1
lvmsync_go/transport/h2/h2.go:414.36,414.58 1 1
lvmsync_go/transport/h2/h2.go:417.144,426.15 5 1
lvmsync_go/transport/h2/h2.go:426.15,432.17 2 1
lvmsync_go/transport/h2/h2.go:432.17,435.4 2 1
lvmsync_go/transport/h2/h2.go:435.9,456.4 2 1
lvmsync_go/transport/h2/h2.go:459.2,459.33 1 1
lvmsync_go/transport/h2/h2.go:459.33,462.73 3 1
lvmsync_go/transport/h2/h2.go:462.73,464.4 1 0
lvmsync_go/transport/h2/h2.go:465.3,465.91 1 1
lvmsync_go/transport/h2/h2.go:465.91,467.4 1 0
lvmsync_go/transport/h2/h2.go:468.3,469.36 2 1
lvmsync_go/transport/h2/h2.go:470.8,470.48 1 1
lvmsync_go/transport/h2/h2.go:470.48,474.73 4 0
lvmsync_go/transport/h2/h2.go:474.73,476.4 1 0
lvmsync_go/transport/h2/h2.go:477.3,477.91 1 0
lvmsync_go/transport/h2/h2.go:477.91,479.4 1 0
lvmsync_go/transport/h2/h2.go:480.3,481.36 2 0
lvmsync_go/transport/h2/h2.go:483.2,484.25 2 1
lvmsync_go/transport/h2/h2.go:484.25,486.3 1 1
lvmsync_go/transport/h2/h2.go:487.2,487.14 1 1
lvmsync_go/transport/h2/h2.go:488.24,489.47 1 1
lvmsync_go/transport/h2/h2.go:489.47,491.4 1 0
lvmsync_go/transport/h2/h2.go:492.3,492.56 1 1
lvmsync_go/transport/h2/h2.go:492.56,495.4 2 1
lvmsync_go/transport/h2/h2.go:496.3,498.47 2 1
lvmsync_go/transport/h2/h2.go:498.47,500.4 1 0
lvmsync_go/transport/h2/h2.go:501.3,503.17 3 1
lvmsync_go/transport/h2/h2.go:503.17,505.4 1 1
lvmsync_go/transport/h2/h2.go:506.3,507.60 2 1
lvmsync_go/transport/h2/h2.go:507.60,509.4 1 0
lvmsync_go/transport/h2/h2.go:510.3,510.19 1 1
lvmsync_go/transport/h2/h2.go:511.24,512.47 1 1
lvmsync_go/transport/h2/h2.go:512.47,514.4 1 0
lvmsync_go/transport/h2/h2.go:515.3,517.17 3 1
lvmsync_go/transport/h2/h2.go:517.17,519.4 1 0
lvmsync_go/transport/h2/h2.go:520.3,521.60 2 1
lvmsync_go/transport/h2/h2.go:521.60,523.4 1 1
lvmsync_go/transport/h2/h2.go:524.3,524.47 1 1
lvmsync_go/transport/h2/h2.go:524.47,526.4 1 0
lvmsync_go/transport/h2/h2.go:527.3,527.56 1 1
lvmsync_go/transport/h2/h2.go:527.56,530.4 2 0
lvmsync_go/transport/h2/h2.go:531.3,532.19 2 1
lvmsync_go/transport/h2/h2.go:533.10,534.19 1 0
lvmsync_go/transport/h2/h2.go:538.60,539.34 1 1
lvmsync_go/transport/h2/h2.go:539.34,541.3 1 1
lvmsync_go/transport/h2/h2.go:542.2,542.12 1 1
lvmsync_go/transport/h2/h2.go:545.35,547.2 1 1
lvmsync_go/transport/h2/h2.go:550.44,553.38 3 1
lvmsync_go/transport/h2/h2.go:553.38,555.3 1 0
lvmsync_go/transport/h2/h2.go:556.2,556.27 1 1
lvmsync_go/transport/h2/h2.go:556.27,558.17 2 1
lvmsync_go/transport/h2/h2.go:558.17,560.4 1 0
lvmsync_go/transport/h2/h2.go:561.3,562.48 2 1
lvmsync_go/transport/h2/h2.go:562.48,563.12 1 0
lvmsync_go/transport/h2/h2.go:565.3,566.23 2 1
lvmsync_go/transport/h2/h2.go:566.23,568.9 2 1
lvmsync_go/transport/h2/h2.go:571.2,571.26 1 1
lvmsync_go/transport/h2/h2.go:574.45,578.17 4 1
lvmsync_go/transport/h2/h2.go:578.17,580.23 2 1
lvmsync_go/transport/h2/h2.go:580.23,582.4 1 0
lvmsync_go/transport/h2/h2.go:583.3,583.66 1 1
lvmsync_go/transport/h2/h2.go:583.66,585.4 1 0
lvmsync_go/transport/h2/h2.go:586.3,587.12 2 1
lvmsync_go/transport/h2/h2.go:589.2,589.21 1 1
lvmsync_go/transport/h2/h2.go:592.30,598.2 5 1
lvmsync_go/transport/h2/h2.go:600.52,600.84 1 1
lvmsync_go/transport/h2/h2.go:601.52,601.88 1 0
lvmsync_go/transport/h2/h2.go:602.52,602.89 1 0
